Mplus VERSION 8.6
MUTHEN & MUTHEN
01/28/2022   2:29 PM

INPUT INSTRUCTIONS

  TITLE: STL Profile 5 - cross sectional LPA year 6
  DATA: FILE = STL6_new.dat;

  VARIABLE: NAMES ARE
    ID sex E_Asp F_Asp
    Score_S Score_M Score_F
    D_at_S D_ut_S D_in_S D_sc_S D_STV_S
    D_at_M D_ut_M D_in_M D_sc_M D_STV_M
    D_at_F D_ut_F D_in_F D_sc_F D_STV_F
    E_at_S E_ut_S E_in_S E_sc_S E_STV_S
    E_at_M E_ut_M E_in_M E_sc_M E_STV_M
    E_at_F E_ut_F E_in_F E_sc_F E_STV_F
    F_at_S F_ut_S F_in_S F_sc_S F_STV_S
    F_at_M F_ut_M F_in_M F_sc_M F_STV_M
    F_at_F F_ut_F F_in_F F_sc_F F_STV_F;

    USEVARIABLES ARE
    F_sc_S F_STV_S
    F_sc_M F_STV_M
    F_sc_F F_STV_F
    ;

    MISSING ARE ALL(-999);

    CLASSES = c(5);

  ANALYSIS:	

     	TYPE = MIXTURE;
    	ESTIMATOR=MLR;
    	processors = 4;
      STARTS = 200 50;
     	STITERATIONS=50;
     	LRTSTARTS = 200 50 200 50;

    MODEL:
  %OVERALL%

  %c#1%
    [F_sc_S F_STV_S
    F_sc_M F_STV_M
    F_sc_F F_STV_F]
    ;

  %c#2%
    [F_sc_S F_STV_S
    F_sc_M F_STV_M
    F_sc_F F_STV_F]
    ;

  %c#3%
    [F_sc_S F_STV_S
    F_sc_M F_STV_M
    F_sc_F F_STV_F]
    ;

  %c#4%
    [F_sc_S F_STV_S
    F_sc_M F_STV_M
    F_sc_F F_STV_F]
    ;

  %c#5%
    [F_sc_S F_STV_S
    F_sc_M F_STV_M
    F_sc_F F_STV_F]
    ;
  OUTPUT: TECH1 TECH11 TECH14 samp stdyx;



*** WARNING in MODEL command
  All variables are uncorrelated with all other variables within class.
  Check that this is what is intended.
*** WARNING
  Data set contains cases with missing on all variables.
  These cases were not included in the analysis.
  Number of cases with missing on all variables:  344
   2 WARNING(S) FOUND IN THE INPUT INSTRUCTIONS



STL Profile 5 - cross sectional LPA year 6

SUMMARY OF ANALYSIS

Number of groups                                                 1
Number of observations                                         356

Number of dependent variables                                    6
Number of independent variables                                  0
Number of continuous latent variables                            0
Number of categorical latent variables                           1

Observed dependent variables

  Continuous
   F_SC_S      F_STV_S     F_SC_M      F_STV_M     F_SC_F      F_STV_F

Categorical latent variables
   C


Estimator                                                      MLR
Information matrix                                        OBSERVED
Optimization Specifications for the Quasi-Newton Algorithm for
Continuous Outcomes
  Maximum number of iterations                                 100
  Convergence criterion                                  0.100D-05
Optimization Specifications for the EM Algorithm
  Maximum number of iterations                                 500
  Convergence criteria
    Loglikelihood change                                 0.100D-06
    Relative loglikelihood change                        0.100D-06
    Derivative                                           0.100D-05
Optimization Specifications for the M step of the EM Algorithm for
Categorical Latent variables
  Number of M step iterations                                    1
  M step convergence criterion                           0.100D-05
  Basis for M step termination                           ITERATION
Optimization Specifications for the M step of the EM Algorithm for
Censored, Binary or Ordered Categorical (Ordinal), Unordered
Categorical (Nominal) and Count Outcomes
  Number of M step iterations                                    1
  M step convergence criterion                           0.100D-05
  Basis for M step termination                           ITERATION
  Maximum value for logit thresholds                            15
  Minimum value for logit thresholds                           -15
  Minimum expected cell size for chi-square              0.100D-01
Maximum number of iterations for H1                           2000
Convergence criterion for H1                             0.100D-03
Optimization algorithm                                         EMA
Random Starts Specifications
  Number of initial stage random starts                        200
  Number of final stage optimizations                           50
  Number of initial stage iterations                            50
  Initial stage convergence criterion                    0.100D+01
  Random starts scale                                    0.500D+01
  Random seed for generating random starts                       0

Input data file(s)
  STL6_new.dat
Input data format  FREE


SUMMARY OF DATA

     Number of missing data patterns             1
     Number of y missing data patterns           1
     Number of u missing data patterns           0


COVARIANCE COVERAGE OF DATA

Minimum covariance coverage value   0.100


     PROPORTION OF DATA PRESENT FOR Y


           Covariance Coverage
              F_SC_S        F_STV_S       F_SC_M        F_STV_M       F_SC_F
              ________      ________      ________      ________      ________
 F_SC_S         1.000
 F_STV_S        1.000         1.000
 F_SC_M         1.000         1.000         1.000
 F_STV_M        1.000         1.000         1.000         1.000
 F_SC_F         1.000         1.000         1.000         1.000         1.000
 F_STV_F        1.000         1.000         1.000         1.000         1.000


           Covariance Coverage
              F_STV_F
              ________
 F_STV_F        1.000


SAMPLE STATISTICS


     ESTIMATED SAMPLE STATISTICS


           Means
              F_SC_S        F_STV_S       F_SC_M        F_STV_M       F_SC_F
              ________      ________      ________      ________      ________
                3.734         3.484         3.755         3.747         3.561


           Means
              F_STV_F
              ________
                3.422


           Covariances
              F_SC_S        F_STV_S       F_SC_M        F_STV_M       F_SC_F
              ________      ________      ________      ________      ________
 F_SC_S         0.665
 F_STV_S        0.404         0.782
 F_SC_M         0.261         0.181         0.950
 F_STV_M        0.141         0.369         0.524         0.746
 F_SC_F         0.344         0.170         0.290         0.134         0.785
 F_STV_F        0.072         0.326         0.170         0.396         0.399


           Covariances
              F_STV_F
              ________
 F_STV_F        0.863


           Correlations
              F_SC_S        F_STV_S       F_SC_M        F_STV_M       F_SC_F
              ________      ________      ________      ________      ________
 F_SC_S         1.000
 F_STV_S        0.560         1.000
 F_SC_M         0.328         0.210         1.000
 F_STV_M        0.200         0.483         0.622         1.000
 F_SC_F         0.476         0.217         0.336         0.174         1.000
 F_STV_F        0.095         0.397         0.188         0.494         0.485


           Correlations
              F_STV_F
              ________
 F_STV_F        1.000


     MAXIMUM LOG-LIKELIHOOD VALUE FOR THE UNRESTRICTED (H1) MODEL IS -2344.144


UNIVARIATE SAMPLE STATISTICS


     UNIVARIATE HIGHER-ORDER MOMENT DESCRIPTIVE STATISTICS

         Variable/         Mean/     Skewness/   Minimum/ % with                Percentiles
        Sample Size      Variance    Kurtosis    Maximum  Min/Max      20%/60%    40%/80%    Median

     F_SC_S                3.734      -0.621       1.000    0.56%       3.000      3.667      4.000
             356.000       0.665       0.430       5.000    8.99%       4.000      4.333
     F_STV_S               3.484      -0.314       1.000    0.28%       2.667      3.333      3.556
             356.000       0.782      -0.410       5.000    3.09%       3.778      4.222
     F_SC_M                3.755      -0.606       1.000    0.84%       3.000      3.667      4.000
             356.000       0.950      -0.261       5.000   17.98%       4.000      4.667
     F_STV_M               3.747      -0.600       1.000    0.56%       3.000      3.556      3.778
             356.000       0.746      -0.091       5.000    5.62%       4.111      4.556
     F_SC_F                3.561      -0.357       1.000    0.56%       2.667      3.333      3.667
             356.000       0.785      -0.257       5.000    8.71%       4.000      4.333
     F_STV_F               3.422      -0.317       1.000    0.28%       2.556      3.222      3.444
             356.000       0.863      -0.542       5.000    3.93%       3.778      4.333

RANDOM STARTS RESULTS RANKED FROM THE BEST TO THE WORST LOGLIKELIHOOD VALUES

Final stage loglikelihood values at local maxima, seeds, and initial stage start numbers:

           -2490.808  131856           90
           -2490.808  458181           189
           -2490.808  569131           26
           -2490.808  726035           191
           -2490.808  576596           99
           -2490.808  422103           62
           -2490.808  192071           142
           -2490.808  373505           88
           -2490.808  913639           162
           -2490.808  407168           44
           -2490.808  685657           69
           -2490.808  318230           46
           -2490.808  606576           151
           -2490.858  960438           116
           -2490.858  987090           70
           -2490.858  370466           41
           -2490.957  860772           174
           -2490.957  992389           77
           -2490.957  728038           177
           -2490.957  164305           128
           -2490.957  902278           21
           -2491.067  575700           100
           -2491.067  741888           138
           -2491.067  526324           178
           -2491.067  232559           136
           -2491.067  789985           67
           -2491.067  68985            17
           -2495.598  535804           111
           -2495.598  751153           110
           -2495.598  259507           53

20 perturbed starting value run(s) did not converge or were rejected in the third stage.



THE BEST LOGLIKELIHOOD VALUE HAS BEEN REPLICATED.  RERUN WITH AT LEAST TWICE THE
RANDOM STARTS TO CHECK THAT THE BEST LOGLIKELIHOOD IS STILL OBTAINED AND REPLICATED.


THE MODEL ESTIMATION TERMINATED NORMALLY



MODEL FIT INFORMATION

Number of Free Parameters                       40

Loglikelihood

          H0 Value                       -2490.808
          H0 Scaling Correction Factor      1.3415
            for MLR

Information Criteria

          Akaike (AIC)                    5061.616
          Bayesian (BIC)                  5216.614
          Sample-Size Adjusted BIC        5089.715
            (n* = (n + 2) / 24)



FINAL CLASS COUNTS AND PROPORTIONS FOR THE LATENT CLASSES
BASED ON THE ESTIMATED MODEL

    Latent
   Classes

       1        120.67794          0.33898
       2         70.54429          0.19816
       3         27.65486          0.07768
       4         22.61339          0.06352
       5        114.50952          0.32166


FINAL CLASS COUNTS AND PROPORTIONS FOR THE LATENT CLASSES
BASED ON ESTIMATED POSTERIOR PROBABILITIES

    Latent
   Classes

       1        120.67794          0.33898
       2         70.54429          0.19816
       3         27.65486          0.07768
       4         22.61339          0.06352
       5        114.50952          0.32166


FINAL CLASS COUNTS AND PROPORTIONS FOR THE LATENT CLASSES
BASED ON THEIR MOST LIKELY LATENT CLASS MEMBERSHIP

Class Counts and Proportions

    Latent
   Classes

       1              125          0.35112
       2               65          0.18258
       3               28          0.07865
       4               19          0.05337
       5              119          0.33427


CLASSIFICATION QUALITY

     Entropy                         0.782


Average Latent Class Probabilities for Most Likely Latent Class Membership (Row)
by Latent Class (Column)

           1        2        3        4        5

    1   0.822    0.081    0.016    0.023    0.058
    2   0.084    0.877    0.019    0.013    0.008
    3   0.057    0.069    0.873    0.000    0.000
    4   0.077    0.033    0.000    0.846    0.044
    5   0.079    0.008    0.000    0.023    0.890


Classification Probabilities for the Most Likely Latent Class Membership (Column)
by Latent Class (Row)

           1        2        3        4        5

    1   0.852    0.045    0.013    0.012    0.078
    2   0.143    0.808    0.028    0.009    0.013
    3   0.071    0.044    0.884    0.000    0.000
    4   0.128    0.037    0.000    0.711    0.124
    5   0.063    0.005    0.000    0.007    0.925


Logits for the Classification Probabilities for the Most Likely Latent Class Membership (Column)
by Latent Class (Row)

              1        2        3        4        5

    1      2.390   -0.550   -1.771   -1.867    0.000
    2      2.423    4.153    0.775   -0.349    0.000
    3     11.176   10.698   13.693    4.038    0.000
    4      0.037   -1.193   -7.389    1.749    0.000
    5     -2.681   -5.320  -13.737   -4.832    0.000


MODEL RESULTS

                                                    Two-Tailed
                    Estimate       S.E.  Est./S.E.    P-Value

Latent Class 1

 Means
    F_SC_S             3.312      0.179     18.509      0.000
    F_STV_S            3.156      0.109     28.928      0.000
    F_SC_M             3.832      0.120     32.066      0.000
    F_STV_M            3.877      0.109     35.581      0.000
    F_SC_F             3.379      0.131     25.837      0.000
    F_STV_F            3.477      0.129     27.060      0.000

 Variances
    F_SC_S             0.307      0.034      8.920      0.000
    F_STV_S            0.433      0.043     10.002      0.000
    F_SC_M             0.562      0.077      7.315      0.000
    F_STV_M            0.303      0.032      9.358      0.000
    F_SC_F             0.444      0.048      9.281      0.000
    F_STV_F            0.557      0.064      8.672      0.000

Latent Class 2

 Means
    F_SC_S             3.888      0.114     34.043      0.000
    F_STV_S            3.123      0.145     21.500      0.000
    F_SC_M             2.917      0.273     10.689      0.000
    F_STV_M            2.688      0.182     14.754      0.000
    F_SC_F             3.704      0.126     29.504      0.000
    F_STV_F            2.899      0.189     15.369      0.000

 Variances
    F_SC_S             0.307      0.034      8.920      0.000
    F_STV_S            0.433      0.043     10.002      0.000
    F_SC_M             0.562      0.077      7.315      0.000
    F_STV_M            0.303      0.032      9.358      0.000
    F_SC_F             0.444      0.048      9.281      0.000
    F_STV_F            0.557      0.064      8.672      0.000

Latent Class 3

 Means
    F_SC_S             2.289      0.226     10.115      0.000
    F_STV_S            2.366      0.206     11.478      0.000
    F_SC_M             2.631      0.298      8.834      0.000
    F_STV_M            2.850      0.320      8.898      0.000
    F_SC_F             2.274      0.233      9.775      0.000
    F_STV_F            2.647      0.237     11.149      0.000

 Variances
    F_SC_S             0.307      0.034      8.920      0.000
    F_STV_S            0.433      0.043     10.002      0.000
    F_SC_M             0.562      0.077      7.315      0.000
    F_STV_M            0.303      0.032      9.358      0.000
    F_SC_F             0.444      0.048      9.281      0.000
    F_STV_F            0.557      0.064      8.672      0.000

Latent Class 4

 Means
    F_SC_S             4.352      0.172     25.327      0.000
    F_STV_S            4.136      0.187     22.110      0.000
    F_SC_M             3.914      0.211     18.595      0.000
    F_STV_M            4.010      0.180     22.285      0.000
    F_SC_F             2.498      0.342      7.294      0.000
    F_STV_F            2.397      0.282      8.503      0.000

 Variances
    F_SC_S             0.307      0.034      8.920      0.000
    F_STV_S            0.433      0.043     10.002      0.000
    F_SC_M             0.562      0.077      7.315      0.000
    F_STV_M            0.303      0.032      9.358      0.000
    F_SC_F             0.444      0.048      9.281      0.000
    F_STV_F            0.557      0.064      8.672      0.000

Latent Class 5

 Means
    F_SC_S             4.309      0.069     62.012      0.000
    F_STV_S            4.194      0.095     44.287      0.000
    F_SC_M             4.430      0.069     64.005      0.000
    F_STV_M            4.426      0.069     64.509      0.000
    F_SC_F             4.185      0.084     49.899      0.000
    F_STV_F            4.074      0.103     39.526      0.000

 Variances
    F_SC_S             0.307      0.034      8.920      0.000
    F_STV_S            0.433      0.043     10.002      0.000
    F_SC_M             0.562      0.077      7.315      0.000
    F_STV_M            0.303      0.032      9.358      0.000
    F_SC_F             0.444      0.048      9.281      0.000
    F_STV_F            0.557      0.064      8.672      0.000

Categorical Latent Variables

 Means
    C#1                0.052      0.315      0.166      0.868
    C#2               -0.484      0.276     -1.756      0.079
    C#3               -1.421      0.361     -3.934      0.000
    C#4               -1.622      0.495     -3.276      0.001


QUALITY OF NUMERICAL RESULTS

     Condition Number for the Information Matrix              0.275E-02
       (ratio of smallest to largest eigenvalue)


STANDARDIZED MODEL RESULTS


STDYX Standardization

                                                    Two-Tailed
                    Estimate       S.E.  Est./S.E.    P-Value

Latent Class 1

 Means
    F_SC_S             5.978      0.455     13.150      0.000
    F_STV_S            4.795      0.312     15.387      0.000
    F_SC_M             5.111      0.434     11.764      0.000
    F_STV_M            7.047      0.453     15.548      0.000
    F_SC_F             5.069      0.281     18.026      0.000
    F_STV_F            4.657      0.370     12.591      0.000

 Variances
    F_SC_S             1.000      0.000    999.000    999.000
    F_STV_S            1.000      0.000    999.000    999.000
    F_SC_M             1.000      0.000    999.000    999.000
    F_STV_M            1.000      0.000    999.000    999.000
    F_SC_F             1.000      0.000    999.000    999.000
    F_STV_F            1.000      0.000    999.000    999.000

Latent Class 2

 Means
    F_SC_S             7.017      0.486     14.434      0.000
    F_STV_S            4.746      0.324     14.637      0.000
    F_SC_M             3.891      0.301     12.928      0.000
    F_STV_M            4.886      0.473     10.332      0.000
    F_SC_F             5.557      0.373     14.882      0.000
    F_STV_F            3.883      0.262     14.799      0.000

 Variances
    F_SC_S             1.000      0.000    999.000    999.000
    F_STV_S            1.000      0.000    999.000    999.000
    F_SC_M             1.000      0.000    999.000    999.000
    F_STV_M            1.000      0.000    999.000    999.000
    F_SC_F             1.000      0.000    999.000    999.000
    F_STV_F            1.000      0.000    999.000    999.000

Latent Class 3

 Means
    F_SC_S             4.132      0.462      8.936      0.000
    F_STV_S            3.594      0.327     10.982      0.000
    F_SC_M             3.508      0.395      8.886      0.000
    F_STV_M            5.180      0.599      8.641      0.000
    F_SC_F             3.412      0.375      9.100      0.000
    F_STV_F            3.546      0.373      9.500      0.000

 Variances
    F_SC_S             1.000      0.000    999.000    999.000
    F_STV_S            1.000      0.000    999.000    999.000
    F_SC_M             1.000      0.000    999.000    999.000
    F_STV_M            1.000      0.000    999.000    999.000
    F_SC_F             1.000      0.000    999.000    999.000
    F_STV_F            1.000      0.000    999.000    999.000

Latent Class 4

 Means
    F_SC_S             7.854      0.514     15.291      0.000
    F_STV_S            6.285      0.456     13.777      0.000
    F_SC_M             5.220      0.422     12.373      0.000
    F_STV_M            7.290      0.516     14.118      0.000
    F_SC_F             3.747      0.499      7.514      0.000
    F_STV_F            3.210      0.434      7.393      0.000

 Variances
    F_SC_S             1.000      0.000    999.000    999.000
    F_STV_S            1.000      0.000    999.000    999.000
    F_SC_M             1.000      0.000    999.000    999.000
    F_STV_M            1.000      0.000    999.000    999.000
    F_SC_F             1.000      0.000    999.000    999.000
    F_STV_F            1.000      0.000    999.000    999.000

Latent Class 5

 Means
    F_SC_S             7.777      0.480     16.203      0.000
    F_STV_S            6.373      0.401     15.884      0.000
    F_SC_M             5.908      0.448     13.182      0.000
    F_STV_M            8.046      0.488     16.483      0.000
    F_SC_F             6.277      0.394     15.942      0.000
    F_STV_F            5.457      0.404     13.504      0.000

 Variances
    F_SC_S             1.000      0.000    999.000    999.000
    F_STV_S            1.000      0.000    999.000    999.000
    F_SC_M             1.000      0.000    999.000    999.000
    F_STV_M            1.000      0.000    999.000    999.000
    F_SC_F             1.000      0.000    999.000    999.000
    F_STV_F            1.000      0.000    999.000    999.000


R-SQUARE

Class 1

Class 2

Class 3

Class 4

Class 5


TECHNICAL 1 OUTPUT


     PARAMETER SPECIFICATION FOR LATENT CLASS 1


           NU
              F_SC_S        F_STV_S       F_SC_M        F_STV_M       F_SC_F
              ________      ________      ________      ________      ________
                    1             2             3             4             5


           NU
              F_STV_F
              ________
                    6


           THETA
              F_SC_S        F_STV_S       F_SC_M        F_STV_M       F_SC_F
              ________      ________      ________      ________      ________
 F_SC_S             7
 F_STV_S            0             8
 F_SC_M             0             0             9
 F_STV_M            0             0             0            10
 F_SC_F             0             0             0             0            11
 F_STV_F            0             0             0             0             0


           THETA
              F_STV_F
              ________
 F_STV_F           12


     PARAMETER SPECIFICATION FOR LATENT CLASS 2


           NU
              F_SC_S        F_STV_S       F_SC_M        F_STV_M       F_SC_F
              ________      ________      ________      ________      ________
                   13            14            15            16            17


           NU
              F_STV_F
              ________
                   18


           THETA
              F_SC_S        F_STV_S       F_SC_M        F_STV_M       F_SC_F
              ________      ________      ________      ________      ________
 F_SC_S             7
 F_STV_S            0             8
 F_SC_M             0             0             9
 F_STV_M            0             0             0            10
 F_SC_F             0             0             0             0            11
 F_STV_F            0             0             0             0             0


           THETA
              F_STV_F
              ________
 F_STV_F           12


     PARAMETER SPECIFICATION FOR LATENT CLASS 3


           NU
              F_SC_S        F_STV_S       F_SC_M        F_STV_M       F_SC_F
              ________      ________      ________      ________      ________
                   19            20            21            22            23


           NU
              F_STV_F
              ________
                   24


           THETA
              F_SC_S        F_STV_S       F_SC_M        F_STV_M       F_SC_F
              ________      ________      ________      ________      ________
 F_SC_S             7
 F_STV_S            0             8
 F_SC_M             0             0             9
 F_STV_M            0             0             0            10
 F_SC_F             0             0             0             0            11
 F_STV_F            0             0             0             0             0


           THETA
              F_STV_F
              ________
 F_STV_F           12


     PARAMETER SPECIFICATION FOR LATENT CLASS 4


           NU
              F_SC_S        F_STV_S       F_SC_M        F_STV_M       F_SC_F
              ________      ________      ________      ________      ________
                   25            26            27            28            29


           NU
              F_STV_F
              ________
                   30


           THETA
              F_SC_S        F_STV_S       F_SC_M        F_STV_M       F_SC_F
              ________      ________      ________      ________      ________
 F_SC_S             7
 F_STV_S            0             8
 F_SC_M             0             0             9
 F_STV_M            0             0             0            10
 F_SC_F             0             0             0             0            11
 F_STV_F            0             0             0             0             0


           THETA
              F_STV_F
              ________
 F_STV_F           12


     PARAMETER SPECIFICATION FOR LATENT CLASS 5


           NU
              F_SC_S        F_STV_S       F_SC_M        F_STV_M       F_SC_F
              ________      ________      ________      ________      ________
                   31            32            33            34            35


           NU
              F_STV_F
              ________
                   36


           THETA
              F_SC_S        F_STV_S       F_SC_M        F_STV_M       F_SC_F
              ________      ________      ________      ________      ________
 F_SC_S             7
 F_STV_S            0             8
 F_SC_M             0             0             9
 F_STV_M            0             0             0            10
 F_SC_F             0             0             0             0            11
 F_STV_F            0             0             0             0             0


           THETA
              F_STV_F
              ________
 F_STV_F           12


     PARAMETER SPECIFICATION FOR LATENT CLASS REGRESSION MODEL PART


           ALPHA(C)
              C#1           C#2           C#3           C#4           C#5
              ________      ________      ________      ________      ________
                   37            38            39            40             0


     STARTING VALUES FOR LATENT CLASS 1


           NU
              F_SC_S        F_STV_S       F_SC_M        F_STV_M       F_SC_F
              ________      ________      ________      ________      ________
                2.103         1.716         1.806         2.019         1.789


           NU
              F_STV_F
              ________
                1.564


           THETA
              F_SC_S        F_STV_S       F_SC_M        F_STV_M       F_SC_F
              ________      ________      ________      ________      ________
 F_SC_S         0.332
 F_STV_S        0.000         0.391
 F_SC_M         0.000         0.000         0.475
 F_STV_M        0.000         0.000         0.000         0.373
 F_SC_F         0.000         0.000         0.000         0.000         0.393
 F_STV_F        0.000         0.000         0.000         0.000         0.000


           THETA
              F_STV_F
              ________
 F_STV_F        0.431


     STARTING VALUES FOR LATENT CLASS 2


           NU
              F_SC_S        F_STV_S       F_SC_M        F_STV_M       F_SC_F
              ________      ________      ________      ________      ________
                2.918         2.600         2.781         2.883         2.675


           NU
              F_STV_F
              ________
                2.493


           THETA
              F_SC_S        F_STV_S       F_SC_M        F_STV_M       F_SC_F
              ________      ________      ________      ________      ________
 F_SC_S         0.332
 F_STV_S        0.000         0.391
 F_SC_M         0.000         0.000         0.475
 F_STV_M        0.000         0.000         0.000         0.373
 F_SC_F         0.000         0.000         0.000         0.000         0.393
 F_STV_F        0.000         0.000         0.000         0.000         0.000


           THETA
              F_STV_F
              ________
 F_STV_F        0.431


     STARTING VALUES FOR LATENT CLASS 3


           NU
              F_SC_S        F_STV_S       F_SC_M        F_STV_M       F_SC_F
              ________      ________      ________      ________      ________
                3.734         3.484         3.755         3.747         3.561


           NU
              F_STV_F
              ________
                3.422


           THETA
              F_SC_S        F_STV_S       F_SC_M        F_STV_M       F_SC_F
              ________      ________      ________      ________      ________
 F_SC_S         0.332
 F_STV_S        0.000         0.391
 F_SC_M         0.000         0.000         0.475
 F_STV_M        0.000         0.000         0.000         0.373
 F_SC_F         0.000         0.000         0.000         0.000         0.393
 F_STV_F        0.000         0.000         0.000         0.000         0.000


           THETA
              F_STV_F
              ________
 F_STV_F        0.431


     STARTING VALUES FOR LATENT CLASS 4


           NU
              F_SC_S        F_STV_S       F_SC_M        F_STV_M       F_SC_F
              ________      ________      ________      ________      ________
                4.549         4.369         4.730         4.610         4.447


           NU
              F_STV_F
              ________
                4.351


           THETA
              F_SC_S        F_STV_S       F_SC_M        F_STV_M       F_SC_F
              ________      ________      ________      ________      ________
 F_SC_S         0.332
 F_STV_S        0.000         0.391
 F_SC_M         0.000         0.000         0.475
 F_STV_M        0.000         0.000         0.000         0.373
 F_SC_F         0.000         0.000         0.000         0.000         0.393
 F_STV_F        0.000         0.000         0.000         0.000         0.000


           THETA
              F_STV_F
              ________
 F_STV_F        0.431


     STARTING VALUES FOR LATENT CLASS 5


           NU
              F_SC_S        F_STV_S       F_SC_M        F_STV_M       F_SC_F
              ________      ________      ________      ________      ________
                5.364         5.253         5.704         5.474         5.333


           NU
              F_STV_F
              ________
                5.279


           THETA
              F_SC_S        F_STV_S       F_SC_M        F_STV_M       F_SC_F
              ________      ________      ________      ________      ________
 F_SC_S         0.332
 F_STV_S        0.000         0.391
 F_SC_M         0.000         0.000         0.475
 F_STV_M        0.000         0.000         0.000         0.373
 F_SC_F         0.000         0.000         0.000         0.000         0.393
 F_STV_F        0.000         0.000         0.000         0.000         0.000


           THETA
              F_STV_F
              ________
 F_STV_F        0.431


     STARTING VALUES FOR LATENT CLASS REGRESSION MODEL PART


           ALPHA(C)
              C#1           C#2           C#3           C#4           C#5
              ________      ________      ________      ________      ________
                0.000         0.000         0.000         0.000         0.000


TECHNICAL 11 OUTPUT

     Random Starts Specifications for the k-1 Class Analysis Model
        Number of initial stage random starts                 200
        Number of final stage optimizations                    50



     VUONG-LO-MENDELL-RUBIN LIKELIHOOD RATIO TEST FOR 4 (H0) VERSUS 5 CLASSES

          H0 Loglikelihood Value                        -2519.331
          2 Times the Loglikelihood Difference             57.046
          Difference in the Number of Parameters                7
          Mean                                            -27.257
          Standard Deviation                               78.094
          P-Value                                          0.0701

     LO-MENDELL-RUBIN ADJUSTED LRT TEST

          Value                                            55.692
          P-Value                                          0.0733


TECHNICAL 14 OUTPUT

     Random Starts Specifications for the k-1 Class Analysis Model
        Number of initial stage random starts                 200
        Number of final stage optimizations                    50

     Random Starts Specification for the k-1 Class Model for Generated Data
        Number of initial stage random starts                 200
        Number of final stage optimizations                    50
     Random Starts Specification for the k Class Model for Generated Data
        Number of initial stage random starts                 200
        Number of final stage optimizations                    50
     Number of bootstrap draws requested                   Varies


     PARAMETRIC BOOTSTRAPPED LIKELIHOOD RATIO TEST FOR 4 (H0) VERSUS 5 CLASSES

          H0 Loglikelihood Value                        -2519.331
          2 Times the Loglikelihood Difference             57.046
          Difference in the Number of Parameters                7
          Approximate P-Value                              0.0000
          Successful Bootstrap Draws                           10


DIAGRAM INFORMATION

  Mplus diagrams are currently not available for Mixture analysis.
  No diagram output was produced.


     Beginning Time:  14:29:32
        Ending Time:  14:30:49
       Elapsed Time:  00:01:17



MUTHEN & MUTHEN
3463 Stoner Ave.
Los Angeles, CA  90066

Tel: (310) 391-9971
Fax: (310) 391-8971
Web: www.StatModel.com
Support: Support@StatModel.com

Copyright (c) 1998-2021 Muthen & Muthen
