Mplus VERSION 8.6
MUTHEN & MUTHEN
01/28/2022   2:31 PM

INPUT INSTRUCTIONS

  TITLE: STL Profile 6 - cross sectional LPA year 6
  DATA: FILE = STL6_new.dat;

  VARIABLE: NAMES ARE
    ID sex E_Asp F_Asp
    Score_S Score_M Score_F
    D_at_S D_ut_S D_in_S D_sc_S D_STV_S
    D_at_M D_ut_M D_in_M D_sc_M D_STV_M
    D_at_F D_ut_F D_in_F D_sc_F D_STV_F
    E_at_S E_ut_S E_in_S E_sc_S E_STV_S
    E_at_M E_ut_M E_in_M E_sc_M E_STV_M
    E_at_F E_ut_F E_in_F E_sc_F E_STV_F
    F_at_S F_ut_S F_in_S F_sc_S F_STV_S
    F_at_M F_ut_M F_in_M F_sc_M F_STV_M
    F_at_F F_ut_F F_in_F F_sc_F F_STV_F;

    USEVARIABLES ARE
    F_sc_S F_STV_S
    F_sc_M F_STV_M
    F_sc_F F_STV_F
    ;

    MISSING ARE ALL(-999);

    CLASSES = c(6);

  ANALYSIS:	

     	TYPE = MIXTURE;
    	ESTIMATOR=MLR;
    	processors = 4;
      STARTS = 200 50;
     	STITERATIONS=50;
     	LRTSTARTS = 200 50 200 50;

    MODEL:
  %OVERALL%

  %c#1%
    [F_sc_S F_STV_S
    F_sc_M F_STV_M
    F_sc_F F_STV_F]
    ;

  %c#2%
    [F_sc_S F_STV_S
    F_sc_M F_STV_M
    F_sc_F F_STV_F]
    ;

  %c#3%
    [F_sc_S F_STV_S
    F_sc_M F_STV_M
    F_sc_F F_STV_F]
    ;

  %c#4%
    [F_sc_S F_STV_S
    F_sc_M F_STV_M
    F_sc_F F_STV_F]
    ;

  %c#5%
    [F_sc_S F_STV_S
    F_sc_M F_STV_M
    F_sc_F F_STV_F]
    ;

  %c#6%
    [F_sc_S F_STV_S
    F_sc_M F_STV_M
    F_sc_F F_STV_F]
    ;

  OUTPUT: TECH1 TECH11 TECH14 samp stdyx;



*** WARNING in MODEL command
  All variables are uncorrelated with all other variables within class.
  Check that this is what is intended.
*** WARNING
  Data set contains cases with missing on all variables.
  These cases were not included in the analysis.
  Number of cases with missing on all variables:  344
   2 WARNING(S) FOUND IN THE INPUT INSTRUCTIONS



STL Profile 6 - cross sectional LPA year 6

SUMMARY OF ANALYSIS

Number of groups                                                 1
Number of observations                                         356

Number of dependent variables                                    6
Number of independent variables                                  0
Number of continuous latent variables                            0
Number of categorical latent variables                           1

Observed dependent variables

  Continuous
   F_SC_S      F_STV_S     F_SC_M      F_STV_M     F_SC_F      F_STV_F

Categorical latent variables
   C


Estimator                                                      MLR
Information matrix                                        OBSERVED
Optimization Specifications for the Quasi-Newton Algorithm for
Continuous Outcomes
  Maximum number of iterations                                 100
  Convergence criterion                                  0.100D-05
Optimization Specifications for the EM Algorithm
  Maximum number of iterations                                 500
  Convergence criteria
    Loglikelihood change                                 0.100D-06
    Relative loglikelihood change                        0.100D-06
    Derivative                                           0.100D-05
Optimization Specifications for the M step of the EM Algorithm for
Categorical Latent variables
  Number of M step iterations                                    1
  M step convergence criterion                           0.100D-05
  Basis for M step termination                           ITERATION
Optimization Specifications for the M step of the EM Algorithm for
Censored, Binary or Ordered Categorical (Ordinal), Unordered
Categorical (Nominal) and Count Outcomes
  Number of M step iterations                                    1
  M step convergence criterion                           0.100D-05
  Basis for M step termination                           ITERATION
  Maximum value for logit thresholds                            15
  Minimum value for logit thresholds                           -15
  Minimum expected cell size for chi-square              0.100D-01
Maximum number of iterations for H1                           2000
Convergence criterion for H1                             0.100D-03
Optimization algorithm                                         EMA
Random Starts Specifications
  Number of initial stage random starts                        200
  Number of final stage optimizations                           50
  Number of initial stage iterations                            50
  Initial stage convergence criterion                    0.100D+01
  Random starts scale                                    0.500D+01
  Random seed for generating random starts                       0

Input data file(s)
  STL6_new.dat
Input data format  FREE


SUMMARY OF DATA

     Number of missing data patterns             1
     Number of y missing data patterns           1
     Number of u missing data patterns           0


COVARIANCE COVERAGE OF DATA

Minimum covariance coverage value   0.100


     PROPORTION OF DATA PRESENT FOR Y


           Covariance Coverage
              F_SC_S        F_STV_S       F_SC_M        F_STV_M       F_SC_F
              ________      ________      ________      ________      ________
 F_SC_S         1.000
 F_STV_S        1.000         1.000
 F_SC_M         1.000         1.000         1.000
 F_STV_M        1.000         1.000         1.000         1.000
 F_SC_F         1.000         1.000         1.000         1.000         1.000
 F_STV_F        1.000         1.000         1.000         1.000         1.000


           Covariance Coverage
              F_STV_F
              ________
 F_STV_F        1.000


SAMPLE STATISTICS


     ESTIMATED SAMPLE STATISTICS


           Means
              F_SC_S        F_STV_S       F_SC_M        F_STV_M       F_SC_F
              ________      ________      ________      ________      ________
                3.734         3.484         3.755         3.747         3.561


           Means
              F_STV_F
              ________
                3.422


           Covariances
              F_SC_S        F_STV_S       F_SC_M        F_STV_M       F_SC_F
              ________      ________      ________      ________      ________
 F_SC_S         0.665
 F_STV_S        0.404         0.782
 F_SC_M         0.261         0.181         0.950
 F_STV_M        0.141         0.369         0.524         0.746
 F_SC_F         0.344         0.170         0.290         0.134         0.785
 F_STV_F        0.072         0.326         0.170         0.396         0.399


           Covariances
              F_STV_F
              ________
 F_STV_F        0.863


           Correlations
              F_SC_S        F_STV_S       F_SC_M        F_STV_M       F_SC_F
              ________      ________      ________      ________      ________
 F_SC_S         1.000
 F_STV_S        0.560         1.000
 F_SC_M         0.328         0.210         1.000
 F_STV_M        0.200         0.483         0.622         1.000
 F_SC_F         0.476         0.217         0.336         0.174         1.000
 F_STV_F        0.095         0.397         0.188         0.494         0.485


           Correlations
              F_STV_F
              ________
 F_STV_F        1.000


     MAXIMUM LOG-LIKELIHOOD VALUE FOR THE UNRESTRICTED (H1) MODEL IS -2344.144


UNIVARIATE SAMPLE STATISTICS


     UNIVARIATE HIGHER-ORDER MOMENT DESCRIPTIVE STATISTICS

         Variable/         Mean/     Skewness/   Minimum/ % with                Percentiles
        Sample Size      Variance    Kurtosis    Maximum  Min/Max      20%/60%    40%/80%    Median

     F_SC_S                3.734      -0.621       1.000    0.56%       3.000      3.667      4.000
             356.000       0.665       0.430       5.000    8.99%       4.000      4.333
     F_STV_S               3.484      -0.314       1.000    0.28%       2.667      3.333      3.556
             356.000       0.782      -0.410       5.000    3.09%       3.778      4.222
     F_SC_M                3.755      -0.606       1.000    0.84%       3.000      3.667      4.000
             356.000       0.950      -0.261       5.000   17.98%       4.000      4.667
     F_STV_M               3.747      -0.600       1.000    0.56%       3.000      3.556      3.778
             356.000       0.746      -0.091       5.000    5.62%       4.111      4.556
     F_SC_F                3.561      -0.357       1.000    0.56%       2.667      3.333      3.667
             356.000       0.785      -0.257       5.000    8.71%       4.000      4.333
     F_STV_F               3.422      -0.317       1.000    0.28%       2.556      3.222      3.444
             356.000       0.863      -0.542       5.000    3.93%       3.778      4.333

RANDOM STARTS RESULTS RANKED FROM THE BEST TO THE WORST LOGLIKELIHOOD VALUES

Final stage loglikelihood values at local maxima, seeds, and initial stage start numbers:

           -2461.229  253358           2
           -2461.229  957392           79
           -2461.229  723775           97
           -2461.229  587946           120
           -2461.436  576596           99
           -2461.436  297518           166
           -2461.436  405079           68
           -2461.436  608496           4
           -2461.436  648555           113
           -2461.436  967237           48
           -2461.812  22089            143
           -2461.812  749453           33
           -2461.812  603842           61
           -2461.812  987090           70
           -2461.812  292884           103
           -2461.812  804561           59
           -2461.812  636396           168
           -2464.450  51375            148
           -2464.450  783165           170
           -2464.450  471398           74
           -2464.450  821011           161
           -2464.450  887676           22
           -2464.450  645664           39
           -2464.450  479273           156
           -2465.153  569833           85
           -2465.209  152496           123
           -2465.209  456213           160
           -2465.209  170954           86
           -2465.209  268896           124
           -2465.217  347515           24
           -2466.878  372176           23
           -2466.878  247224           94
           -2466.878  576220           115
           -2467.379  637345           19
           -2467.418  939709           112
           -2467.827  46437            153
           -2468.181  761633           50
           -2469.317  284109           82
           -2469.482  215353           164

11 perturbed starting value run(s) did not converge or were rejected in the third stage.



THE BEST LOGLIKELIHOOD VALUE HAS BEEN REPLICATED.  RERUN WITH AT LEAST TWICE THE
RANDOM STARTS TO CHECK THAT THE BEST LOGLIKELIHOOD IS STILL OBTAINED AND REPLICATED.


THE MODEL ESTIMATION TERMINATED NORMALLY



MODEL FIT INFORMATION

Number of Free Parameters                       47

Loglikelihood

          H0 Value                       -2461.229
          H0 Scaling Correction Factor      1.3765
            for MLR

Information Criteria

          Akaike (AIC)                    5016.457
          Bayesian (BIC)                  5198.579
          Sample-Size Adjusted BIC        5049.474
            (n* = (n + 2) / 24)



FINAL CLASS COUNTS AND PROPORTIONS FOR THE LATENT CLASSES
BASED ON THE ESTIMATED MODEL

    Latent
   Classes

       1         43.63143          0.12256
       2         13.22565          0.03715
       3         91.00267          0.25563
       4         74.94757          0.21053
       5         21.97276          0.06172
       6        111.21991          0.31242


FINAL CLASS COUNTS AND PROPORTIONS FOR THE LATENT CLASSES
BASED ON ESTIMATED POSTERIOR PROBABILITIES

    Latent
   Classes

       1         43.63143          0.12256
       2         13.22565          0.03715
       3         91.00267          0.25563
       4         74.94757          0.21053
       5         21.97276          0.06172
       6        111.21991          0.31242


FINAL CLASS COUNTS AND PROPORTIONS FOR THE LATENT CLASSES
BASED ON THEIR MOST LIKELY LATENT CLASS MEMBERSHIP

Class Counts and Proportions

    Latent
   Classes

       1               43          0.12079
       2               13          0.03652
       3               89          0.25000
       4               77          0.21629
       5               20          0.05618
       6              114          0.32022


CLASSIFICATION QUALITY

     Entropy                         0.792


Average Latent Class Probabilities for Most Likely Latent Class Membership (Row)
by Latent Class (Column)

           1        2        3        4        5        6

    1   0.906    0.008    0.045    0.029    0.013    0.000
    2   0.008    0.878    0.065    0.049    0.000    0.000
    3   0.017    0.005    0.827    0.088    0.015    0.049
    4   0.029    0.014    0.087    0.785    0.032    0.053
    5   0.044    0.000    0.017    0.067    0.871    0.001
    6   0.000    0.000    0.066    0.030    0.002    0.902


Classification Probabilities for the Most Likely Latent Class Membership (Column)
by Latent Class (Row)

           1        2        3        4        5        6

    1   0.893    0.002    0.034    0.051    0.020    0.000
    2   0.024    0.863    0.032    0.081    0.000    0.000
    3   0.021    0.009    0.809    0.074    0.004    0.083
    4   0.017    0.009    0.104    0.807    0.018    0.046
    5   0.025    0.000    0.060    0.111    0.793    0.011
    6   0.000    0.000    0.039    0.037    0.000    0.924


Logits for the Classification Probabilities for the Most Likely Latent Class Membership (Column)
by Latent Class (Row)

              1        2        3        4        5        6

    1     13.702    7.720   10.440   10.837    9.903    0.000
    2      6.813   10.376    7.068    8.015   -3.291    0.000
    3     -1.360   -2.182    2.282   -0.111   -3.083    0.000
    4     -1.019   -1.686    0.815    2.863   -0.950    0.000
    5      0.802   -9.330    1.668    2.285    4.254    0.000
    6    -13.737   -9.834   -3.166   -3.228   -8.509    0.000


MODEL RESULTS

                                                    Two-Tailed
                    Estimate       S.E.  Est./S.E.    P-Value

Latent Class 1

 Means
    F_SC_S             3.130      0.165     18.969      0.000
    F_STV_S            2.707      0.166     16.261      0.000
    F_SC_M             2.395      0.208     11.541      0.000
    F_STV_M            2.446      0.148     16.477      0.000
    F_SC_F             2.770      0.161     17.248      0.000
    F_STV_F            2.387      0.152     15.693      0.000

 Variances
    F_SC_S             0.328      0.029     11.430      0.000
    F_STV_S            0.442      0.052      8.576      0.000
    F_SC_M             0.378      0.052      7.313      0.000
    F_STV_M            0.314      0.053      5.889      0.000
    F_SC_F             0.537      0.058      9.242      0.000
    F_STV_F            0.385      0.084      4.586      0.000

Latent Class 2

 Means
    F_SC_S             2.062      0.404      5.103      0.000
    F_STV_S            1.940      0.228      8.492      0.000
    F_SC_M             4.260      0.215     19.839      0.000
    F_STV_M            4.108      0.272     15.093      0.000
    F_SC_F             2.628      0.188     13.988      0.000
    F_STV_F            2.832      0.217     13.044      0.000

 Variances
    F_SC_S             0.328      0.029     11.430      0.000
    F_STV_S            0.442      0.052      8.576      0.000
    F_SC_M             0.378      0.052      7.313      0.000
    F_STV_M            0.314      0.053      5.889      0.000
    F_SC_F             0.537      0.058      9.242      0.000
    F_STV_F            0.385      0.084      4.586      0.000

Latent Class 3

 Means
    F_SC_S             3.996      0.174     22.957      0.000
    F_STV_S            3.343      0.235     14.217      0.000
    F_SC_M             4.066      0.176     23.134      0.000
    F_STV_M            3.622      0.219     16.540      0.000
    F_SC_F             3.340      0.163     20.529      0.000
    F_STV_F            2.705      0.202     13.389      0.000

 Variances
    F_SC_S             0.328      0.029     11.430      0.000
    F_STV_S            0.442      0.052      8.576      0.000
    F_SC_M             0.378      0.052      7.313      0.000
    F_STV_M            0.314      0.053      5.889      0.000
    F_SC_F             0.537      0.058      9.242      0.000
    F_STV_F            0.385      0.084      4.586      0.000

Latent Class 4

 Means
    F_SC_S             3.152      0.182     17.331      0.000
    F_STV_S            3.260      0.136     24.029      0.000
    F_SC_M             3.469      0.192     18.089      0.000
    F_STV_M            3.790      0.225     16.835      0.000
    F_SC_F             3.432      0.161     21.305      0.000
    F_STV_F            3.828      0.182     20.977      0.000

 Variances
    F_SC_S             0.328      0.029     11.430      0.000
    F_STV_S            0.442      0.052      8.576      0.000
    F_SC_M             0.378      0.052      7.313      0.000
    F_STV_M            0.314      0.053      5.889      0.000
    F_SC_F             0.537      0.058      9.242      0.000
    F_STV_F            0.385      0.084      4.586      0.000

Latent Class 5

 Means
    F_SC_S             4.083      0.172     23.789      0.000
    F_STV_S            3.700      0.387      9.567      0.000
    F_SC_M             2.262      0.326      6.939      0.000
    F_STV_M            2.826      0.183     15.445      0.000
    F_SC_F             4.088      0.393     10.406      0.000
    F_STV_F            3.817      0.318     12.018      0.000

 Variances
    F_SC_S             0.328      0.029     11.430      0.000
    F_STV_S            0.442      0.052      8.576      0.000
    F_SC_M             0.378      0.052      7.313      0.000
    F_STV_M            0.314      0.053      5.889      0.000
    F_SC_F             0.537      0.058      9.242      0.000
    F_STV_F            0.385      0.084      4.586      0.000

Latent Class 6

 Means
    F_SC_S             4.278      0.067     63.832      0.000
    F_STV_S            4.197      0.093     44.939      0.000
    F_SC_M             4.462      0.063     71.083      0.000
    F_STV_M            4.469      0.060     73.993      0.000
    F_SC_F             4.145      0.105     39.468      0.000
    F_STV_F            4.132      0.175     23.675      0.000

 Variances
    F_SC_S             0.328      0.029     11.430      0.000
    F_STV_S            0.442      0.052      8.576      0.000
    F_SC_M             0.378      0.052      7.313      0.000
    F_STV_M            0.314      0.053      5.889      0.000
    F_SC_F             0.537      0.058      9.242      0.000
    F_STV_F            0.385      0.084      4.586      0.000

Categorical Latent Variables

 Means
    C#1               -0.936      0.371     -2.523      0.012
    C#2               -2.129      0.426     -5.002      0.000
    C#3               -0.201      0.317     -0.633      0.526
    C#4               -0.395      0.507     -0.779      0.436
    C#5               -1.622      0.380     -4.269      0.000


QUALITY OF NUMERICAL RESULTS

     Condition Number for the Information Matrix              0.245E-02
       (ratio of smallest to largest eigenvalue)


STANDARDIZED MODEL RESULTS


STDYX Standardization

                                                    Two-Tailed
                    Estimate       S.E.  Est./S.E.    P-Value

Latent Class 1

 Means
    F_SC_S             5.470      0.382     14.303      0.000
    F_STV_S            4.073      0.276     14.781      0.000
    F_SC_M             3.897      0.287     13.573      0.000
    F_STV_M            4.363      0.476      9.164      0.000
    F_SC_F             3.782      0.342     11.058      0.000
    F_STV_F            3.844      0.484      7.938      0.000

 Variances
    F_SC_S             1.000      0.000    999.000    999.000
    F_STV_S            1.000      0.000    999.000    999.000
    F_SC_M             1.000      0.000    999.000    999.000
    F_STV_M            1.000      0.000    999.000    999.000
    F_SC_F             1.000      0.000    999.000    999.000
    F_STV_F            1.000      0.000    999.000    999.000

Latent Class 2

 Means
    F_SC_S             3.603      0.689      5.226      0.000
    F_STV_S            2.919      0.399      7.322      0.000
    F_SC_M             6.930      0.634     10.922      0.000
    F_STV_M            7.329      0.907      8.082      0.000
    F_SC_F             3.588      0.308     11.655      0.000
    F_STV_F            4.562      0.555      8.226      0.000

 Variances
    F_SC_S             1.000      0.000    999.000    999.000
    F_STV_S            1.000      0.000    999.000    999.000
    F_SC_M             1.000      0.000    999.000    999.000
    F_STV_M            1.000      0.000    999.000    999.000
    F_SC_F             1.000      0.000    999.000    999.000
    F_STV_F            1.000      0.000    999.000    999.000

Latent Class 3

 Means
    F_SC_S             6.981      0.445     15.705      0.000
    F_STV_S            5.029      0.374     13.437      0.000
    F_SC_M             6.615      0.528     12.530      0.000
    F_STV_M            6.461      0.484     13.358      0.000
    F_SC_F             4.560      0.292     15.621      0.000
    F_STV_F            4.358      0.479      9.097      0.000

 Variances
    F_SC_S             1.000      0.000    999.000    999.000
    F_STV_S            1.000      0.000    999.000    999.000
    F_SC_M             1.000      0.000    999.000    999.000
    F_STV_M            1.000      0.000    999.000    999.000
    F_SC_F             1.000      0.000    999.000    999.000
    F_STV_F            1.000      0.000    999.000    999.000

Latent Class 4

 Means
    F_SC_S             5.507      0.390     14.138      0.000
    F_STV_S            4.904      0.365     13.446      0.000
    F_SC_M             5.643      0.421     13.394      0.000
    F_STV_M            6.761      0.889      7.605      0.000
    F_SC_F             4.685      0.320     14.649      0.000
    F_STV_F            6.166      0.639      9.650      0.000

 Variances
    F_SC_S             1.000      0.000    999.000    999.000
    F_STV_S            1.000      0.000    999.000    999.000
    F_SC_M             1.000      0.000    999.000    999.000
    F_STV_M            1.000      0.000    999.000    999.000
    F_SC_F             1.000      0.000    999.000    999.000
    F_STV_F            1.000      0.000    999.000    999.000

Latent Class 5

 Means
    F_SC_S             7.135      0.430     16.591      0.000
    F_STV_S            5.566      0.775      7.185      0.000
    F_SC_M             3.681      0.440      8.359      0.000
    F_STV_M            5.041      0.499     10.098      0.000
    F_SC_F             5.580      0.766      7.284      0.000
    F_STV_F            6.148      0.928      6.623      0.000

 Variances
    F_SC_S             1.000      0.000    999.000    999.000
    F_STV_S            1.000      0.000    999.000    999.000
    F_SC_M             1.000      0.000    999.000    999.000
    F_STV_M            1.000      0.000    999.000    999.000
    F_SC_F             1.000      0.000    999.000    999.000
    F_STV_F            1.000      0.000    999.000    999.000

Latent Class 6

 Means
    F_SC_S             7.474      0.374     19.972      0.000
    F_STV_S            6.314      0.429     14.720      0.000
    F_SC_M             7.259      0.527     13.765      0.000
    F_STV_M            7.971      0.713     11.184      0.000
    F_SC_F             5.659      0.386     14.678      0.000
    F_STV_F            6.656      0.976      6.821      0.000

 Variances
    F_SC_S             1.000      0.000    999.000    999.000
    F_STV_S            1.000      0.000    999.000    999.000
    F_SC_M             1.000      0.000    999.000    999.000
    F_STV_M            1.000      0.000    999.000    999.000
    F_SC_F             1.000      0.000    999.000    999.000
    F_STV_F            1.000      0.000    999.000    999.000


R-SQUARE

Class 1

Class 2

Class 3

Class 4

Class 5

Class 6


TECHNICAL 1 OUTPUT


     PARAMETER SPECIFICATION FOR LATENT CLASS 1


           NU
              F_SC_S        F_STV_S       F_SC_M        F_STV_M       F_SC_F
              ________      ________      ________      ________      ________
                    1             2             3             4             5


           NU
              F_STV_F
              ________
                    6


           THETA
              F_SC_S        F_STV_S       F_SC_M        F_STV_M       F_SC_F
              ________      ________      ________      ________      ________
 F_SC_S             7
 F_STV_S            0             8
 F_SC_M             0             0             9
 F_STV_M            0             0             0            10
 F_SC_F             0             0             0             0            11
 F_STV_F            0             0             0             0             0


           THETA
              F_STV_F
              ________
 F_STV_F           12


     PARAMETER SPECIFICATION FOR LATENT CLASS 2


           NU
              F_SC_S        F_STV_S       F_SC_M        F_STV_M       F_SC_F
              ________      ________      ________      ________      ________
                   13            14            15            16            17


           NU
              F_STV_F
              ________
                   18


           THETA
              F_SC_S        F_STV_S       F_SC_M        F_STV_M       F_SC_F
              ________      ________      ________      ________      ________
 F_SC_S             7
 F_STV_S            0             8
 F_SC_M             0             0             9
 F_STV_M            0             0             0            10
 F_SC_F             0             0             0             0            11
 F_STV_F            0             0             0             0             0


           THETA
              F_STV_F
              ________
 F_STV_F           12


     PARAMETER SPECIFICATION FOR LATENT CLASS 3


           NU
              F_SC_S        F_STV_S       F_SC_M        F_STV_M       F_SC_F
              ________      ________      ________      ________      ________
                   19            20            21            22            23


           NU
              F_STV_F
              ________
                   24


           THETA
              F_SC_S        F_STV_S       F_SC_M        F_STV_M       F_SC_F
              ________      ________      ________      ________      ________
 F_SC_S             7
 F_STV_S            0             8
 F_SC_M             0             0             9
 F_STV_M            0             0             0            10
 F_SC_F             0             0             0             0            11
 F_STV_F            0             0             0             0             0


           THETA
              F_STV_F
              ________
 F_STV_F           12


     PARAMETER SPECIFICATION FOR LATENT CLASS 4


           NU
              F_SC_S        F_STV_S       F_SC_M        F_STV_M       F_SC_F
              ________      ________      ________      ________      ________
                   25            26            27            28            29


           NU
              F_STV_F
              ________
                   30


           THETA
              F_SC_S        F_STV_S       F_SC_M        F_STV_M       F_SC_F
              ________      ________      ________      ________      ________
 F_SC_S             7
 F_STV_S            0             8
 F_SC_M             0             0             9
 F_STV_M            0             0             0            10
 F_SC_F             0             0             0             0            11
 F_STV_F            0             0             0             0             0


           THETA
              F_STV_F
              ________
 F_STV_F           12


     PARAMETER SPECIFICATION FOR LATENT CLASS 5


           NU
              F_SC_S        F_STV_S       F_SC_M        F_STV_M       F_SC_F
              ________      ________      ________      ________      ________
                   31            32            33            34            35


           NU
              F_STV_F
              ________
                   36


           THETA
              F_SC_S        F_STV_S       F_SC_M        F_STV_M       F_SC_F
              ________      ________      ________      ________      ________
 F_SC_S             7
 F_STV_S            0             8
 F_SC_M             0             0             9
 F_STV_M            0             0             0            10
 F_SC_F             0             0             0             0            11
 F_STV_F            0             0             0             0             0


           THETA
              F_STV_F
              ________
 F_STV_F           12


     PARAMETER SPECIFICATION FOR LATENT CLASS 6


           NU
              F_SC_S        F_STV_S       F_SC_M        F_STV_M       F_SC_F
              ________      ________      ________      ________      ________
                   37            38            39            40            41


           NU
              F_STV_F
              ________
                   42


           THETA
              F_SC_S        F_STV_S       F_SC_M        F_STV_M       F_SC_F
              ________      ________      ________      ________      ________
 F_SC_S             7
 F_STV_S            0             8
 F_SC_M             0             0             9
 F_STV_M            0             0             0            10
 F_SC_F             0             0             0             0            11
 F_STV_F            0             0             0             0             0


           THETA
              F_STV_F
              ________
 F_STV_F           12


     PARAMETER SPECIFICATION FOR LATENT CLASS REGRESSION MODEL PART


           ALPHA(C)
              C#1           C#2           C#3           C#4           C#5
              ________      ________      ________      ________      ________
                   43            44            45            46            47


           ALPHA(C)
              C#6
              ________
                    0


     STARTING VALUES FOR LATENT CLASS 1


           NU
              F_SC_S        F_STV_S       F_SC_M        F_STV_M       F_SC_F
              ________      ________      ________      ________      ________
                2.103         1.716         1.806         2.019         1.789


           NU
              F_STV_F
              ________
                1.564


           THETA
              F_SC_S        F_STV_S       F_SC_M        F_STV_M       F_SC_F
              ________      ________      ________      ________      ________
 F_SC_S         0.332
 F_STV_S        0.000         0.391
 F_SC_M         0.000         0.000         0.475
 F_STV_M        0.000         0.000         0.000         0.373
 F_SC_F         0.000         0.000         0.000         0.000         0.393
 F_STV_F        0.000         0.000         0.000         0.000         0.000


           THETA
              F_STV_F
              ________
 F_STV_F        0.431


     STARTING VALUES FOR LATENT CLASS 2


           NU
              F_SC_S        F_STV_S       F_SC_M        F_STV_M       F_SC_F
              ________      ________      ________      ________      ________
                2.918         2.600         2.781         2.883         2.675


           NU
              F_STV_F
              ________
                2.493


           THETA
              F_SC_S        F_STV_S       F_SC_M        F_STV_M       F_SC_F
              ________      ________      ________      ________      ________
 F_SC_S         0.332
 F_STV_S        0.000         0.391
 F_SC_M         0.000         0.000         0.475
 F_STV_M        0.000         0.000         0.000         0.373
 F_SC_F         0.000         0.000         0.000         0.000         0.393
 F_STV_F        0.000         0.000         0.000         0.000         0.000


           THETA
              F_STV_F
              ________
 F_STV_F        0.431


     STARTING VALUES FOR LATENT CLASS 3


           NU
              F_SC_S        F_STV_S       F_SC_M        F_STV_M       F_SC_F
              ________      ________      ________      ________      ________
                3.734         3.484         3.755         3.747         3.561


           NU
              F_STV_F
              ________
                3.422


           THETA
              F_SC_S        F_STV_S       F_SC_M        F_STV_M       F_SC_F
              ________      ________      ________      ________      ________
 F_SC_S         0.332
 F_STV_S        0.000         0.391
 F_SC_M         0.000         0.000         0.475
 F_STV_M        0.000         0.000         0.000         0.373
 F_SC_F         0.000         0.000         0.000         0.000         0.393
 F_STV_F        0.000         0.000         0.000         0.000         0.000


           THETA
              F_STV_F
              ________
 F_STV_F        0.431


     STARTING VALUES FOR LATENT CLASS 4


           NU
              F_SC_S        F_STV_S       F_SC_M        F_STV_M       F_SC_F
              ________      ________      ________      ________      ________
                3.734         3.484         3.755         3.747         3.561


           NU
              F_STV_F
              ________
                3.422


           THETA
              F_SC_S        F_STV_S       F_SC_M        F_STV_M       F_SC_F
              ________      ________      ________      ________      ________
 F_SC_S         0.332
 F_STV_S        0.000         0.391
 F_SC_M         0.000         0.000         0.475
 F_STV_M        0.000         0.000         0.000         0.373
 F_SC_F         0.000         0.000         0.000         0.000         0.393
 F_STV_F        0.000         0.000         0.000         0.000         0.000


           THETA
              F_STV_F
              ________
 F_STV_F        0.431


     STARTING VALUES FOR LATENT CLASS 5


           NU
              F_SC_S        F_STV_S       F_SC_M        F_STV_M       F_SC_F
              ________      ________      ________      ________      ________
                4.549         4.369         4.730         4.610         4.447


           NU
              F_STV_F
              ________
                4.351


           THETA
              F_SC_S        F_STV_S       F_SC_M        F_STV_M       F_SC_F
              ________      ________      ________      ________      ________
 F_SC_S         0.332
 F_STV_S        0.000         0.391
 F_SC_M         0.000         0.000         0.475
 F_STV_M        0.000         0.000         0.000         0.373
 F_SC_F         0.000         0.000         0.000         0.000         0.393
 F_STV_F        0.000         0.000         0.000         0.000         0.000


           THETA
              F_STV_F
              ________
 F_STV_F        0.431


     STARTING VALUES FOR LATENT CLASS 6


           NU
              F_SC_S        F_STV_S       F_SC_M        F_STV_M       F_SC_F
              ________      ________      ________      ________      ________
                5.364         5.253         5.704         5.474         5.333


           NU
              F_STV_F
              ________
                5.279


           THETA
              F_SC_S        F_STV_S       F_SC_M        F_STV_M       F_SC_F
              ________      ________      ________      ________      ________
 F_SC_S         0.332
 F_STV_S        0.000         0.391
 F_SC_M         0.000         0.000         0.475
 F_STV_M        0.000         0.000         0.000         0.373
 F_SC_F         0.000         0.000         0.000         0.000         0.393
 F_STV_F        0.000         0.000         0.000         0.000         0.000


           THETA
              F_STV_F
              ________
 F_STV_F        0.431


     STARTING VALUES FOR LATENT CLASS REGRESSION MODEL PART


           ALPHA(C)
              C#1           C#2           C#3           C#4           C#5
              ________      ________      ________      ________      ________
                0.000         0.000         0.000         0.000         0.000


           ALPHA(C)
              C#6
              ________
                0.000


TECHNICAL 11 OUTPUT

     Random Starts Specifications for the k-1 Class Analysis Model
        Number of initial stage random starts                 200
        Number of final stage optimizations                    50



     VUONG-LO-MENDELL-RUBIN LIKELIHOOD RATIO TEST FOR 5 (H0) VERSUS 6 CLASSES

          H0 Loglikelihood Value                        -2490.808
          2 Times the Loglikelihood Difference             59.159
          Difference in the Number of Parameters                7
          Mean                                             54.609
          Standard Deviation                              114.326
          P-Value                                          0.4247

     LO-MENDELL-RUBIN ADJUSTED LRT TEST

          Value                                            57.755
          P-Value                                          0.4306


TECHNICAL 14 OUTPUT

     Random Starts Specifications for the k-1 Class Analysis Model
        Number of initial stage random starts                 200
        Number of final stage optimizations                    50

     Random Starts Specification for the k-1 Class Model for Generated Data
        Number of initial stage random starts                 200
        Number of final stage optimizations                    50
     Random Starts Specification for the k Class Model for Generated Data
        Number of initial stage random starts                 200
        Number of final stage optimizations                    50
     Number of bootstrap draws requested                   Varies


     PARAMETRIC BOOTSTRAPPED LIKELIHOOD RATIO TEST FOR 5 (H0) VERSUS 6 CLASSES

          H0 Loglikelihood Value                        -2490.808
          2 Times the Loglikelihood Difference             59.159
          Difference in the Number of Parameters                7
          Approximate P-Value                              0.0000
          Successful Bootstrap Draws                           20


DIAGRAM INFORMATION

  Mplus diagrams are currently not available for Mixture analysis.
  No diagram output was produced.


     Beginning Time:  14:31:17
        Ending Time:  14:34:15
       Elapsed Time:  00:02:58



MUTHEN & MUTHEN
3463 Stoner Ave.
Los Angeles, CA  90066

Tel: (310) 391-9971
Fax: (310) 391-8971
Web: www.StatModel.com
Support: Support@StatModel.com

Copyright (c) 1998-2021 Muthen & Muthen
