Mplus VERSION 8.6
MUTHEN & MUTHEN
03/10/2022  11:43 AM

INPUT INSTRUCTIONS

  TITLE: STL Profile 4 - cross sectional LPA year 5
  DATA: FILE = STL6_new.dat;

  VARIABLE: NAMES ARE
    ID sex E_Asp F_Asp
    Score_S Score_M Score_F
    D_at_S D_ut_S D_in_S D_sc_S D_STV_S
    D_at_M D_ut_M D_in_M D_sc_M D_STV_M
    D_at_F D_ut_F D_in_F D_sc_F D_STV_F
    E_at_S E_ut_S E_in_S E_sc_S E_STV_S
    E_at_M E_ut_M E_in_M E_sc_M E_STV_M
    E_at_F E_ut_F E_in_F E_sc_F E_STV_F
    F_at_S F_ut_S F_in_S F_sc_S F_STV_S
    F_at_M F_ut_M F_in_M F_sc_M F_STV_M
    F_at_F F_ut_F F_in_F F_sc_F F_STV_F;

    USEVARIABLES ARE
    E_sc_S E_STV_S
    E_sc_M E_STV_M
    E_sc_F E_STV_F
    ;

    AUXILIARY = ID sex E_Asp F_Asp
    Score_S Score_M Score_F;

    MISSING ARE ALL(-999);

    CLASSES = c(4);

  ANALYSIS:	

     	TYPE = MIXTURE;
    	ESTIMATOR=MLR;
    	processors = 4;
      STARTS = 200 50;
     	STITERATIONS=50;
     	LRTSTARTS = 200 50 200 50;

    MODEL:
  %OVERALL%

  %c#1%
    [E_sc_S E_STV_S
    E_sc_M E_STV_M
    E_sc_F E_STV_F]
    ;

  %c#2%
    [E_sc_S E_STV_S
    E_sc_M E_STV_M
    E_sc_F E_STV_F]
    ;

  %c#3%
    [E_sc_S E_STV_S
    E_sc_M E_STV_M
    E_sc_F E_STV_F]
    ;

  %c#4%
    [E_sc_S E_STV_S
    E_sc_M E_STV_M
    E_sc_F E_STV_F]
    ;

    savedata: file=y5LPA.dat;
  OUTPUT: TECH1 TECH11 TECH14 samp stdyx;



*** WARNING in MODEL command
  All variables are uncorrelated with all other variables within class.
  Check that this is what is intended.
*** WARNING
  Data set contains cases with missing on all variables.
  These cases were not included in the analysis.
  Number of cases with missing on all variables:  340
   2 WARNING(S) FOUND IN THE INPUT INSTRUCTIONS



STL Profile 4 - cross sectional LPA year 5

SUMMARY OF ANALYSIS

Number of groups                                                 1
Number of observations                                         360

Number of dependent variables                                    6
Number of independent variables                                  0
Number of continuous latent variables                            0
Number of categorical latent variables                           1

Observed dependent variables

  Continuous
   E_SC_S      E_STV_S     E_SC_M      E_STV_M     E_SC_F      E_STV_F

Observed auxiliary variables
   ID          SEX         E_ASP       F_ASP       SCORE_S     SCORE_M
   SCORE_F

Categorical latent variables
   C


Estimator                                                      MLR
Information matrix                                        OBSERVED
Optimization Specifications for the Quasi-Newton Algorithm for
Continuous Outcomes
  Maximum number of iterations                                 100
  Convergence criterion                                  0.100D-05
Optimization Specifications for the EM Algorithm
  Maximum number of iterations                                 500
  Convergence criteria
    Loglikelihood change                                 0.100D-06
    Relative loglikelihood change                        0.100D-06
    Derivative                                           0.100D-05
Optimization Specifications for the M step of the EM Algorithm for
Categorical Latent variables
  Number of M step iterations                                    1
  M step convergence criterion                           0.100D-05
  Basis for M step termination                           ITERATION
Optimization Specifications for the M step of the EM Algorithm for
Censored, Binary or Ordered Categorical (Ordinal), Unordered
Categorical (Nominal) and Count Outcomes
  Number of M step iterations                                    1
  M step convergence criterion                           0.100D-05
  Basis for M step termination                           ITERATION
  Maximum value for logit thresholds                            15
  Minimum value for logit thresholds                           -15
  Minimum expected cell size for chi-square              0.100D-01
Maximum number of iterations for H1                           2000
Convergence criterion for H1                             0.100D-03
Optimization algorithm                                         EMA
Random Starts Specifications
  Number of initial stage random starts                        200
  Number of final stage optimizations                           50
  Number of initial stage iterations                            50
  Initial stage convergence criterion                    0.100D+01
  Random starts scale                                    0.500D+01
  Random seed for generating random starts                       0

Input data file(s)
  STL6_new.dat
Input data format  FREE


SUMMARY OF DATA

     Number of missing data patterns             2
     Number of y missing data patterns           2
     Number of u missing data patterns           0


COVARIANCE COVERAGE OF DATA

Minimum covariance coverage value   0.100


     PROPORTION OF DATA PRESENT FOR Y


           Covariance Coverage
              E_SC_S        E_STV_S       E_SC_M        E_STV_M       E_SC_F
              ________      ________      ________      ________      ________
 E_SC_S         1.000
 E_STV_S        1.000         1.000
 E_SC_M         1.000         1.000         1.000
 E_STV_M        1.000         1.000         1.000         1.000
 E_SC_F         1.000         1.000         1.000         1.000         1.000
 E_STV_F        0.997         0.997         0.997         0.997         0.997


           Covariance Coverage
              E_STV_F
              ________
 E_STV_F        0.997


SAMPLE STATISTICS


     ESTIMATED SAMPLE STATISTICS


           Means
              E_SC_S        E_STV_S       E_SC_M        E_STV_M       E_SC_F
              ________      ________      ________      ________      ________
                3.671         3.579         3.826         3.923         3.607


           Means
              E_STV_F
              ________
                3.665


           Covariances
              E_SC_S        E_STV_S       E_SC_M        E_STV_M       E_SC_F
              ________      ________      ________      ________      ________
 E_SC_S         0.663
 E_STV_S        0.394         0.747
 E_SC_M         0.263         0.110         0.992
 E_STV_M        0.158         0.304         0.510         0.667
 E_SC_F         0.345         0.164         0.301         0.192         0.751
 E_STV_F        0.178         0.343         0.215         0.390         0.411


           Covariances
              E_STV_F
              ________
 E_STV_F        0.664


           Correlations
              E_SC_S        E_STV_S       E_SC_M        E_STV_M       E_SC_F
              ________      ________      ________      ________      ________
 E_SC_S         1.000
 E_STV_S        0.560         1.000
 E_SC_M         0.325         0.128         1.000
 E_STV_M        0.237         0.430         0.627         1.000
 E_SC_F         0.488         0.219         0.349         0.271         1.000
 E_STV_F        0.268         0.488         0.265         0.586         0.582


           Correlations
              E_STV_F
              ________
 E_STV_F        1.000


     MAXIMUM LOG-LIKELIHOOD VALUE FOR THE UNRESTRICTED (H1) MODEL IS -2254.256


UNIVARIATE SAMPLE STATISTICS


     UNIVARIATE HIGHER-ORDER MOMENT DESCRIPTIVE STATISTICS

         Variable/         Mean/     Skewness/   Minimum/ % with                Percentiles
        Sample Size      Variance    Kurtosis    Maximum  Min/Max      20%/60%    40%/80%    Median

     E_SC_S                3.671      -0.482       1.000    0.28%       3.000      3.667      3.667
             360.000       0.663      -0.019       5.000    7.78%       4.000      4.333
     E_STV_S               3.579      -0.437       1.000    0.28%       2.889      3.444      3.667
             360.000       0.747      -0.341       5.000    3.61%       3.889      4.333
     E_SC_M                3.826      -0.736       1.000    1.39%       3.000      3.667      4.000
             360.000       0.992      -0.126       5.000   20.56%       4.333      5.000
     E_STV_M               3.923      -0.811       1.222    0.83%       3.333      3.889      4.000
             360.000       0.667       0.350       5.000    9.72%       4.222      4.667
     E_SC_F                3.607      -0.383       1.000    0.56%       3.000      3.333      3.667
             360.000       0.751      -0.158       5.000   10.00%       4.000      4.333
     E_STV_F               3.670      -0.495       1.000    0.28%       3.000      3.444      3.722
             359.000       0.658      -0.021       5.000    3.90%       3.889      4.444

RANDOM STARTS RESULTS RANKED FROM THE BEST TO THE WORST LOGLIKELIHOOD VALUES

Final stage loglikelihood values at local maxima, seeds, and initial stage start numbers:

           -2425.365  579995           183
           -2425.365  51375            148
           -2425.365  991329           182
           -2425.365  966014           37
           -2425.365  587946           120
           -2425.365  821011           161
           -2425.365  153942           31
           -2425.365  366706           29
           -2425.365  393232           152
           -2425.365  127215           9
           -2425.365  268896           124
           -2425.365  749453           33
           -2425.365  152496           123
           -2425.365  960438           116
           -2425.365  992389           77
           -2425.365  195873           6
           -2425.365  848331           137
           -2425.365  345070           114
           -2425.365  259507           53
           -2425.365  440841           118
           -2425.365  313407           132
           -2425.365  784664           75
           -2425.365  783165           170
           -2425.365  948615           140
           -2425.365  685657           69
           -2425.365  136842           58
           -2425.365  789985           67
           -2425.365  462953           7
           -2425.365  484501           163
           -2425.365  247224           94
           -2425.365  407168           44
           -2425.365  475420           71

18 perturbed starting value run(s) did not converge or were rejected in the third stage.



THE BEST LOGLIKELIHOOD VALUE HAS BEEN REPLICATED.  RERUN WITH AT LEAST TWICE THE
RANDOM STARTS TO CHECK THAT THE BEST LOGLIKELIHOOD IS STILL OBTAINED AND REPLICATED.


THE MODEL ESTIMATION TERMINATED NORMALLY



MODEL FIT INFORMATION

Number of Free Parameters                       33

Loglikelihood

          H0 Value                       -2425.365
          H0 Scaling Correction Factor      1.3718
            for MLR

Information Criteria

          Akaike (AIC)                    4916.730
          Bayesian (BIC)                  5044.971
          Sample-Size Adjusted BIC        4940.278
            (n* = (n + 2) / 24)



FINAL CLASS COUNTS AND PROPORTIONS FOR THE LATENT CLASSES
BASED ON THE ESTIMATED MODEL

    Latent
   Classes

       1         29.31091          0.08142
       2        159.28461          0.44246
       3         46.80251          0.13001
       4        124.60197          0.34612


FINAL CLASS COUNTS AND PROPORTIONS FOR THE LATENT CLASSES
BASED ON ESTIMATED POSTERIOR PROBABILITIES

    Latent
   Classes

       1         29.31091          0.08142
       2        159.28461          0.44246
       3         46.80251          0.13001
       4        124.60197          0.34612


FINAL CLASS COUNTS AND PROPORTIONS FOR THE LATENT CLASSES
BASED ON THEIR MOST LIKELY LATENT CLASS MEMBERSHIP

Class Counts and Proportions

    Latent
   Classes

       1               29          0.08056
       2              162          0.45000
       3               44          0.12222
       4              125          0.34722


CLASSIFICATION QUALITY

     Entropy                         0.794


Average Latent Class Probabilities for Most Likely Latent Class Membership (Row)
by Latent Class (Column)

           1        2        3        4

    1   0.945    0.042    0.013    0.000
    2   0.009    0.874    0.050    0.068
    3   0.012    0.096    0.844    0.048
    4   0.000    0.098    0.009    0.892


Classification Probabilities for the Most Likely Latent Class Membership (Column)
by Latent Class (Row)

           1        2        3        4

    1   0.935    0.047    0.018    0.000
    2   0.008    0.889    0.027    0.077
    3   0.008    0.174    0.794    0.025
    4   0.000    0.088    0.017    0.895


Logits for the Classification Probabilities for the Most Likely Latent Class Membership (Column)
by Latent Class (Row)

              1        2        3        4

    1     13.748   10.766    9.783    0.000
    2     -2.300    2.445   -1.068    0.000
    3     -1.159    1.943    3.463    0.000
    4    -13.705   -2.322   -3.968    0.000


MODEL RESULTS

                                                    Two-Tailed
                    Estimate       S.E.  Est./S.E.    P-Value

Latent Class 1

 Means
    E_SC_S             2.745      0.146     18.743      0.000
    E_STV_S            2.196      0.149     14.748      0.000
    E_SC_M             2.696      0.286      9.415      0.000
    E_STV_M            2.370      0.201     11.820      0.000
    E_SC_F             2.837      0.192     14.757      0.000
    E_STV_F            2.382      0.172     13.882      0.000

 Variances
    E_SC_S             0.429      0.047      9.153      0.000
    E_STV_S            0.397      0.088      4.530      0.000
    E_SC_M             0.546      0.089      6.152      0.000
    E_STV_M            0.246      0.027      8.947      0.000
    E_SC_F             0.554      0.055     10.068      0.000
    E_STV_F            0.366      0.044      8.304      0.000

Latent Class 2

 Means
    E_SC_S             3.336      0.121     27.470      0.000
    E_STV_S            3.246      0.109     29.844      0.000
    E_SC_M             3.937      0.123     32.124      0.000
    E_STV_M            3.960      0.076     52.293      0.000
    E_SC_F             3.352      0.115     29.139      0.000
    E_STV_F            3.461      0.091     37.899      0.000

 Variances
    E_SC_S             0.429      0.047      9.153      0.000
    E_STV_S            0.397      0.088      4.530      0.000
    E_SC_M             0.546      0.089      6.152      0.000
    E_STV_M            0.246      0.027      8.947      0.000
    E_SC_F             0.554      0.055     10.068      0.000
    E_STV_F            0.366      0.044      8.304      0.000

Latent Class 3

 Means
    E_SC_S             3.911      0.182     21.479      0.000
    E_STV_S            3.982      0.162     24.525      0.000
    E_SC_M             2.554      0.227     11.239      0.000
    E_STV_M            3.101      0.189     16.405      0.000
    E_SC_F             3.422      0.193     17.747      0.000
    E_STV_F            3.522      0.205     17.182      0.000

 Variances
    E_SC_S             0.429      0.047      9.153      0.000
    E_STV_S            0.397      0.088      4.530      0.000
    E_SC_M             0.546      0.089      6.152      0.000
    E_STV_M            0.246      0.027      8.947      0.000
    E_SC_F             0.554      0.055     10.068      0.000
    E_STV_F            0.366      0.044      8.304      0.000

Latent Class 4

 Means
    E_SC_S             4.228      0.075     56.357      0.000
    E_STV_S            4.179      0.138     30.294      0.000
    E_SC_M             4.429      0.097     45.729      0.000
    E_STV_M            4.550      0.075     60.903      0.000
    E_SC_F             4.185      0.105     39.943      0.000
    E_STV_F            4.293      0.109     39.229      0.000

 Variances
    E_SC_S             0.429      0.047      9.153      0.000
    E_STV_S            0.397      0.088      4.530      0.000
    E_SC_M             0.546      0.089      6.152      0.000
    E_STV_M            0.246      0.027      8.947      0.000
    E_SC_F             0.554      0.055     10.068      0.000
    E_STV_F            0.366      0.044      8.304      0.000

Categorical Latent Variables

 Means
    C#1               -1.447      0.320     -4.520      0.000
    C#2                0.246      0.290      0.848      0.396
    C#3               -0.979      0.366     -2.674      0.008


QUALITY OF NUMERICAL RESULTS

     Condition Number for the Information Matrix              0.382E-02
       (ratio of smallest to largest eigenvalue)


STANDARDIZED MODEL RESULTS


STDYX Standardization

                                                    Two-Tailed
                    Estimate       S.E.  Est./S.E.    P-Value

Latent Class 1

 Means
    E_SC_S             4.191      0.305     13.754      0.000
    E_STV_S            3.485      0.337     10.330      0.000
    E_SC_M             3.647      0.405      9.006      0.000
    E_STV_M            4.778      0.421     11.347      0.000
    E_SC_F             3.811      0.312     12.218      0.000
    E_STV_F            3.938      0.317     12.436      0.000

 Variances
    E_SC_S             1.000      0.000    999.000    999.000
    E_STV_S            1.000      0.000    999.000    999.000
    E_SC_M             1.000      0.000    999.000    999.000
    E_STV_M            1.000      0.000    999.000    999.000
    E_SC_F             1.000      0.000    999.000    999.000
    E_STV_F            1.000      0.000    999.000    999.000

Latent Class 2

 Means
    E_SC_S             5.093      0.276     18.483      0.000
    E_STV_S            5.151      0.553      9.322      0.000
    E_SC_M             5.326      0.512     10.395      0.000
    E_STV_M            7.984      0.483     16.538      0.000
    E_SC_F             4.503      0.234     19.258      0.000
    E_STV_F            5.722      0.398     14.364      0.000

 Variances
    E_SC_S             1.000      0.000    999.000    999.000
    E_STV_S            1.000      0.000    999.000    999.000
    E_SC_M             1.000      0.000    999.000    999.000
    E_STV_M            1.000      0.000    999.000    999.000
    E_SC_F             1.000      0.000    999.000    999.000
    E_STV_F            1.000      0.000    999.000    999.000

Latent Class 3

 Means
    E_SC_S             5.971      0.525     11.384      0.000
    E_STV_S            6.320      0.858      7.365      0.000
    E_SC_M             3.456      0.410      8.431      0.000
    E_STV_M            6.252      0.561     11.137      0.000
    E_SC_F             4.596      0.392     11.714      0.000
    E_STV_F            5.822      0.522     11.146      0.000

 Variances
    E_SC_S             1.000      0.000    999.000    999.000
    E_STV_S            1.000      0.000    999.000    999.000
    E_SC_M             1.000      0.000    999.000    999.000
    E_STV_M            1.000      0.000    999.000    999.000
    E_SC_F             1.000      0.000    999.000    999.000
    E_STV_F            1.000      0.000    999.000    999.000

Latent Class 4

 Means
    E_SC_S             6.454      0.385     16.751      0.000
    E_STV_S            6.632      0.904      7.337      0.000
    E_SC_M             5.992      0.588     10.185      0.000
    E_STV_M            9.173      0.583     15.739      0.000
    E_SC_F             5.622      0.364     15.430      0.000
    E_STV_F            7.097      0.552     12.856      0.000

 Variances
    E_SC_S             1.000      0.000    999.000    999.000
    E_STV_S            1.000      0.000    999.000    999.000
    E_SC_M             1.000      0.000    999.000    999.000
    E_STV_M            1.000      0.000    999.000    999.000
    E_SC_F             1.000      0.000    999.000    999.000
    E_STV_F            1.000      0.000    999.000    999.000


R-SQUARE

Class 1

Class 2

Class 3

Class 4


TECHNICAL 1 OUTPUT


     PARAMETER SPECIFICATION FOR LATENT CLASS 1


           NU
              E_SC_S        E_STV_S       E_SC_M        E_STV_M       E_SC_F
              ________      ________      ________      ________      ________
                    1             2             3             4             5


           NU
              E_STV_F
              ________
                    6


           THETA
              E_SC_S        E_STV_S       E_SC_M        E_STV_M       E_SC_F
              ________      ________      ________      ________      ________
 E_SC_S             7
 E_STV_S            0             8
 E_SC_M             0             0             9
 E_STV_M            0             0             0            10
 E_SC_F             0             0             0             0            11
 E_STV_F            0             0             0             0             0


           THETA
              E_STV_F
              ________
 E_STV_F           12


     PARAMETER SPECIFICATION FOR LATENT CLASS 2


           NU
              E_SC_S        E_STV_S       E_SC_M        E_STV_M       E_SC_F
              ________      ________      ________      ________      ________
                   13            14            15            16            17


           NU
              E_STV_F
              ________
                   18


           THETA
              E_SC_S        E_STV_S       E_SC_M        E_STV_M       E_SC_F
              ________      ________      ________      ________      ________
 E_SC_S             7
 E_STV_S            0             8
 E_SC_M             0             0             9
 E_STV_M            0             0             0            10
 E_SC_F             0             0             0             0            11
 E_STV_F            0             0             0             0             0


           THETA
              E_STV_F
              ________
 E_STV_F           12


     PARAMETER SPECIFICATION FOR LATENT CLASS 3


           NU
              E_SC_S        E_STV_S       E_SC_M        E_STV_M       E_SC_F
              ________      ________      ________      ________      ________
                   19            20            21            22            23


           NU
              E_STV_F
              ________
                   24


           THETA
              E_SC_S        E_STV_S       E_SC_M        E_STV_M       E_SC_F
              ________      ________      ________      ________      ________
 E_SC_S             7
 E_STV_S            0             8
 E_SC_M             0             0             9
 E_STV_M            0             0             0            10
 E_SC_F             0             0             0             0            11
 E_STV_F            0             0             0             0             0


           THETA
              E_STV_F
              ________
 E_STV_F           12


     PARAMETER SPECIFICATION FOR LATENT CLASS 4


           NU
              E_SC_S        E_STV_S       E_SC_M        E_STV_M       E_SC_F
              ________      ________      ________      ________      ________
                   25            26            27            28            29


           NU
              E_STV_F
              ________
                   30


           THETA
              E_SC_S        E_STV_S       E_SC_M        E_STV_M       E_SC_F
              ________      ________      ________      ________      ________
 E_SC_S             7
 E_STV_S            0             8
 E_SC_M             0             0             9
 E_STV_M            0             0             0            10
 E_SC_F             0             0             0             0            11
 E_STV_F            0             0             0             0             0


           THETA
              E_STV_F
              ________
 E_STV_F           12


     PARAMETER SPECIFICATION FOR LATENT CLASS REGRESSION MODEL PART


           ALPHA(C)
              C#1           C#2           C#3           C#4
              ________      ________      ________      ________
                   31            32            33             0


     STARTING VALUES FOR LATENT CLASS 1


           NU
              E_SC_S        E_STV_S       E_SC_M        E_STV_M       E_SC_F
              ________      ________      ________      ________      ________
                2.857         2.714         2.830         3.107         2.741


           NU
              E_STV_F
              ________
                2.858


           THETA
              E_SC_S        E_STV_S       E_SC_M        E_STV_M       E_SC_F
              ________      ________      ________      ________      ________
 E_SC_S         0.332
 E_STV_S        0.000         0.374
 E_SC_M         0.000         0.000         0.496
 E_STV_M        0.000         0.000         0.000         0.333
 E_SC_F         0.000         0.000         0.000         0.000         0.376
 E_STV_F        0.000         0.000         0.000         0.000         0.000


           THETA
              E_STV_F
              ________
 E_STV_F        0.329


     STARTING VALUES FOR LATENT CLASS 2


           NU
              E_SC_S        E_STV_S       E_SC_M        E_STV_M       E_SC_F
              ________      ________      ________      ________      ________
                3.671         3.579         3.826         3.923         3.607


           NU
              E_STV_F
              ________
                3.670


           THETA
              E_SC_S        E_STV_S       E_SC_M        E_STV_M       E_SC_F
              ________      ________      ________      ________      ________
 E_SC_S         0.332
 E_STV_S        0.000         0.374
 E_SC_M         0.000         0.000         0.496
 E_STV_M        0.000         0.000         0.000         0.333
 E_SC_F         0.000         0.000         0.000         0.000         0.376
 E_STV_F        0.000         0.000         0.000         0.000         0.000


           THETA
              E_STV_F
              ________
 E_STV_F        0.329


     STARTING VALUES FOR LATENT CLASS 3


           NU
              E_SC_S        E_STV_S       E_SC_M        E_STV_M       E_SC_F
              ________      ________      ________      ________      ________
                3.671         3.579         3.826         3.923         3.607


           NU
              E_STV_F
              ________
                3.670


           THETA
              E_SC_S        E_STV_S       E_SC_M        E_STV_M       E_SC_F
              ________      ________      ________      ________      ________
 E_SC_S         0.332
 E_STV_S        0.000         0.374
 E_SC_M         0.000         0.000         0.496
 E_STV_M        0.000         0.000         0.000         0.333
 E_SC_F         0.000         0.000         0.000         0.000         0.376
 E_STV_F        0.000         0.000         0.000         0.000         0.000


           THETA
              E_STV_F
              ________
 E_STV_F        0.329


     STARTING VALUES FOR LATENT CLASS 4


           NU
              E_SC_S        E_STV_S       E_SC_M        E_STV_M       E_SC_F
              ________      ________      ________      ________      ________
                4.486         4.443         4.822         4.740         4.474


           NU
              E_STV_F
              ________
                4.481


           THETA
              E_SC_S        E_STV_S       E_SC_M        E_STV_M       E_SC_F
              ________      ________      ________      ________      ________
 E_SC_S         0.332
 E_STV_S        0.000         0.374
 E_SC_M         0.000         0.000         0.496
 E_STV_M        0.000         0.000         0.000         0.333
 E_SC_F         0.000         0.000         0.000         0.000         0.376
 E_STV_F        0.000         0.000         0.000         0.000         0.000


           THETA
              E_STV_F
              ________
 E_STV_F        0.329


     STARTING VALUES FOR LATENT CLASS REGRESSION MODEL PART


           ALPHA(C)
              C#1           C#2           C#3           C#4
              ________      ________      ________      ________
                0.000         0.000         0.000         0.000


TECHNICAL 11 OUTPUT

     Random Starts Specifications for the k-1 Class Analysis Model
        Number of initial stage random starts                 200
        Number of final stage optimizations                    50



     VUONG-LO-MENDELL-RUBIN LIKELIHOOD RATIO TEST FOR 3 (H0) VERSUS 4 CLASSES

          H0 Loglikelihood Value                        -2474.853
          2 Times the Loglikelihood Difference             98.976
          Difference in the Number of Parameters                7
          Mean                                             46.745
          Standard Deviation                               47.691
          P-Value                                          0.1169

     LO-MENDELL-RUBIN ADJUSTED LRT TEST

          Value                                            96.630
          P-Value                                          0.1236


TECHNICAL 14 OUTPUT

     Random Starts Specifications for the k-1 Class Analysis Model
        Number of initial stage random starts                 200
        Number of final stage optimizations                    50

     Random Starts Specification for the k-1 Class Model for Generated Data
        Number of initial stage random starts                 200
        Number of final stage optimizations                    50
     Random Starts Specification for the k Class Model for Generated Data
        Number of initial stage random starts                 200
        Number of final stage optimizations                    50
     Number of bootstrap draws requested                   Varies


     PARAMETRIC BOOTSTRAPPED LIKELIHOOD RATIO TEST FOR 3 (H0) VERSUS 4 CLASSES

          H0 Loglikelihood Value                        -2474.853
          2 Times the Loglikelihood Difference             98.976
          Difference in the Number of Parameters                7
          Approximate P-Value                              0.0000
          Successful Bootstrap Draws                            5


SAVEDATA INFORMATION


  Save file
    y5LPA.dat

  Order and format of variables

    E_SC_S         F10.3
    E_STV_S        F10.3
    E_SC_M         F10.3
    E_STV_M        F10.3
    E_SC_F         F10.3
    E_STV_F        F10.3
    ID             F10.3
    SEX            F10.3
    E_ASP          F10.3
    F_ASP          F10.3
    SCORE_S        F10.3
    SCORE_M        F10.3
    SCORE_F        F10.3

  Save file format
    13F10.3

  Save file record length    10000

  Save missing symbol        *


DIAGRAM INFORMATION

  Mplus diagrams are currently not available for Mixture analysis.
  No diagram output was produced.


     Beginning Time:  11:43:11
        Ending Time:  11:44:32
       Elapsed Time:  00:01:21



MUTHEN & MUTHEN
3463 Stoner Ave.
Los Angeles, CA  90066

Tel: (310) 391-9971
Fax: (310) 391-8971
Web: www.StatModel.com
Support: Support@StatModel.com

Copyright (c) 1998-2021 Muthen & Muthen
