Mplus VERSION 8.6
MUTHEN & MUTHEN
01/28/2022   2:21 PM

INPUT INSTRUCTIONS

  TITLE: STL Profile 6 - cross sectional LPA year 5
  DATA: FILE = STL6_new.dat;

  VARIABLE: NAMES ARE
    ID sex E_Asp F_Asp
    Score_S Score_M Score_F
    D_at_S D_ut_S D_in_S D_sc_S D_STV_S
    D_at_M D_ut_M D_in_M D_sc_M D_STV_M
    D_at_F D_ut_F D_in_F D_sc_F D_STV_F
    E_at_S E_ut_S E_in_S E_sc_S E_STV_S
    E_at_M E_ut_M E_in_M E_sc_M E_STV_M
    E_at_F E_ut_F E_in_F E_sc_F E_STV_F
    F_at_S F_ut_S F_in_S F_sc_S F_STV_S
    F_at_M F_ut_M F_in_M F_sc_M F_STV_M
    F_at_F F_ut_F F_in_F F_sc_F F_STV_F;

    USEVARIABLES ARE
    E_sc_S E_STV_S
    E_sc_M E_STV_M
    E_sc_F E_STV_F
    ;

    MISSING ARE ALL(-999);

    CLASSES = c(6);

  ANALYSIS:	

     	TYPE = MIXTURE;
    	ESTIMATOR=MLR;
    	processors = 4;
      STARTS = 200 50;
     	STITERATIONS=50;
     	LRTSTARTS = 200 50 200 50;

    MODEL:
  %OVERALL%

  %c#1%
    [E_sc_S E_STV_S
    E_sc_M E_STV_M
    E_sc_F E_STV_F]
    ;

  %c#2%
    [E_sc_S E_STV_S
    E_sc_M E_STV_M
    E_sc_F E_STV_F]
    ;

  %c#3%
    [E_sc_S E_STV_S
    E_sc_M E_STV_M
    E_sc_F E_STV_F]
    ;

  %c#4%
    [E_sc_S E_STV_S
    E_sc_M E_STV_M
    E_sc_F E_STV_F]
    ;

  %c#5%
    [E_sc_S E_STV_S
    E_sc_M E_STV_M
    E_sc_F E_STV_F]
    ;

  %c#6%
    [E_sc_S E_STV_S
    E_sc_M E_STV_M
    E_sc_F E_STV_F]
    ;

  OUTPUT: TECH1 TECH11 TECH14 samp stdyx;



*** WARNING in MODEL command
  All variables are uncorrelated with all other variables within class.
  Check that this is what is intended.
*** WARNING
  Data set contains cases with missing on all variables.
  These cases were not included in the analysis.
  Number of cases with missing on all variables:  340
   2 WARNING(S) FOUND IN THE INPUT INSTRUCTIONS



STL Profile 6 - cross sectional LPA year 5

SUMMARY OF ANALYSIS

Number of groups                                                 1
Number of observations                                         360

Number of dependent variables                                    6
Number of independent variables                                  0
Number of continuous latent variables                            0
Number of categorical latent variables                           1

Observed dependent variables

  Continuous
   E_SC_S      E_STV_S     E_SC_M      E_STV_M     E_SC_F      E_STV_F

Categorical latent variables
   C


Estimator                                                      MLR
Information matrix                                        OBSERVED
Optimization Specifications for the Quasi-Newton Algorithm for
Continuous Outcomes
  Maximum number of iterations                                 100
  Convergence criterion                                  0.100D-05
Optimization Specifications for the EM Algorithm
  Maximum number of iterations                                 500
  Convergence criteria
    Loglikelihood change                                 0.100D-06
    Relative loglikelihood change                        0.100D-06
    Derivative                                           0.100D-05
Optimization Specifications for the M step of the EM Algorithm for
Categorical Latent variables
  Number of M step iterations                                    1
  M step convergence criterion                           0.100D-05
  Basis for M step termination                           ITERATION
Optimization Specifications for the M step of the EM Algorithm for
Censored, Binary or Ordered Categorical (Ordinal), Unordered
Categorical (Nominal) and Count Outcomes
  Number of M step iterations                                    1
  M step convergence criterion                           0.100D-05
  Basis for M step termination                           ITERATION
  Maximum value for logit thresholds                            15
  Minimum value for logit thresholds                           -15
  Minimum expected cell size for chi-square              0.100D-01
Maximum number of iterations for H1                           2000
Convergence criterion for H1                             0.100D-03
Optimization algorithm                                         EMA
Random Starts Specifications
  Number of initial stage random starts                        200
  Number of final stage optimizations                           50
  Number of initial stage iterations                            50
  Initial stage convergence criterion                    0.100D+01
  Random starts scale                                    0.500D+01
  Random seed for generating random starts                       0

Input data file(s)
  STL6_new.dat
Input data format  FREE


SUMMARY OF DATA

     Number of missing data patterns             2
     Number of y missing data patterns           2
     Number of u missing data patterns           0


COVARIANCE COVERAGE OF DATA

Minimum covariance coverage value   0.100


     PROPORTION OF DATA PRESENT FOR Y


           Covariance Coverage
              E_SC_S        E_STV_S       E_SC_M        E_STV_M       E_SC_F
              ________      ________      ________      ________      ________
 E_SC_S         1.000
 E_STV_S        1.000         1.000
 E_SC_M         1.000         1.000         1.000
 E_STV_M        1.000         1.000         1.000         1.000
 E_SC_F         1.000         1.000         1.000         1.000         1.000
 E_STV_F        0.997         0.997         0.997         0.997         0.997


           Covariance Coverage
              E_STV_F
              ________
 E_STV_F        0.997


SAMPLE STATISTICS


     ESTIMATED SAMPLE STATISTICS


           Means
              E_SC_S        E_STV_S       E_SC_M        E_STV_M       E_SC_F
              ________      ________      ________      ________      ________
                3.671         3.579         3.826         3.923         3.607


           Means
              E_STV_F
              ________
                3.665


           Covariances
              E_SC_S        E_STV_S       E_SC_M        E_STV_M       E_SC_F
              ________      ________      ________      ________      ________
 E_SC_S         0.663
 E_STV_S        0.394         0.747
 E_SC_M         0.263         0.110         0.992
 E_STV_M        0.158         0.304         0.510         0.667
 E_SC_F         0.345         0.164         0.301         0.192         0.751
 E_STV_F        0.178         0.343         0.215         0.390         0.411


           Covariances
              E_STV_F
              ________
 E_STV_F        0.664


           Correlations
              E_SC_S        E_STV_S       E_SC_M        E_STV_M       E_SC_F
              ________      ________      ________      ________      ________
 E_SC_S         1.000
 E_STV_S        0.560         1.000
 E_SC_M         0.325         0.128         1.000
 E_STV_M        0.237         0.430         0.627         1.000
 E_SC_F         0.488         0.219         0.349         0.271         1.000
 E_STV_F        0.268         0.488         0.265         0.586         0.582


           Correlations
              E_STV_F
              ________
 E_STV_F        1.000


     MAXIMUM LOG-LIKELIHOOD VALUE FOR THE UNRESTRICTED (H1) MODEL IS -2254.256


UNIVARIATE SAMPLE STATISTICS


     UNIVARIATE HIGHER-ORDER MOMENT DESCRIPTIVE STATISTICS

         Variable/         Mean/     Skewness/   Minimum/ % with                Percentiles
        Sample Size      Variance    Kurtosis    Maximum  Min/Max      20%/60%    40%/80%    Median

     E_SC_S                3.671      -0.482       1.000    0.28%       3.000      3.667      3.667
             360.000       0.663      -0.019       5.000    7.78%       4.000      4.333
     E_STV_S               3.579      -0.437       1.000    0.28%       2.889      3.444      3.667
             360.000       0.747      -0.341       5.000    3.61%       3.889      4.333
     E_SC_M                3.826      -0.736       1.000    1.39%       3.000      3.667      4.000
             360.000       0.992      -0.126       5.000   20.56%       4.333      5.000
     E_STV_M               3.923      -0.811       1.222    0.83%       3.333      3.889      4.000
             360.000       0.667       0.350       5.000    9.72%       4.222      4.667
     E_SC_F                3.607      -0.383       1.000    0.56%       3.000      3.333      3.667
             360.000       0.751      -0.158       5.000   10.00%       4.000      4.333
     E_STV_F               3.670      -0.495       1.000    0.28%       3.000      3.444      3.722
             359.000       0.658      -0.021       5.000    3.90%       3.889      4.444

RANDOM STARTS RESULTS RANKED FROM THE BEST TO THE WORST LOGLIKELIHOOD VALUES

Final stage loglikelihood values at local maxima, seeds, and initial stage start numbers:

           -2375.222  928287           197
           -2375.222  402224           91
           -2375.222  260601           36
           -2375.222  848969           173
           -2375.222  443917           60
           -2375.222  168762           200
           -2375.222  347515           24
           -2375.222  284109           82
           -2375.222  46437            153
           -2375.222  364676           27
           -2376.426  636396           168
           -2376.426  650371           14
           -2376.426  100874           108
           -2376.426  120506           45
           -2376.426  354208           196
           -2376.792  939709           112
           -2376.792  723775           97
           -2376.792  496881           192
           -2376.792  913639           162
           -2376.792  124999           96
           -2376.792  341041           34
           -2376.792  848163           47
           -2376.792  741888           138
           -2376.792  153942           31
           -2376.792  751054           117
           -2376.792  76337            76
           -2376.792  118421           139
           -2376.792  782200           84
           -2376.792  608496           4
           -2376.792  992389           77
           -2376.793  407168           44
           -2378.462  371246           101
           -2381.174  207896           25
           -2381.479  783165           170
           -2381.479  846194           93

15 perturbed starting value run(s) did not converge or were rejected in the third stage.



THE BEST LOGLIKELIHOOD VALUE HAS BEEN REPLICATED.  RERUN WITH AT LEAST TWICE THE
RANDOM STARTS TO CHECK THAT THE BEST LOGLIKELIHOOD IS STILL OBTAINED AND REPLICATED.


THE MODEL ESTIMATION TERMINATED NORMALLY



MODEL FIT INFORMATION

Number of Free Parameters                       47

Loglikelihood

          H0 Value                       -2375.222
          H0 Scaling Correction Factor      1.6071
            for MLR

Information Criteria

          Akaike (AIC)                    4844.444
          Bayesian (BIC)                  5027.090
          Sample-Size Adjusted BIC        4877.982
            (n* = (n + 2) / 24)



FINAL CLASS COUNTS AND PROPORTIONS FOR THE LATENT CLASSES
BASED ON THE ESTIMATED MODEL

    Latent
   Classes

       1         22.93457          0.06371
       2         46.90281          0.13029
       3         47.49301          0.13193
       4         35.12571          0.09757
       5        126.01143          0.35003
       6         81.53246          0.22648


FINAL CLASS COUNTS AND PROPORTIONS FOR THE LATENT CLASSES
BASED ON ESTIMATED POSTERIOR PROBABILITIES

    Latent
   Classes

       1         22.93457          0.06371
       2         46.90281          0.13029
       3         47.49301          0.13193
       4         35.12571          0.09757
       5        126.01143          0.35003
       6         81.53246          0.22648


FINAL CLASS COUNTS AND PROPORTIONS FOR THE LATENT CLASSES
BASED ON THEIR MOST LIKELY LATENT CLASS MEMBERSHIP

Class Counts and Proportions

    Latent
   Classes

       1               24          0.06667
       2               47          0.13056
       3               46          0.12778
       4               34          0.09444
       5              126          0.35000
       6               83          0.23056


CLASSIFICATION QUALITY

     Entropy                         0.774


Average Latent Class Probabilities for Most Likely Latent Class Membership (Row)
by Latent Class (Column)

           1        2        3        4        5        6

    1   0.903    0.058    0.038    0.001    0.000    0.000
    2   0.020    0.769    0.044    0.042    0.125    0.000
    3   0.006    0.032    0.865    0.035    0.058    0.004
    4   0.000    0.048    0.030    0.800    0.106    0.015
    5   0.000    0.050    0.027    0.033    0.834    0.057
    6   0.000    0.000    0.005    0.001    0.106    0.888


Classification Probabilities for the Most Likely Latent Class Membership (Column)
by Latent Class (Row)

           1        2        3        4        5        6

    1   0.945    0.042    0.013    0.000    0.000    0.000
    2   0.030    0.770    0.031    0.035    0.134    0.000
    3   0.019    0.043    0.837    0.021    0.071    0.008
    4   0.000    0.056    0.046    0.774    0.119    0.004
    5   0.000    0.047    0.021    0.029    0.834    0.070
    6   0.000    0.000    0.002    0.006    0.087    0.904


Logits for the Classification Probabilities for the Most Likely Latent Class Membership (Column)
by Latent Class (Row)

              1        2        3        4        5        6

    1     13.759   10.642    9.475    3.879    1.744    0.000
    2      7.255   10.510    7.306    7.422    8.759    0.000
    3      0.857    1.670    4.632    0.968    2.158    0.000
    4     -2.028    2.776    2.566    5.395    3.525    0.000
    5     -7.999   -0.401   -1.185   -0.887    2.483    0.000
    6    -13.715  -11.929   -6.048   -4.964   -2.336    0.000


MODEL RESULTS

                                                    Two-Tailed
                    Estimate       S.E.  Est./S.E.    P-Value

Latent Class 1

 Means
    E_SC_S             2.777      0.295      9.412      0.000
    E_STV_S            2.377      0.185     12.818      0.000
    E_SC_M             2.417      0.656      3.681      0.000
    E_STV_M            2.194      0.313      7.019      0.000
    E_SC_F             2.633      0.338      7.793      0.000
    E_STV_F            2.206      0.212     10.396      0.000

 Variances
    E_SC_S             0.380      0.056      6.790      0.000
    E_STV_S            0.500      0.070      7.151      0.000
    E_SC_M             0.435      0.094      4.622      0.000
    E_STV_M            0.226      0.028      8.029      0.000
    E_SC_F             0.417      0.074      5.672      0.000
    E_STV_F            0.238      0.046      5.131      0.000

Latent Class 2

 Means
    E_SC_S             3.457      0.197     17.578      0.000
    E_STV_S            3.035      0.425      7.142      0.000
    E_SC_M             3.859      0.423      9.127      0.000
    E_STV_M            3.591      0.693      5.182      0.000
    E_SC_F             2.891      0.344      8.395      0.000
    E_STV_F            2.740      0.155     17.674      0.000

 Variances
    E_SC_S             0.380      0.056      6.790      0.000
    E_STV_S            0.500      0.070      7.151      0.000
    E_SC_M             0.435      0.094      4.622      0.000
    E_STV_M            0.226      0.028      8.029      0.000
    E_SC_F             0.417      0.074      5.672      0.000
    E_STV_F            0.238      0.046      5.131      0.000

Latent Class 3

 Means
    E_SC_S             3.651      0.267     13.655      0.000
    E_STV_S            3.765      0.325     11.588      0.000
    E_SC_M             2.427      0.181     13.399      0.000
    E_STV_M            3.142      0.252     12.465      0.000
    E_SC_F             3.550      0.211     16.861      0.000
    E_STV_F            3.695      0.199     18.606      0.000

 Variances
    E_SC_S             0.380      0.056      6.790      0.000
    E_STV_S            0.500      0.070      7.151      0.000
    E_SC_M             0.435      0.094      4.622      0.000
    E_STV_M            0.226      0.028      8.029      0.000
    E_SC_F             0.417      0.074      5.672      0.000
    E_STV_F            0.238      0.046      5.131      0.000

Latent Class 4

 Means
    E_SC_S             2.520      0.210     11.999      0.000
    E_STV_S            3.345      0.230     14.518      0.000
    E_SC_M             3.526      0.228     15.486      0.000
    E_STV_M            4.266      0.141     30.300      0.000
    E_SC_F             2.826      0.310      9.116      0.000
    E_STV_F            3.808      0.180     21.208      0.000

 Variances
    E_SC_S             0.380      0.056      6.790      0.000
    E_STV_S            0.500      0.070      7.151      0.000
    E_SC_M             0.435      0.094      4.622      0.000
    E_STV_M            0.226      0.028      8.029      0.000
    E_SC_F             0.417      0.074      5.672      0.000
    E_STV_F            0.238      0.046      5.131      0.000

Latent Class 5

 Means
    E_SC_S             3.842      0.109     35.109      0.000
    E_STV_S            3.550      0.136     26.010      0.000
    E_SC_M             4.251      0.168     25.262      0.000
    E_STV_M            4.055      0.151     26.890      0.000
    E_SC_F             3.791      0.157     24.181      0.000
    E_STV_F            3.670      0.145     25.397      0.000

 Variances
    E_SC_S             0.380      0.056      6.790      0.000
    E_STV_S            0.500      0.070      7.151      0.000
    E_SC_M             0.435      0.094      4.622      0.000
    E_STV_M            0.226      0.028      8.029      0.000
    E_SC_F             0.417      0.074      5.672      0.000
    E_STV_F            0.238      0.046      5.131      0.000

Latent Class 6

 Means
    E_SC_S             4.291      0.076     56.151      0.000
    E_STV_S            4.266      0.101     42.092      0.000
    E_SC_M             4.491      0.096     46.700      0.000
    E_STV_M            4.704      0.049     96.460      0.000
    E_SC_F             4.379      0.093     46.956      0.000
    E_STV_F            4.535      0.066     68.785      0.000

 Variances
    E_SC_S             0.380      0.056      6.790      0.000
    E_STV_S            0.500      0.070      7.151      0.000
    E_SC_M             0.435      0.094      4.622      0.000
    E_STV_M            0.226      0.028      8.029      0.000
    E_SC_F             0.417      0.074      5.672      0.000
    E_STV_F            0.238      0.046      5.131      0.000

Categorical Latent Variables

 Means
    C#1               -1.268      0.524     -2.420      0.016
    C#2               -0.553      0.438     -1.262      0.207
    C#3               -0.540      0.284     -1.904      0.057
    C#4               -0.842      0.429     -1.963      0.050
    C#5                0.435      0.244      1.785      0.074


QUALITY OF NUMERICAL RESULTS

     Condition Number for the Information Matrix              0.180E-02
       (ratio of smallest to largest eigenvalue)


STANDARDIZED MODEL RESULTS


STDYX Standardization

                                                    Two-Tailed
                    Estimate       S.E.  Est./S.E.    P-Value

Latent Class 1

 Means
    E_SC_S             4.505      0.462      9.753      0.000
    E_STV_S            3.363      0.315     10.690      0.000
    E_SC_M             3.666      0.772      4.749      0.000
    E_STV_M            4.617      0.668      6.911      0.000
    E_SC_F             4.077      0.764      5.334      0.000
    E_STV_F            4.526      0.647      7.000      0.000

 Variances
    E_SC_S             1.000      0.000    999.000    999.000
    E_STV_S            1.000      0.000    999.000    999.000
    E_SC_M             1.000      0.000    999.000    999.000
    E_STV_M            1.000      0.000    999.000    999.000
    E_SC_F             1.000      0.000    999.000    999.000
    E_STV_F            1.000      0.000    999.000    999.000

Latent Class 2

 Means
    E_SC_S             5.609      0.485     11.561      0.000
    E_STV_S            4.294      0.553      7.762      0.000
    E_SC_M             5.854      0.503     11.645      0.000
    E_STV_M            7.557      1.438      5.254      0.000
    E_SC_F             4.478      0.423     10.597      0.000
    E_STV_F            5.621      0.724      7.765      0.000

 Variances
    E_SC_S             1.000      0.000    999.000    999.000
    E_STV_S            1.000      0.000    999.000    999.000
    E_SC_M             1.000      0.000    999.000    999.000
    E_STV_M            1.000      0.000    999.000    999.000
    E_SC_F             1.000      0.000    999.000    999.000
    E_STV_F            1.000      0.000    999.000    999.000

Latent Class 3

 Means
    E_SC_S             5.924      0.739      8.018      0.000
    E_STV_S            5.327      0.754      7.063      0.000
    E_SC_M             3.682      0.567      6.490      0.000
    E_STV_M            6.613      0.640     10.330      0.000
    E_SC_F             5.498      0.484     11.362      0.000
    E_STV_F            7.580      0.619     12.242      0.000

 Variances
    E_SC_S             1.000      0.000    999.000    999.000
    E_STV_S            1.000      0.000    999.000    999.000
    E_SC_M             1.000      0.000    999.000    999.000
    E_STV_M            1.000      0.000    999.000    999.000
    E_SC_F             1.000      0.000    999.000    999.000
    E_STV_F            1.000      0.000    999.000    999.000

Latent Class 4

 Means
    E_SC_S             4.088      0.495      8.251      0.000
    E_STV_S            4.732      0.407     11.634      0.000
    E_SC_M             5.349      0.646      8.276      0.000
    E_STV_M            8.979      0.683     13.141      0.000
    E_SC_F             4.376      0.504      8.683      0.000
    E_STV_F            7.812      0.993      7.864      0.000

 Variances
    E_SC_S             1.000      0.000    999.000    999.000
    E_STV_S            1.000      0.000    999.000    999.000
    E_SC_M             1.000      0.000    999.000    999.000
    E_STV_M            1.000      0.000    999.000    999.000
    E_SC_F             1.000      0.000    999.000    999.000
    E_STV_F            1.000      0.000    999.000    999.000

Latent Class 5

 Means
    E_SC_S             6.234      0.542     11.503      0.000
    E_STV_S            5.022      0.377     13.306      0.000
    E_SC_M             6.449      0.912      7.075      0.000
    E_STV_M            8.535      0.692     12.337      0.000
    E_SC_F             5.872      0.707      8.306      0.000
    E_STV_F            7.530      0.947      7.948      0.000

 Variances
    E_SC_S             1.000      0.000    999.000    999.000
    E_STV_S            1.000      0.000    999.000    999.000
    E_SC_M             1.000      0.000    999.000    999.000
    E_STV_M            1.000      0.000    999.000    999.000
    E_SC_F             1.000      0.000    999.000    999.000
    E_STV_F            1.000      0.000    999.000    999.000

Latent Class 6

 Means
    E_SC_S             6.962      0.550     12.654      0.000
    E_STV_S            6.036      0.515     11.724      0.000
    E_SC_M             6.813      0.816      8.345      0.000
    E_STV_M            9.900      0.663     14.922      0.000
    E_SC_F             6.782      0.651     10.416      0.000
    E_STV_F            9.305      0.973      9.565      0.000

 Variances
    E_SC_S             1.000      0.000    999.000    999.000
    E_STV_S            1.000      0.000    999.000    999.000
    E_SC_M             1.000      0.000    999.000    999.000
    E_STV_M            1.000      0.000    999.000    999.000
    E_SC_F             1.000      0.000    999.000    999.000
    E_STV_F            1.000      0.000    999.000    999.000


R-SQUARE

Class 1

Class 2

Class 3

Class 4

Class 5

Class 6


TECHNICAL 1 OUTPUT


     PARAMETER SPECIFICATION FOR LATENT CLASS 1


           NU
              E_SC_S        E_STV_S       E_SC_M        E_STV_M       E_SC_F
              ________      ________      ________      ________      ________
                    1             2             3             4             5


           NU
              E_STV_F
              ________
                    6


           THETA
              E_SC_S        E_STV_S       E_SC_M        E_STV_M       E_SC_F
              ________      ________      ________      ________      ________
 E_SC_S             7
 E_STV_S            0             8
 E_SC_M             0             0             9
 E_STV_M            0             0             0            10
 E_SC_F             0             0             0             0            11
 E_STV_F            0             0             0             0             0


           THETA
              E_STV_F
              ________
 E_STV_F           12


     PARAMETER SPECIFICATION FOR LATENT CLASS 2


           NU
              E_SC_S        E_STV_S       E_SC_M        E_STV_M       E_SC_F
              ________      ________      ________      ________      ________
                   13            14            15            16            17


           NU
              E_STV_F
              ________
                   18


           THETA
              E_SC_S        E_STV_S       E_SC_M        E_STV_M       E_SC_F
              ________      ________      ________      ________      ________
 E_SC_S             7
 E_STV_S            0             8
 E_SC_M             0             0             9
 E_STV_M            0             0             0            10
 E_SC_F             0             0             0             0            11
 E_STV_F            0             0             0             0             0


           THETA
              E_STV_F
              ________
 E_STV_F           12


     PARAMETER SPECIFICATION FOR LATENT CLASS 3


           NU
              E_SC_S        E_STV_S       E_SC_M        E_STV_M       E_SC_F
              ________      ________      ________      ________      ________
                   19            20            21            22            23


           NU
              E_STV_F
              ________
                   24


           THETA
              E_SC_S        E_STV_S       E_SC_M        E_STV_M       E_SC_F
              ________      ________      ________      ________      ________
 E_SC_S             7
 E_STV_S            0             8
 E_SC_M             0             0             9
 E_STV_M            0             0             0            10
 E_SC_F             0             0             0             0            11
 E_STV_F            0             0             0             0             0


           THETA
              E_STV_F
              ________
 E_STV_F           12


     PARAMETER SPECIFICATION FOR LATENT CLASS 4


           NU
              E_SC_S        E_STV_S       E_SC_M        E_STV_M       E_SC_F
              ________      ________      ________      ________      ________
                   25            26            27            28            29


           NU
              E_STV_F
              ________
                   30


           THETA
              E_SC_S        E_STV_S       E_SC_M        E_STV_M       E_SC_F
              ________      ________      ________      ________      ________
 E_SC_S             7
 E_STV_S            0             8
 E_SC_M             0             0             9
 E_STV_M            0             0             0            10
 E_SC_F             0             0             0             0            11
 E_STV_F            0             0             0             0             0


           THETA
              E_STV_F
              ________
 E_STV_F           12


     PARAMETER SPECIFICATION FOR LATENT CLASS 5


           NU
              E_SC_S        E_STV_S       E_SC_M        E_STV_M       E_SC_F
              ________      ________      ________      ________      ________
                   31            32            33            34            35


           NU
              E_STV_F
              ________
                   36


           THETA
              E_SC_S        E_STV_S       E_SC_M        E_STV_M       E_SC_F
              ________      ________      ________      ________      ________
 E_SC_S             7
 E_STV_S            0             8
 E_SC_M             0             0             9
 E_STV_M            0             0             0            10
 E_SC_F             0             0             0             0            11
 E_STV_F            0             0             0             0             0


           THETA
              E_STV_F
              ________
 E_STV_F           12


     PARAMETER SPECIFICATION FOR LATENT CLASS 6


           NU
              E_SC_S        E_STV_S       E_SC_M        E_STV_M       E_SC_F
              ________      ________      ________      ________      ________
                   37            38            39            40            41


           NU
              E_STV_F
              ________
                   42


           THETA
              E_SC_S        E_STV_S       E_SC_M        E_STV_M       E_SC_F
              ________      ________      ________      ________      ________
 E_SC_S             7
 E_STV_S            0             8
 E_SC_M             0             0             9
 E_STV_M            0             0             0            10
 E_SC_F             0             0             0             0            11
 E_STV_F            0             0             0             0             0


           THETA
              E_STV_F
              ________
 E_STV_F           12


     PARAMETER SPECIFICATION FOR LATENT CLASS REGRESSION MODEL PART


           ALPHA(C)
              C#1           C#2           C#3           C#4           C#5
              ________      ________      ________      ________      ________
                   43            44            45            46            47


           ALPHA(C)
              C#6
              ________
                    0


     STARTING VALUES FOR LATENT CLASS 1


           NU
              E_SC_S        E_STV_S       E_SC_M        E_STV_M       E_SC_F
              ________      ________      ________      ________      ________
                2.042         1.850         1.835         2.290         1.874


           NU
              E_STV_F
              ________
                2.047


           THETA
              E_SC_S        E_STV_S       E_SC_M        E_STV_M       E_SC_F
              ________      ________      ________      ________      ________
 E_SC_S         0.332
 E_STV_S        0.000         0.374
 E_SC_M         0.000         0.000         0.496
 E_STV_M        0.000         0.000         0.000         0.333
 E_SC_F         0.000         0.000         0.000         0.000         0.376
 E_STV_F        0.000         0.000         0.000         0.000         0.000


           THETA
              E_STV_F
              ________
 E_STV_F        0.329


     STARTING VALUES FOR LATENT CLASS 2


           NU
              E_SC_S        E_STV_S       E_SC_M        E_STV_M       E_SC_F
              ________      ________      ________      ________      ________
                2.857         2.714         2.830         3.107         2.741


           NU
              E_STV_F
              ________
                2.858


           THETA
              E_SC_S        E_STV_S       E_SC_M        E_STV_M       E_SC_F
              ________      ________      ________      ________      ________
 E_SC_S         0.332
 E_STV_S        0.000         0.374
 E_SC_M         0.000         0.000         0.496
 E_STV_M        0.000         0.000         0.000         0.333
 E_SC_F         0.000         0.000         0.000         0.000         0.376
 E_STV_F        0.000         0.000         0.000         0.000         0.000


           THETA
              E_STV_F
              ________
 E_STV_F        0.329


     STARTING VALUES FOR LATENT CLASS 3


           NU
              E_SC_S        E_STV_S       E_SC_M        E_STV_M       E_SC_F
              ________      ________      ________      ________      ________
                3.671         3.579         3.826         3.923         3.607


           NU
              E_STV_F
              ________
                3.670


           THETA
              E_SC_S        E_STV_S       E_SC_M        E_STV_M       E_SC_F
              ________      ________      ________      ________      ________
 E_SC_S         0.332
 E_STV_S        0.000         0.374
 E_SC_M         0.000         0.000         0.496
 E_STV_M        0.000         0.000         0.000         0.333
 E_SC_F         0.000         0.000         0.000         0.000         0.376
 E_STV_F        0.000         0.000         0.000         0.000         0.000


           THETA
              E_STV_F
              ________
 E_STV_F        0.329


     STARTING VALUES FOR LATENT CLASS 4


           NU
              E_SC_S        E_STV_S       E_SC_M        E_STV_M       E_SC_F
              ________      ________      ________      ________      ________
                3.671         3.579         3.826         3.923         3.607


           NU
              E_STV_F
              ________
                3.670


           THETA
              E_SC_S        E_STV_S       E_SC_M        E_STV_M       E_SC_F
              ________      ________      ________      ________      ________
 E_SC_S         0.332
 E_STV_S        0.000         0.374
 E_SC_M         0.000         0.000         0.496
 E_STV_M        0.000         0.000         0.000         0.333
 E_SC_F         0.000         0.000         0.000         0.000         0.376
 E_STV_F        0.000         0.000         0.000         0.000         0.000


           THETA
              E_STV_F
              ________
 E_STV_F        0.329


     STARTING VALUES FOR LATENT CLASS 5


           NU
              E_SC_S        E_STV_S       E_SC_M        E_STV_M       E_SC_F
              ________      ________      ________      ________      ________
                4.486         4.443         4.822         4.740         4.474


           NU
              E_STV_F
              ________
                4.481


           THETA
              E_SC_S        E_STV_S       E_SC_M        E_STV_M       E_SC_F
              ________      ________      ________      ________      ________
 E_SC_S         0.332
 E_STV_S        0.000         0.374
 E_SC_M         0.000         0.000         0.496
 E_STV_M        0.000         0.000         0.000         0.333
 E_SC_F         0.000         0.000         0.000         0.000         0.376
 E_STV_F        0.000         0.000         0.000         0.000         0.000


           THETA
              E_STV_F
              ________
 E_STV_F        0.329


     STARTING VALUES FOR LATENT CLASS 6


           NU
              E_SC_S        E_STV_S       E_SC_M        E_STV_M       E_SC_F
              ________      ________      ________      ________      ________
                5.300         5.308         5.818         5.557         5.341


           NU
              E_STV_F
              ________
                5.292


           THETA
              E_SC_S        E_STV_S       E_SC_M        E_STV_M       E_SC_F
              ________      ________      ________      ________      ________
 E_SC_S         0.332
 E_STV_S        0.000         0.374
 E_SC_M         0.000         0.000         0.496
 E_STV_M        0.000         0.000         0.000         0.333
 E_SC_F         0.000         0.000         0.000         0.000         0.376
 E_STV_F        0.000         0.000         0.000         0.000         0.000


           THETA
              E_STV_F
              ________
 E_STV_F        0.329


     STARTING VALUES FOR LATENT CLASS REGRESSION MODEL PART


           ALPHA(C)
              C#1           C#2           C#3           C#4           C#5
              ________      ________      ________      ________      ________
                0.000         0.000         0.000         0.000         0.000


           ALPHA(C)
              C#6
              ________
                0.000


TECHNICAL 11 OUTPUT

     Random Starts Specifications for the k-1 Class Analysis Model
        Number of initial stage random starts                 200
        Number of final stage optimizations                    50



     VUONG-LO-MENDELL-RUBIN LIKELIHOOD RATIO TEST FOR 5 (H0) VERSUS 6 CLASSES

          H0 Loglikelihood Value                        -2396.932
          2 Times the Loglikelihood Difference             43.420
          Difference in the Number of Parameters                7
          Mean                                            147.941
          Standard Deviation                              301.407
          P-Value                                          0.5900

     LO-MENDELL-RUBIN ADJUSTED LRT TEST

          Value                                            42.391
          P-Value                                          0.5929


TECHNICAL 14 OUTPUT

     Random Starts Specifications for the k-1 Class Analysis Model
        Number of initial stage random starts                 200
        Number of final stage optimizations                    50

     Random Starts Specification for the k-1 Class Model for Generated Data
        Number of initial stage random starts                 200
        Number of final stage optimizations                    50
     Random Starts Specification for the k Class Model for Generated Data
        Number of initial stage random starts                 200
        Number of final stage optimizations                    50
     Number of bootstrap draws requested                   Varies


     PARAMETRIC BOOTSTRAPPED LIKELIHOOD RATIO TEST FOR 5 (H0) VERSUS 6 CLASSES

          H0 Loglikelihood Value                        -2396.932
          2 Times the Loglikelihood Difference             43.420
          Difference in the Number of Parameters                7
          Approximate P-Value                              0.0000
          Successful Bootstrap Draws                           20


DIAGRAM INFORMATION

  Mplus diagrams are currently not available for Mixture analysis.
  No diagram output was produced.


     Beginning Time:  14:21:50
        Ending Time:  14:24:39
       Elapsed Time:  00:02:49



MUTHEN & MUTHEN
3463 Stoner Ave.
Los Angeles, CA  90066

Tel: (310) 391-9971
Fax: (310) 391-8971
Web: www.StatModel.com
Support: Support@StatModel.com

Copyright (c) 1998-2021 Muthen & Muthen
