Mplus VERSION 8.6
MUTHEN & MUTHEN
01/28/2022   2:17 PM

INPUT INSTRUCTIONS

  TITLE: STL Profile 2 - cross sectional LPA year 5
  DATA: FILE = STL6_new.dat;

  VARIABLE: NAMES ARE
    ID sex E_Asp F_Asp
    Score_S Score_M Score_F
    D_at_S D_ut_S D_in_S D_sc_S D_STV_S
    D_at_M D_ut_M D_in_M D_sc_M D_STV_M
    D_at_F D_ut_F D_in_F D_sc_F D_STV_F
    E_at_S E_ut_S E_in_S E_sc_S E_STV_S
    E_at_M E_ut_M E_in_M E_sc_M E_STV_M
    E_at_F E_ut_F E_in_F E_sc_F E_STV_F
    F_at_S F_ut_S F_in_S F_sc_S F_STV_S
    F_at_M F_ut_M F_in_M F_sc_M F_STV_M
    F_at_F F_ut_F F_in_F F_sc_F F_STV_F;

    USEVARIABLES ARE
    E_sc_S E_STV_S
    E_sc_M E_STV_M
    E_sc_F E_STV_F
    ;

    MISSING ARE ALL(-999);

    CLASSES = c(2);

  ANALYSIS:	

     	TYPE = MIXTURE;
    	ESTIMATOR=MLR;
    	processors = 4;
      STARTS = 200 50;
     	STITERATIONS=50;
     	LRTSTARTS = 200 50 200 50;

    MODEL:
  %OVERALL%

  %c#1%
    [E_sc_S E_STV_S
    E_sc_M E_STV_M
    E_sc_F E_STV_F]
    ;

  %c#2%
    [E_sc_S E_STV_S
    E_sc_M E_STV_M
    E_sc_F E_STV_F]
    ;
  OUTPUT: TECH1 TECH11 TECH14 samp stdyx;



*** WARNING in MODEL command
  All variables are uncorrelated with all other variables within class.
  Check that this is what is intended.
*** WARNING
  Data set contains cases with missing on all variables.
  These cases were not included in the analysis.
  Number of cases with missing on all variables:  340
   2 WARNING(S) FOUND IN THE INPUT INSTRUCTIONS



STL Profile 2 - cross sectional LPA year 5

SUMMARY OF ANALYSIS

Number of groups                                                 1
Number of observations                                         360

Number of dependent variables                                    6
Number of independent variables                                  0
Number of continuous latent variables                            0
Number of categorical latent variables                           1

Observed dependent variables

  Continuous
   E_SC_S      E_STV_S     E_SC_M      E_STV_M     E_SC_F      E_STV_F

Categorical latent variables
   C


Estimator                                                      MLR
Information matrix                                        OBSERVED
Optimization Specifications for the Quasi-Newton Algorithm for
Continuous Outcomes
  Maximum number of iterations                                 100
  Convergence criterion                                  0.100D-05
Optimization Specifications for the EM Algorithm
  Maximum number of iterations                                 500
  Convergence criteria
    Loglikelihood change                                 0.100D-06
    Relative loglikelihood change                        0.100D-06
    Derivative                                           0.100D-05
Optimization Specifications for the M step of the EM Algorithm for
Categorical Latent variables
  Number of M step iterations                                    1
  M step convergence criterion                           0.100D-05
  Basis for M step termination                           ITERATION
Optimization Specifications for the M step of the EM Algorithm for
Censored, Binary or Ordered Categorical (Ordinal), Unordered
Categorical (Nominal) and Count Outcomes
  Number of M step iterations                                    1
  M step convergence criterion                           0.100D-05
  Basis for M step termination                           ITERATION
  Maximum value for logit thresholds                            15
  Minimum value for logit thresholds                           -15
  Minimum expected cell size for chi-square              0.100D-01
Maximum number of iterations for H1                           2000
Convergence criterion for H1                             0.100D-03
Optimization algorithm                                         EMA
Random Starts Specifications
  Number of initial stage random starts                        200
  Number of final stage optimizations                           50
  Number of initial stage iterations                            50
  Initial stage convergence criterion                    0.100D+01
  Random starts scale                                    0.500D+01
  Random seed for generating random starts                       0

Input data file(s)
  STL6_new.dat
Input data format  FREE


SUMMARY OF DATA

     Number of missing data patterns             2
     Number of y missing data patterns           2
     Number of u missing data patterns           0


COVARIANCE COVERAGE OF DATA

Minimum covariance coverage value   0.100


     PROPORTION OF DATA PRESENT FOR Y


           Covariance Coverage
              E_SC_S        E_STV_S       E_SC_M        E_STV_M       E_SC_F
              ________      ________      ________      ________      ________
 E_SC_S         1.000
 E_STV_S        1.000         1.000
 E_SC_M         1.000         1.000         1.000
 E_STV_M        1.000         1.000         1.000         1.000
 E_SC_F         1.000         1.000         1.000         1.000         1.000
 E_STV_F        0.997         0.997         0.997         0.997         0.997


           Covariance Coverage
              E_STV_F
              ________
 E_STV_F        0.997


SAMPLE STATISTICS


     ESTIMATED SAMPLE STATISTICS


           Means
              E_SC_S        E_STV_S       E_SC_M        E_STV_M       E_SC_F
              ________      ________      ________      ________      ________
                3.671         3.579         3.826         3.923         3.607


           Means
              E_STV_F
              ________
                3.665


           Covariances
              E_SC_S        E_STV_S       E_SC_M        E_STV_M       E_SC_F
              ________      ________      ________      ________      ________
 E_SC_S         0.663
 E_STV_S        0.394         0.747
 E_SC_M         0.263         0.110         0.992
 E_STV_M        0.158         0.304         0.510         0.667
 E_SC_F         0.345         0.164         0.301         0.192         0.751
 E_STV_F        0.178         0.343         0.215         0.390         0.411


           Covariances
              E_STV_F
              ________
 E_STV_F        0.664


           Correlations
              E_SC_S        E_STV_S       E_SC_M        E_STV_M       E_SC_F
              ________      ________      ________      ________      ________
 E_SC_S         1.000
 E_STV_S        0.560         1.000
 E_SC_M         0.325         0.128         1.000
 E_STV_M        0.237         0.430         0.627         1.000
 E_SC_F         0.488         0.219         0.349         0.271         1.000
 E_STV_F        0.268         0.488         0.265         0.586         0.582


           Correlations
              E_STV_F
              ________
 E_STV_F        1.000


     MAXIMUM LOG-LIKELIHOOD VALUE FOR THE UNRESTRICTED (H1) MODEL IS -2254.256


UNIVARIATE SAMPLE STATISTICS


     UNIVARIATE HIGHER-ORDER MOMENT DESCRIPTIVE STATISTICS

         Variable/         Mean/     Skewness/   Minimum/ % with                Percentiles
        Sample Size      Variance    Kurtosis    Maximum  Min/Max      20%/60%    40%/80%    Median

     E_SC_S                3.671      -0.482       1.000    0.28%       3.000      3.667      3.667
             360.000       0.663      -0.019       5.000    7.78%       4.000      4.333
     E_STV_S               3.579      -0.437       1.000    0.28%       2.889      3.444      3.667
             360.000       0.747      -0.341       5.000    3.61%       3.889      4.333
     E_SC_M                3.826      -0.736       1.000    1.39%       3.000      3.667      4.000
             360.000       0.992      -0.126       5.000   20.56%       4.333      5.000
     E_STV_M               3.923      -0.811       1.222    0.83%       3.333      3.889      4.000
             360.000       0.667       0.350       5.000    9.72%       4.222      4.667
     E_SC_F                3.607      -0.383       1.000    0.56%       3.000      3.333      3.667
             360.000       0.751      -0.158       5.000   10.00%       4.000      4.333
     E_STV_F               3.670      -0.495       1.000    0.28%       3.000      3.444      3.722
             359.000       0.658      -0.021       5.000    3.90%       3.889      4.444

RANDOM STARTS RESULTS RANKED FROM THE BEST TO THE WORST LOGLIKELIHOOD VALUES

Final stage loglikelihood values at local maxima, seeds, and initial stage start numbers:

           -2550.719  372176           23
           -2550.719  475420           71
           -2550.719  715561           125
           -2550.719  794236           127
           -2550.719  821011           161
           -2550.719  407168           44
           -2550.719  481835           57
           -2550.719  635245           121
           -2550.719  22089            143
           -2550.719  846194           93
           -2550.719  313407           132
           -2550.719  260601           36
           -2550.719  606576           151
           -2550.719  466971           109
           -2550.719  603842           61
           -2550.719  484501           163
           -2550.719  414284           158
           -2550.719  887676           22
           -2550.719  393232           152
           -2550.719  717754           180
           -2550.719  569131           26
           -2550.719  422103           62
           -2550.719  207896           25
           -2550.719  618000           190
           -2550.719  118421           139
           -2550.719  107446           12
           -2550.719  972873           157
           -2550.719  120506           45
           -2550.719  992389           77
           -2550.719  415502           194
           -2550.719  150531           154
           -2550.719  168762           200
           -2550.719  311214           64
           -2550.719  783110           72
           -2550.719  170954           86
           -2550.719  696773           80
           -2550.719  802779           122
           -2550.719  268896           124
           -2550.719  341041           34
           -2550.719  85462            51
           -2550.719  192071           142
           -2550.719  963053           43
           -2550.719  152496           123
           -2550.719  unperturbed      0
           -2550.719  915107           54
           -2550.719  467339           66
           -2550.719  526324           178
           -2550.719  318230           46
           -2550.719  437181           135
           -2550.719  902278           21



THE BEST LOGLIKELIHOOD VALUE HAS BEEN REPLICATED.  RERUN WITH AT LEAST TWICE THE
RANDOM STARTS TO CHECK THAT THE BEST LOGLIKELIHOOD IS STILL OBTAINED AND REPLICATED.


THE MODEL ESTIMATION TERMINATED NORMALLY



MODEL FIT INFORMATION

Number of Free Parameters                       19

Loglikelihood

          H0 Value                       -2550.719
          H0 Scaling Correction Factor      1.3312
            for MLR

Information Criteria

          Akaike (AIC)                    5139.439
          Bayesian (BIC)                  5213.275
          Sample-Size Adjusted BIC        5152.997
            (n* = (n + 2) / 24)



FINAL CLASS COUNTS AND PROPORTIONS FOR THE LATENT CLASSES
BASED ON THE ESTIMATED MODEL

    Latent
   Classes

       1        143.38187          0.39828
       2        216.61813          0.60172


FINAL CLASS COUNTS AND PROPORTIONS FOR THE LATENT CLASSES
BASED ON ESTIMATED POSTERIOR PROBABILITIES

    Latent
   Classes

       1        143.38187          0.39828
       2        216.61813          0.60172


FINAL CLASS COUNTS AND PROPORTIONS FOR THE LATENT CLASSES
BASED ON THEIR MOST LIKELY LATENT CLASS MEMBERSHIP

Class Counts and Proportions

    Latent
   Classes

       1              143          0.39722
       2              217          0.60278


CLASSIFICATION QUALITY

     Entropy                         0.733


Average Latent Class Probabilities for Most Likely Latent Class Membership (Row)
by Latent Class (Column)

           1        2

    1   0.905    0.095
    2   0.065    0.935


Classification Probabilities for the Most Likely Latent Class Membership (Column)
by Latent Class (Row)

           1        2

    1   0.902    0.098
    2   0.063    0.937


Logits for the Classification Probabilities for the Most Likely Latent Class Membership (Column)
by Latent Class (Row)

              1        2

    1      2.221    0.000
    2     -2.699    0.000


MODEL RESULTS

                                                    Two-Tailed
                    Estimate       S.E.  Est./S.E.    P-Value

Latent Class 1

 Means
    E_SC_S             3.193      0.094     34.000      0.000
    E_STV_S            3.110      0.102     30.622      0.000
    E_SC_M             3.172      0.181     17.483      0.000
    E_STV_M            3.339      0.153     21.762      0.000
    E_SC_F             3.020      0.098     30.727      0.000
    E_STV_F            3.084      0.116     26.640      0.000

 Variances
    E_SC_S             0.512      0.054      9.456      0.000
    E_STV_S            0.602      0.053     11.307      0.000
    E_SC_M             0.709      0.094      7.506      0.000
    E_STV_M            0.441      0.053      8.361      0.000
    E_SC_F             0.523      0.058      9.013      0.000
    E_STV_F            0.433      0.043     10.028      0.000

Latent Class 2

 Means
    E_SC_S             3.988      0.089     44.728      0.000
    E_STV_S            3.889      0.090     43.443      0.000
    E_SC_M             4.259      0.084     50.962      0.000
    E_STV_M            4.310      0.064     67.506      0.000
    E_SC_F             3.996      0.099     40.293      0.000
    E_STV_F            4.054      0.081     50.189      0.000

 Variances
    E_SC_S             0.512      0.054      9.456      0.000
    E_STV_S            0.602      0.053     11.307      0.000
    E_SC_M             0.709      0.094      7.506      0.000
    E_STV_M            0.441      0.053      8.361      0.000
    E_SC_F             0.523      0.058      9.013      0.000
    E_STV_F            0.433      0.043     10.028      0.000

Categorical Latent Variables

 Means
    C#1               -0.413      0.291     -1.416      0.157


QUALITY OF NUMERICAL RESULTS

     Condition Number for the Information Matrix              0.155E-01
       (ratio of smallest to largest eigenvalue)


STANDARDIZED MODEL RESULTS


STDYX Standardization

                                                    Two-Tailed
                    Estimate       S.E.  Est./S.E.    P-Value

Latent Class 1

 Means
    E_SC_S             4.462      0.268     16.677      0.000
    E_STV_S            4.008      0.219     18.263      0.000
    E_SC_M             3.768      0.236     15.967      0.000
    E_STV_M            5.028      0.307     16.376      0.000
    E_SC_F             4.177      0.284     14.730      0.000
    E_STV_F            4.687      0.303     15.461      0.000

 Variances
    E_SC_S             1.000      0.000    999.000    999.000
    E_STV_S            1.000      0.000    999.000    999.000
    E_SC_M             1.000      0.000    999.000    999.000
    E_STV_M            1.000      0.000    999.000    999.000
    E_SC_F             1.000      0.000    999.000    999.000
    E_STV_F            1.000      0.000    999.000    999.000

Latent Class 2

 Means
    E_SC_S             5.572      0.385     14.485      0.000
    E_STV_S            5.012      0.304     16.511      0.000
    E_SC_M             5.060      0.402     12.572      0.000
    E_STV_M            6.490      0.433     14.990      0.000
    E_SC_F             5.527      0.412     13.418      0.000
    E_STV_F            6.161      0.384     16.039      0.000

 Variances
    E_SC_S             1.000      0.000    999.000    999.000
    E_STV_S            1.000      0.000    999.000    999.000
    E_SC_M             1.000      0.000    999.000    999.000
    E_STV_M            1.000      0.000    999.000    999.000
    E_SC_F             1.000      0.000    999.000    999.000
    E_STV_F            1.000      0.000    999.000    999.000


R-SQUARE

Class 1

Class 2


TECHNICAL 1 OUTPUT


     PARAMETER SPECIFICATION FOR LATENT CLASS 1


           NU
              E_SC_S        E_STV_S       E_SC_M        E_STV_M       E_SC_F
              ________      ________      ________      ________      ________
                    1             2             3             4             5


           NU
              E_STV_F
              ________
                    6


           THETA
              E_SC_S        E_STV_S       E_SC_M        E_STV_M       E_SC_F
              ________      ________      ________      ________      ________
 E_SC_S             7
 E_STV_S            0             8
 E_SC_M             0             0             9
 E_STV_M            0             0             0            10
 E_SC_F             0             0             0             0            11
 E_STV_F            0             0             0             0             0


           THETA
              E_STV_F
              ________
 E_STV_F           12


     PARAMETER SPECIFICATION FOR LATENT CLASS 2


           NU
              E_SC_S        E_STV_S       E_SC_M        E_STV_M       E_SC_F
              ________      ________      ________      ________      ________
                   13            14            15            16            17


           NU
              E_STV_F
              ________
                   18


           THETA
              E_SC_S        E_STV_S       E_SC_M        E_STV_M       E_SC_F
              ________      ________      ________      ________      ________
 E_SC_S             7
 E_STV_S            0             8
 E_SC_M             0             0             9
 E_STV_M            0             0             0            10
 E_SC_F             0             0             0             0            11
 E_STV_F            0             0             0             0             0


           THETA
              E_STV_F
              ________
 E_STV_F           12


     PARAMETER SPECIFICATION FOR LATENT CLASS REGRESSION MODEL PART


           ALPHA(C)
              C#1           C#2
              ________      ________
                   19             0


     STARTING VALUES FOR LATENT CLASS 1


           NU
              E_SC_S        E_STV_S       E_SC_M        E_STV_M       E_SC_F
              ________      ________      ________      ________      ________
                2.857         2.714         2.830         3.107         2.741


           NU
              E_STV_F
              ________
                2.858


           THETA
              E_SC_S        E_STV_S       E_SC_M        E_STV_M       E_SC_F
              ________      ________      ________      ________      ________
 E_SC_S         0.332
 E_STV_S        0.000         0.374
 E_SC_M         0.000         0.000         0.496
 E_STV_M        0.000         0.000         0.000         0.333
 E_SC_F         0.000         0.000         0.000         0.000         0.376
 E_STV_F        0.000         0.000         0.000         0.000         0.000


           THETA
              E_STV_F
              ________
 E_STV_F        0.329


     STARTING VALUES FOR LATENT CLASS 2


           NU
              E_SC_S        E_STV_S       E_SC_M        E_STV_M       E_SC_F
              ________      ________      ________      ________      ________
                4.486         4.443         4.822         4.740         4.474


           NU
              E_STV_F
              ________
                4.481


           THETA
              E_SC_S        E_STV_S       E_SC_M        E_STV_M       E_SC_F
              ________      ________      ________      ________      ________
 E_SC_S         0.332
 E_STV_S        0.000         0.374
 E_SC_M         0.000         0.000         0.496
 E_STV_M        0.000         0.000         0.000         0.333
 E_SC_F         0.000         0.000         0.000         0.000         0.376
 E_STV_F        0.000         0.000         0.000         0.000         0.000


           THETA
              E_STV_F
              ________
 E_STV_F        0.329


     STARTING VALUES FOR LATENT CLASS REGRESSION MODEL PART


           ALPHA(C)
              C#1           C#2
              ________      ________
                0.000         0.000


TECHNICAL 11 OUTPUT

     Random Starts Specifications for the k-1 Class Analysis Model
        Number of initial stage random starts                 200
        Number of final stage optimizations                    50



     VUONG-LO-MENDELL-RUBIN LIKELIHOOD RATIO TEST FOR 1 (H0) VERSUS 2 CLASSES

          H0 Loglikelihood Value                        -2736.158
          2 Times the Loglikelihood Difference            370.877
          Difference in the Number of Parameters                7
          Mean                                             46.316
          Standard Deviation                               50.417
          P-Value                                          0.0010

     LO-MENDELL-RUBIN ADJUSTED LRT TEST

          Value                                           362.089
          P-Value                                          0.0012


TECHNICAL 14 OUTPUT

     Random Starts Specifications for the k-1 Class Analysis Model
        Number of initial stage random starts                 200
        Number of final stage optimizations                    50

     Random Starts Specification for the k-1 Class Model for Generated Data
        Number of initial stage random starts                 200
        Number of final stage optimizations                    50
     Random Starts Specification for the k Class Model for Generated Data
        Number of initial stage random starts                 200
        Number of final stage optimizations                    50
     Number of bootstrap draws requested                   Varies


     PARAMETRIC BOOTSTRAPPED LIKELIHOOD RATIO TEST FOR 1 (H0) VERSUS 2 CLASSES

          H0 Loglikelihood Value                        -2736.158
          2 Times the Loglikelihood Difference            370.877
          Difference in the Number of Parameters                7
          Approximate P-Value                              0.0000
          Successful Bootstrap Draws                            5


DIAGRAM INFORMATION

  Mplus diagrams are currently not available for Mixture analysis.
  No diagram output was produced.


     Beginning Time:  14:17:44
        Ending Time:  14:17:58
       Elapsed Time:  00:00:14



MUTHEN & MUTHEN
3463 Stoner Ave.
Los Angeles, CA  90066

Tel: (310) 391-9971
Fax: (310) 391-8971
Web: www.StatModel.com
Support: Support@StatModel.com

Copyright (c) 1998-2021 Muthen & Muthen
