Mplus VERSION 8.6
MUTHEN & MUTHEN
01/28/2022   2:20 PM

INPUT INSTRUCTIONS

  TITLE: STL Profile 5 - cross sectional LPA year 5
  DATA: FILE = STL6_new.dat;

  VARIABLE: NAMES ARE
    ID sex E_Asp F_Asp
    Score_S Score_M Score_F
    D_at_S D_ut_S D_in_S D_sc_S D_STV_S
    D_at_M D_ut_M D_in_M D_sc_M D_STV_M
    D_at_F D_ut_F D_in_F D_sc_F D_STV_F
    E_at_S E_ut_S E_in_S E_sc_S E_STV_S
    E_at_M E_ut_M E_in_M E_sc_M E_STV_M
    E_at_F E_ut_F E_in_F E_sc_F E_STV_F
    F_at_S F_ut_S F_in_S F_sc_S F_STV_S
    F_at_M F_ut_M F_in_M F_sc_M F_STV_M
    F_at_F F_ut_F F_in_F F_sc_F F_STV_F;

    USEVARIABLES ARE
    E_sc_S E_STV_S
    E_sc_M E_STV_M
    E_sc_F E_STV_F
    ;

    MISSING ARE ALL(-999);

    CLASSES = c(5);

  ANALYSIS:	

     	TYPE = MIXTURE;
    	ESTIMATOR=MLR;
    	processors = 4;
      STARTS = 200 50;
     	STITERATIONS=50;
     	LRTSTARTS = 200 50 200 50;

    MODEL:
  %OVERALL%

  %c#1%
    [E_sc_S E_STV_S
    E_sc_M E_STV_M
    E_sc_F E_STV_F]
    ;

  %c#2%
    [E_sc_S E_STV_S
    E_sc_M E_STV_M
    E_sc_F E_STV_F]
    ;

  %c#3%
    [E_sc_S E_STV_S
    E_sc_M E_STV_M
    E_sc_F E_STV_F]
    ;

  %c#4%
    [E_sc_S E_STV_S
    E_sc_M E_STV_M
    E_sc_F E_STV_F]
    ;

  %c#5%
    [E_sc_S E_STV_S
    E_sc_M E_STV_M
    E_sc_F E_STV_F]
    ;

  OUTPUT: TECH1 TECH11 TECH14 samp stdyx;



*** WARNING in MODEL command
  All variables are uncorrelated with all other variables within class.
  Check that this is what is intended.
*** WARNING
  Data set contains cases with missing on all variables.
  These cases were not included in the analysis.
  Number of cases with missing on all variables:  340
   2 WARNING(S) FOUND IN THE INPUT INSTRUCTIONS



STL Profile 5 - cross sectional LPA year 5

SUMMARY OF ANALYSIS

Number of groups                                                 1
Number of observations                                         360

Number of dependent variables                                    6
Number of independent variables                                  0
Number of continuous latent variables                            0
Number of categorical latent variables                           1

Observed dependent variables

  Continuous
   E_SC_S      E_STV_S     E_SC_M      E_STV_M     E_SC_F      E_STV_F

Categorical latent variables
   C


Estimator                                                      MLR
Information matrix                                        OBSERVED
Optimization Specifications for the Quasi-Newton Algorithm for
Continuous Outcomes
  Maximum number of iterations                                 100
  Convergence criterion                                  0.100D-05
Optimization Specifications for the EM Algorithm
  Maximum number of iterations                                 500
  Convergence criteria
    Loglikelihood change                                 0.100D-06
    Relative loglikelihood change                        0.100D-06
    Derivative                                           0.100D-05
Optimization Specifications for the M step of the EM Algorithm for
Categorical Latent variables
  Number of M step iterations                                    1
  M step convergence criterion                           0.100D-05
  Basis for M step termination                           ITERATION
Optimization Specifications for the M step of the EM Algorithm for
Censored, Binary or Ordered Categorical (Ordinal), Unordered
Categorical (Nominal) and Count Outcomes
  Number of M step iterations                                    1
  M step convergence criterion                           0.100D-05
  Basis for M step termination                           ITERATION
  Maximum value for logit thresholds                            15
  Minimum value for logit thresholds                           -15
  Minimum expected cell size for chi-square              0.100D-01
Maximum number of iterations for H1                           2000
Convergence criterion for H1                             0.100D-03
Optimization algorithm                                         EMA
Random Starts Specifications
  Number of initial stage random starts                        200
  Number of final stage optimizations                           50
  Number of initial stage iterations                            50
  Initial stage convergence criterion                    0.100D+01
  Random starts scale                                    0.500D+01
  Random seed for generating random starts                       0

Input data file(s)
  STL6_new.dat
Input data format  FREE


SUMMARY OF DATA

     Number of missing data patterns             2
     Number of y missing data patterns           2
     Number of u missing data patterns           0


COVARIANCE COVERAGE OF DATA

Minimum covariance coverage value   0.100


     PROPORTION OF DATA PRESENT FOR Y


           Covariance Coverage
              E_SC_S        E_STV_S       E_SC_M        E_STV_M       E_SC_F
              ________      ________      ________      ________      ________
 E_SC_S         1.000
 E_STV_S        1.000         1.000
 E_SC_M         1.000         1.000         1.000
 E_STV_M        1.000         1.000         1.000         1.000
 E_SC_F         1.000         1.000         1.000         1.000         1.000
 E_STV_F        0.997         0.997         0.997         0.997         0.997


           Covariance Coverage
              E_STV_F
              ________
 E_STV_F        0.997


SAMPLE STATISTICS


     ESTIMATED SAMPLE STATISTICS


           Means
              E_SC_S        E_STV_S       E_SC_M        E_STV_M       E_SC_F
              ________      ________      ________      ________      ________
                3.671         3.579         3.826         3.923         3.607


           Means
              E_STV_F
              ________
                3.665


           Covariances
              E_SC_S        E_STV_S       E_SC_M        E_STV_M       E_SC_F
              ________      ________      ________      ________      ________
 E_SC_S         0.663
 E_STV_S        0.394         0.747
 E_SC_M         0.263         0.110         0.992
 E_STV_M        0.158         0.304         0.510         0.667
 E_SC_F         0.345         0.164         0.301         0.192         0.751
 E_STV_F        0.178         0.343         0.215         0.390         0.411


           Covariances
              E_STV_F
              ________
 E_STV_F        0.664


           Correlations
              E_SC_S        E_STV_S       E_SC_M        E_STV_M       E_SC_F
              ________      ________      ________      ________      ________
 E_SC_S         1.000
 E_STV_S        0.560         1.000
 E_SC_M         0.325         0.128         1.000
 E_STV_M        0.237         0.430         0.627         1.000
 E_SC_F         0.488         0.219         0.349         0.271         1.000
 E_STV_F        0.268         0.488         0.265         0.586         0.582


           Correlations
              E_STV_F
              ________
 E_STV_F        1.000


     MAXIMUM LOG-LIKELIHOOD VALUE FOR THE UNRESTRICTED (H1) MODEL IS -2254.256


UNIVARIATE SAMPLE STATISTICS


     UNIVARIATE HIGHER-ORDER MOMENT DESCRIPTIVE STATISTICS

         Variable/         Mean/     Skewness/   Minimum/ % with                Percentiles
        Sample Size      Variance    Kurtosis    Maximum  Min/Max      20%/60%    40%/80%    Median

     E_SC_S                3.671      -0.482       1.000    0.28%       3.000      3.667      3.667
             360.000       0.663      -0.019       5.000    7.78%       4.000      4.333
     E_STV_S               3.579      -0.437       1.000    0.28%       2.889      3.444      3.667
             360.000       0.747      -0.341       5.000    3.61%       3.889      4.333
     E_SC_M                3.826      -0.736       1.000    1.39%       3.000      3.667      4.000
             360.000       0.992      -0.126       5.000   20.56%       4.333      5.000
     E_STV_M               3.923      -0.811       1.222    0.83%       3.333      3.889      4.000
             360.000       0.667       0.350       5.000    9.72%       4.222      4.667
     E_SC_F                3.607      -0.383       1.000    0.56%       3.000      3.333      3.667
             360.000       0.751      -0.158       5.000   10.00%       4.000      4.333
     E_STV_F               3.670      -0.495       1.000    0.28%       3.000      3.444      3.722
             359.000       0.658      -0.021       5.000    3.90%       3.889      4.444

RANDOM STARTS RESULTS RANKED FROM THE BEST TO THE WORST LOGLIKELIHOOD VALUES

Final stage loglikelihood values at local maxima, seeds, and initial stage start numbers:

           -2396.932  407168           44
           -2396.932  437181           135
           -2396.932  76337            76
           -2396.932  570782           193
           -2396.932  40340            188
           -2396.932  68985            17
           -2396.932  741888           138
           -2396.932  967237           48
           -2396.932  608496           4
           -2396.932  170954           86
           -2396.932  939709           112
           -2396.932  260601           36
           -2396.932  432148           30
           -2396.932  202790           198
           -2396.932  21345            199
           -2396.932  475420           71
           -2396.932  526324           178
           -2396.932  195873           6
           -2396.932  592219           119
           -2396.932  311214           64
           -2396.932  575700           100
           -2396.932  319144           176
           -2396.932  848890           95
           -2396.932  509733           130
           -2396.932  51375            148
           -2396.932  232559           136
           -2396.932  948615           140
           -2396.932  570908           98
           -2396.932  814975           129
           -2404.214  618000           190
           -2404.214  960438           116
           -2404.214  587946           120

18 perturbed starting value run(s) did not converge or were rejected in the third stage.



THE BEST LOGLIKELIHOOD VALUE HAS BEEN REPLICATED.  RERUN WITH AT LEAST TWICE THE
RANDOM STARTS TO CHECK THAT THE BEST LOGLIKELIHOOD IS STILL OBTAINED AND REPLICATED.


THE MODEL ESTIMATION TERMINATED NORMALLY



MODEL FIT INFORMATION

Number of Free Parameters                       40

Loglikelihood

          H0 Value                       -2396.932
          H0 Scaling Correction Factor      1.5096
            for MLR

Information Criteria

          Akaike (AIC)                    4873.863
          Bayesian (BIC)                  5029.307
          Sample-Size Adjusted BIC        4902.407
            (n* = (n + 2) / 24)



FINAL CLASS COUNTS AND PROPORTIONS FOR THE LATENT CLASSES
BASED ON THE ESTIMATED MODEL

    Latent
   Classes

       1         30.46294          0.08462
       2        128.98739          0.35830
       3         94.55729          0.26266
       4         48.47337          0.13465
       5         57.51901          0.15978


FINAL CLASS COUNTS AND PROPORTIONS FOR THE LATENT CLASSES
BASED ON ESTIMATED POSTERIOR PROBABILITIES

    Latent
   Classes

       1         30.46294          0.08462
       2        128.98739          0.35830
       3         94.55729          0.26266
       4         48.47337          0.13465
       5         57.51901          0.15978


FINAL CLASS COUNTS AND PROPORTIONS FOR THE LATENT CLASSES
BASED ON THEIR MOST LIKELY LATENT CLASS MEMBERSHIP

Class Counts and Proportions

    Latent
   Classes

       1               31          0.08611
       2              139          0.38611
       3               91          0.25278
       4               46          0.12778
       5               53          0.14722


CLASSIFICATION QUALITY

     Entropy                         0.758


Average Latent Class Probabilities for Most Likely Latent Class Membership (Row)
by Latent Class (Column)

           1        2        3        4        5

    1   0.931    0.007    0.000    0.012    0.049
    2   0.004    0.790    0.089    0.046    0.072
    3   0.000    0.095    0.894    0.004    0.008
    4   0.012    0.073    0.016    0.861    0.039
    5   0.011    0.133    0.001    0.034    0.821


Classification Probabilities for the Most Likely Latent Class Membership (Column)
by Latent Class (Row)

           1        2        3        4        5

    1   0.947    0.016    0.000    0.018    0.019
    2   0.002    0.851    0.067    0.026    0.055
    3   0.000    0.131    0.860    0.008    0.001
    4   0.008    0.132    0.007    0.817    0.037
    5   0.027    0.173    0.013    0.031    0.757


Logits for the Classification Probabilities for the Most Likely Latent Class Membership (Column)
by Latent Class (Row)

              1        2        3        4        5

    1      3.931   -0.124   -9.830   -0.052    0.000
    2     -3.420    2.747    0.201   -0.745    0.000
    3     -6.673    5.111    6.992    2.305    0.000
    4     -1.559    1.270   -1.681    3.096    0.000
    5     -3.345   -1.475   -4.091   -3.200    0.000


MODEL RESULTS

                                                    Two-Tailed
                    Estimate       S.E.  Est./S.E.    P-Value

Latent Class 1

 Means
    E_SC_S             2.754      0.145     19.052      0.000
    E_STV_S            2.186      0.139     15.728      0.000
    E_SC_M             2.749      0.282      9.763      0.000
    E_STV_M            2.404      0.224     10.730      0.000
    E_SC_F             2.865      0.191     14.962      0.000
    E_STV_F            2.394      0.168     14.250      0.000

 Variances
    E_SC_S             0.323      0.036      8.919      0.000
    E_STV_S            0.392      0.100      3.921      0.000
    E_SC_M             0.502      0.072      6.993      0.000
    E_STV_M            0.243      0.032      7.559      0.000
    E_SC_F             0.494      0.061      8.155      0.000
    E_STV_F            0.355      0.053      6.720      0.000

Latent Class 2

 Means
    E_SC_S             3.792      0.124     30.565      0.000
    E_STV_S            3.414      0.160     21.332      0.000
    E_SC_M             4.216      0.160     26.372      0.000
    E_STV_M            3.992      0.177     22.581      0.000
    E_SC_F             3.703      0.276     13.394      0.000
    E_STV_F            3.539      0.294     12.058      0.000

 Variances
    E_SC_S             0.323      0.036      8.919      0.000
    E_STV_S            0.392      0.100      3.921      0.000
    E_SC_M             0.502      0.072      6.993      0.000
    E_STV_M            0.243      0.032      7.559      0.000
    E_SC_F             0.494      0.061      8.155      0.000
    E_STV_F            0.355      0.053      6.720      0.000

Latent Class 3

 Means
    E_SC_S             4.293      0.113     38.048      0.000
    E_STV_S            4.299      0.232     18.546      0.000
    E_SC_M             4.450      0.108     41.278      0.000
    E_STV_M            4.642      0.078     59.443      0.000
    E_SC_F             4.276      0.110     38.777      0.000
    E_STV_F            4.429      0.095     46.564      0.000

 Variances
    E_SC_S             0.323      0.036      8.919      0.000
    E_STV_S            0.392      0.100      3.921      0.000
    E_SC_M             0.502      0.072      6.993      0.000
    E_STV_M            0.243      0.032      7.559      0.000
    E_SC_F             0.494      0.061      8.155      0.000
    E_STV_F            0.355      0.053      6.720      0.000

Latent Class 4

 Means
    E_SC_S             3.888      0.203     19.112      0.000
    E_STV_S            3.960      0.179     22.109      0.000
    E_SC_M             2.532      0.284      8.924      0.000
    E_STV_M            3.117      0.167     18.703      0.000
    E_SC_F             3.368      0.195     17.247      0.000
    E_STV_F            3.514      0.222     15.801      0.000

 Variances
    E_SC_S             0.323      0.036      8.919      0.000
    E_STV_S            0.392      0.100      3.921      0.000
    E_SC_M             0.502      0.072      6.993      0.000
    E_STV_M            0.243      0.032      7.559      0.000
    E_SC_F             0.494      0.061      8.155      0.000
    E_STV_F            0.355      0.053      6.720      0.000

Latent Class 5

 Means
    E_SC_S             2.683      0.238     11.292      0.000
    E_STV_S            3.180      0.191     16.619      0.000
    E_SC_M             3.588      0.210     17.053      0.000
    E_STV_M            4.072      0.207     19.695      0.000
    E_SC_F             2.890      0.211     13.698      0.000
    E_STV_F            3.518      0.379      9.293      0.000

 Variances
    E_SC_S             0.323      0.036      8.919      0.000
    E_STV_S            0.392      0.100      3.921      0.000
    E_SC_M             0.502      0.072      6.993      0.000
    E_STV_M            0.243      0.032      7.559      0.000
    E_SC_F             0.494      0.061      8.155      0.000
    E_STV_F            0.355      0.053      6.720      0.000

Categorical Latent Variables

 Means
    C#1               -0.636      0.514     -1.236      0.216
    C#2                0.808      0.460      1.755      0.079
    C#3                0.497      0.560      0.888      0.374
    C#4               -0.171      0.462     -0.370      0.711


QUALITY OF NUMERICAL RESULTS

     Condition Number for the Information Matrix              0.132E-02
       (ratio of smallest to largest eigenvalue)


STANDARDIZED MODEL RESULTS


STDYX Standardization

                                                    Two-Tailed
                    Estimate       S.E.  Est./S.E.    P-Value

Latent Class 1

 Means
    E_SC_S             4.845      0.360     13.470      0.000
    E_STV_S            3.490      0.397      8.781      0.000
    E_SC_M             3.879      0.467      8.309      0.000
    E_STV_M            4.875      0.511      9.545      0.000
    E_SC_F             4.076      0.384     10.629      0.000
    E_STV_F            4.016      0.368     10.924      0.000

 Variances
    E_SC_S             1.000      0.000    999.000    999.000
    E_STV_S            1.000      0.000    999.000    999.000
    E_SC_M             1.000      0.000    999.000    999.000
    E_STV_M            1.000      0.000    999.000    999.000
    E_SC_F             1.000      0.000    999.000    999.000
    E_STV_F            1.000      0.000    999.000    999.000

Latent Class 2

 Means
    E_SC_S             6.670      0.438     15.219      0.000
    E_STV_S            5.452      0.577      9.455      0.000
    E_SC_M             5.948      0.438     13.580      0.000
    E_STV_M            8.093      0.561     14.417      0.000
    E_SC_F             5.269      0.634      8.311      0.000
    E_STV_F            5.938      0.426     13.954      0.000

 Variances
    E_SC_S             1.000      0.000    999.000    999.000
    E_STV_S            1.000      0.000    999.000    999.000
    E_SC_M             1.000      0.000    999.000    999.000
    E_STV_M            1.000      0.000    999.000    999.000
    E_SC_F             1.000      0.000    999.000    999.000
    E_STV_F            1.000      0.000    999.000    999.000

Latent Class 3

 Means
    E_SC_S             7.550      0.492     15.357      0.000
    E_STV_S            6.864      1.202      5.713      0.000
    E_SC_M             6.278      0.563     11.154      0.000
    E_STV_M            9.412      0.705     13.344      0.000
    E_SC_F             6.085      0.451     13.489      0.000
    E_STV_F            7.430      0.592     12.561      0.000

 Variances
    E_SC_S             1.000      0.000    999.000    999.000
    E_STV_S            1.000      0.000    999.000    999.000
    E_SC_M             1.000      0.000    999.000    999.000
    E_STV_M            1.000      0.000    999.000    999.000
    E_SC_F             1.000      0.000    999.000    999.000
    E_STV_F            1.000      0.000    999.000    999.000

Latent Class 4

 Means
    E_SC_S             6.838      0.566     12.085      0.000
    E_STV_S            6.323      1.002      6.309      0.000
    E_SC_M             3.572      0.400      8.930      0.000
    E_STV_M            6.320      0.499     12.675      0.000
    E_SC_F             4.793      0.345     13.895      0.000
    E_STV_F            5.895      0.679      8.679      0.000

 Variances
    E_SC_S             1.000      0.000    999.000    999.000
    E_STV_S            1.000      0.000    999.000    999.000
    E_SC_M             1.000      0.000    999.000    999.000
    E_STV_M            1.000      0.000    999.000    999.000
    E_SC_F             1.000      0.000    999.000    999.000
    E_STV_F            1.000      0.000    999.000    999.000

Latent Class 5

 Means
    E_SC_S             4.719      0.475      9.930      0.000
    E_STV_S            5.077      0.727      6.980      0.000
    E_SC_M             5.062      0.509      9.948      0.000
    E_STV_M            8.256      0.770     10.720      0.000
    E_SC_F             4.112      0.309     13.294      0.000
    E_STV_F            5.902      0.957      6.170      0.000

 Variances
    E_SC_S             1.000      0.000    999.000    999.000
    E_STV_S            1.000      0.000    999.000    999.000
    E_SC_M             1.000      0.000    999.000    999.000
    E_STV_M            1.000      0.000    999.000    999.000
    E_SC_F             1.000      0.000    999.000    999.000
    E_STV_F            1.000      0.000    999.000    999.000


R-SQUARE

Class 1

Class 2

Class 3

Class 4

Class 5


TECHNICAL 1 OUTPUT


     PARAMETER SPECIFICATION FOR LATENT CLASS 1


           NU
              E_SC_S        E_STV_S       E_SC_M        E_STV_M       E_SC_F
              ________      ________      ________      ________      ________
                    1             2             3             4             5


           NU
              E_STV_F
              ________
                    6


           THETA
              E_SC_S        E_STV_S       E_SC_M        E_STV_M       E_SC_F
              ________      ________      ________      ________      ________
 E_SC_S             7
 E_STV_S            0             8
 E_SC_M             0             0             9
 E_STV_M            0             0             0            10
 E_SC_F             0             0             0             0            11
 E_STV_F            0             0             0             0             0


           THETA
              E_STV_F
              ________
 E_STV_F           12


     PARAMETER SPECIFICATION FOR LATENT CLASS 2


           NU
              E_SC_S        E_STV_S       E_SC_M        E_STV_M       E_SC_F
              ________      ________      ________      ________      ________
                   13            14            15            16            17


           NU
              E_STV_F
              ________
                   18


           THETA
              E_SC_S        E_STV_S       E_SC_M        E_STV_M       E_SC_F
              ________      ________      ________      ________      ________
 E_SC_S             7
 E_STV_S            0             8
 E_SC_M             0             0             9
 E_STV_M            0             0             0            10
 E_SC_F             0             0             0             0            11
 E_STV_F            0             0             0             0             0


           THETA
              E_STV_F
              ________
 E_STV_F           12


     PARAMETER SPECIFICATION FOR LATENT CLASS 3


           NU
              E_SC_S        E_STV_S       E_SC_M        E_STV_M       E_SC_F
              ________      ________      ________      ________      ________
                   19            20            21            22            23


           NU
              E_STV_F
              ________
                   24


           THETA
              E_SC_S        E_STV_S       E_SC_M        E_STV_M       E_SC_F
              ________      ________      ________      ________      ________
 E_SC_S             7
 E_STV_S            0             8
 E_SC_M             0             0             9
 E_STV_M            0             0             0            10
 E_SC_F             0             0             0             0            11
 E_STV_F            0             0             0             0             0


           THETA
              E_STV_F
              ________
 E_STV_F           12


     PARAMETER SPECIFICATION FOR LATENT CLASS 4


           NU
              E_SC_S        E_STV_S       E_SC_M        E_STV_M       E_SC_F
              ________      ________      ________      ________      ________
                   25            26            27            28            29


           NU
              E_STV_F
              ________
                   30


           THETA
              E_SC_S        E_STV_S       E_SC_M        E_STV_M       E_SC_F
              ________      ________      ________      ________      ________
 E_SC_S             7
 E_STV_S            0             8
 E_SC_M             0             0             9
 E_STV_M            0             0             0            10
 E_SC_F             0             0             0             0            11
 E_STV_F            0             0             0             0             0


           THETA
              E_STV_F
              ________
 E_STV_F           12


     PARAMETER SPECIFICATION FOR LATENT CLASS 5


           NU
              E_SC_S        E_STV_S       E_SC_M        E_STV_M       E_SC_F
              ________      ________      ________      ________      ________
                   31            32            33            34            35


           NU
              E_STV_F
              ________
                   36


           THETA
              E_SC_S        E_STV_S       E_SC_M        E_STV_M       E_SC_F
              ________      ________      ________      ________      ________
 E_SC_S             7
 E_STV_S            0             8
 E_SC_M             0             0             9
 E_STV_M            0             0             0            10
 E_SC_F             0             0             0             0            11
 E_STV_F            0             0             0             0             0


           THETA
              E_STV_F
              ________
 E_STV_F           12


     PARAMETER SPECIFICATION FOR LATENT CLASS REGRESSION MODEL PART


           ALPHA(C)
              C#1           C#2           C#3           C#4           C#5
              ________      ________      ________      ________      ________
                   37            38            39            40             0


     STARTING VALUES FOR LATENT CLASS 1


           NU
              E_SC_S        E_STV_S       E_SC_M        E_STV_M       E_SC_F
              ________      ________      ________      ________      ________
                2.042         1.850         1.835         2.290         1.874


           NU
              E_STV_F
              ________
                2.047


           THETA
              E_SC_S        E_STV_S       E_SC_M        E_STV_M       E_SC_F
              ________      ________      ________      ________      ________
 E_SC_S         0.332
 E_STV_S        0.000         0.374
 E_SC_M         0.000         0.000         0.496
 E_STV_M        0.000         0.000         0.000         0.333
 E_SC_F         0.000         0.000         0.000         0.000         0.376
 E_STV_F        0.000         0.000         0.000         0.000         0.000


           THETA
              E_STV_F
              ________
 E_STV_F        0.329


     STARTING VALUES FOR LATENT CLASS 2


           NU
              E_SC_S        E_STV_S       E_SC_M        E_STV_M       E_SC_F
              ________      ________      ________      ________      ________
                2.857         2.714         2.830         3.107         2.741


           NU
              E_STV_F
              ________
                2.858


           THETA
              E_SC_S        E_STV_S       E_SC_M        E_STV_M       E_SC_F
              ________      ________      ________      ________      ________
 E_SC_S         0.332
 E_STV_S        0.000         0.374
 E_SC_M         0.000         0.000         0.496
 E_STV_M        0.000         0.000         0.000         0.333
 E_SC_F         0.000         0.000         0.000         0.000         0.376
 E_STV_F        0.000         0.000         0.000         0.000         0.000


           THETA
              E_STV_F
              ________
 E_STV_F        0.329


     STARTING VALUES FOR LATENT CLASS 3


           NU
              E_SC_S        E_STV_S       E_SC_M        E_STV_M       E_SC_F
              ________      ________      ________      ________      ________
                3.671         3.579         3.826         3.923         3.607


           NU
              E_STV_F
              ________
                3.670


           THETA
              E_SC_S        E_STV_S       E_SC_M        E_STV_M       E_SC_F
              ________      ________      ________      ________      ________
 E_SC_S         0.332
 E_STV_S        0.000         0.374
 E_SC_M         0.000         0.000         0.496
 E_STV_M        0.000         0.000         0.000         0.333
 E_SC_F         0.000         0.000         0.000         0.000         0.376
 E_STV_F        0.000         0.000         0.000         0.000         0.000


           THETA
              E_STV_F
              ________
 E_STV_F        0.329


     STARTING VALUES FOR LATENT CLASS 4


           NU
              E_SC_S        E_STV_S       E_SC_M        E_STV_M       E_SC_F
              ________      ________      ________      ________      ________
                4.486         4.443         4.822         4.740         4.474


           NU
              E_STV_F
              ________
                4.481


           THETA
              E_SC_S        E_STV_S       E_SC_M        E_STV_M       E_SC_F
              ________      ________      ________      ________      ________
 E_SC_S         0.332
 E_STV_S        0.000         0.374
 E_SC_M         0.000         0.000         0.496
 E_STV_M        0.000         0.000         0.000         0.333
 E_SC_F         0.000         0.000         0.000         0.000         0.376
 E_STV_F        0.000         0.000         0.000         0.000         0.000


           THETA
              E_STV_F
              ________
 E_STV_F        0.329


     STARTING VALUES FOR LATENT CLASS 5


           NU
              E_SC_S        E_STV_S       E_SC_M        E_STV_M       E_SC_F
              ________      ________      ________      ________      ________
                5.300         5.308         5.818         5.557         5.341


           NU
              E_STV_F
              ________
                5.292


           THETA
              E_SC_S        E_STV_S       E_SC_M        E_STV_M       E_SC_F
              ________      ________      ________      ________      ________
 E_SC_S         0.332
 E_STV_S        0.000         0.374
 E_SC_M         0.000         0.000         0.496
 E_STV_M        0.000         0.000         0.000         0.333
 E_SC_F         0.000         0.000         0.000         0.000         0.376
 E_STV_F        0.000         0.000         0.000         0.000         0.000


           THETA
              E_STV_F
              ________
 E_STV_F        0.329


     STARTING VALUES FOR LATENT CLASS REGRESSION MODEL PART


           ALPHA(C)
              C#1           C#2           C#3           C#4           C#5
              ________      ________      ________      ________      ________
                0.000         0.000         0.000         0.000         0.000


TECHNICAL 11 OUTPUT

     Random Starts Specifications for the k-1 Class Analysis Model
        Number of initial stage random starts                 200
        Number of final stage optimizations                    50



     VUONG-LO-MENDELL-RUBIN LIKELIHOOD RATIO TEST FOR 4 (H0) VERSUS 5 CLASSES

          H0 Loglikelihood Value                        -2425.365
          2 Times the Loglikelihood Difference             56.866
          Difference in the Number of Parameters                7
          Mean                                             83.747
          Standard Deviation                              109.833
          P-Value                                          0.4821

     LO-MENDELL-RUBIN ADJUSTED LRT TEST

          Value                                            55.519
          P-Value                                          0.4898


TECHNICAL 14 OUTPUT

     Random Starts Specifications for the k-1 Class Analysis Model
        Number of initial stage random starts                 200
        Number of final stage optimizations                    50

     Random Starts Specification for the k-1 Class Model for Generated Data
        Number of initial stage random starts                 200
        Number of final stage optimizations                    50
     Random Starts Specification for the k Class Model for Generated Data
        Number of initial stage random starts                 200
        Number of final stage optimizations                    50
     Number of bootstrap draws requested                   Varies


     PARAMETRIC BOOTSTRAPPED LIKELIHOOD RATIO TEST FOR 4 (H0) VERSUS 5 CLASSES

          H0 Loglikelihood Value                        -2425.365
          2 Times the Loglikelihood Difference             56.866
          Difference in the Number of Parameters                7
          Approximate P-Value                              0.0000
          Successful Bootstrap Draws                           10


DIAGRAM INFORMATION

  Mplus diagrams are currently not available for Mixture analysis.
  No diagram output was produced.


     Beginning Time:  14:20:18
        Ending Time:  14:21:27
       Elapsed Time:  00:01:09



MUTHEN & MUTHEN
3463 Stoner Ave.
Los Angeles, CA  90066

Tel: (310) 391-9971
Fax: (310) 391-8971
Web: www.StatModel.com
Support: Support@StatModel.com

Copyright (c) 1998-2021 Muthen & Muthen
