Mplus VERSION 8.6
MUTHEN & MUTHEN
03/10/2022  11:38 AM

INPUT INSTRUCTIONS

  TITLE: STL Profile 4 - cross sectional LPA year 6
  DATA: FILE = STL6_new.dat;

  VARIABLE: NAMES ARE
    ID sex E_Asp F_Asp
    Score_S Score_M Score_F
    D_at_S D_ut_S D_in_S D_sc_S D_STV_S
    D_at_M D_ut_M D_in_M D_sc_M D_STV_M
    D_at_F D_ut_F D_in_F D_sc_F D_STV_F
    E_at_S E_ut_S E_in_S E_sc_S E_STV_S
    E_at_M E_ut_M E_in_M E_sc_M E_STV_M
    E_at_F E_ut_F E_in_F E_sc_F E_STV_F
    F_at_S F_ut_S F_in_S F_sc_S F_STV_S
    F_at_M F_ut_M F_in_M F_sc_M F_STV_M
    F_at_F F_ut_F F_in_F F_sc_F F_STV_F;

    USEVARIABLES ARE
    F_sc_S F_STV_S
    F_sc_M F_STV_M
    F_sc_F F_STV_F
    ;

    AUXILIARY = ID sex E_Asp F_Asp
    Score_S Score_M Score_F;

    MISSING ARE ALL(-999);

    CLASSES = c(4);

  ANALYSIS:	

     	TYPE = MIXTURE;
    	ESTIMATOR=MLR;
    	processors = 4;
      STARTS = 200 50;
     	STITERATIONS=50;
     	LRTSTARTS = 200 50 200 50;

    MODEL:
  %OVERALL%

  %c#1%
    [F_sc_S F_STV_S
    F_sc_M F_STV_M
    F_sc_F F_STV_F]
    ;

  %c#2%
    [F_sc_S F_STV_S
    F_sc_M F_STV_M
    F_sc_F F_STV_F]
    ;

  %c#3%
    [F_sc_S F_STV_S
    F_sc_M F_STV_M
    F_sc_F F_STV_F]
    ;

  %c#4%
    [F_sc_S F_STV_S
    F_sc_M F_STV_M
    F_sc_F F_STV_F]
    ;

   savedata: file=y6LPA.dat;
  OUTPUT: TECH1 TECH11 TECH14 samp stdyx;



*** WARNING in MODEL command
  All variables are uncorrelated with all other variables within class.
  Check that this is what is intended.
*** WARNING
  Data set contains cases with missing on all variables.
  These cases were not included in the analysis.
  Number of cases with missing on all variables:  344
   2 WARNING(S) FOUND IN THE INPUT INSTRUCTIONS



STL Profile 4 - cross sectional LPA year 6

SUMMARY OF ANALYSIS

Number of groups                                                 1
Number of observations                                         356

Number of dependent variables                                    6
Number of independent variables                                  0
Number of continuous latent variables                            0
Number of categorical latent variables                           1

Observed dependent variables

  Continuous
   F_SC_S      F_STV_S     F_SC_M      F_STV_M     F_SC_F      F_STV_F

Observed auxiliary variables
   ID          SEX         E_ASP       F_ASP       SCORE_S     SCORE_M
   SCORE_F

Categorical latent variables
   C


Estimator                                                      MLR
Information matrix                                        OBSERVED
Optimization Specifications for the Quasi-Newton Algorithm for
Continuous Outcomes
  Maximum number of iterations                                 100
  Convergence criterion                                  0.100D-05
Optimization Specifications for the EM Algorithm
  Maximum number of iterations                                 500
  Convergence criteria
    Loglikelihood change                                 0.100D-06
    Relative loglikelihood change                        0.100D-06
    Derivative                                           0.100D-05
Optimization Specifications for the M step of the EM Algorithm for
Categorical Latent variables
  Number of M step iterations                                    1
  M step convergence criterion                           0.100D-05
  Basis for M step termination                           ITERATION
Optimization Specifications for the M step of the EM Algorithm for
Censored, Binary or Ordered Categorical (Ordinal), Unordered
Categorical (Nominal) and Count Outcomes
  Number of M step iterations                                    1
  M step convergence criterion                           0.100D-05
  Basis for M step termination                           ITERATION
  Maximum value for logit thresholds                            15
  Minimum value for logit thresholds                           -15
  Minimum expected cell size for chi-square              0.100D-01
Maximum number of iterations for H1                           2000
Convergence criterion for H1                             0.100D-03
Optimization algorithm                                         EMA
Random Starts Specifications
  Number of initial stage random starts                        200
  Number of final stage optimizations                           50
  Number of initial stage iterations                            50
  Initial stage convergence criterion                    0.100D+01
  Random starts scale                                    0.500D+01
  Random seed for generating random starts                       0

Input data file(s)
  STL6_new.dat
Input data format  FREE


SUMMARY OF DATA

     Number of missing data patterns             1
     Number of y missing data patterns           1
     Number of u missing data patterns           0


COVARIANCE COVERAGE OF DATA

Minimum covariance coverage value   0.100


     PROPORTION OF DATA PRESENT FOR Y


           Covariance Coverage
              F_SC_S        F_STV_S       F_SC_M        F_STV_M       F_SC_F
              ________      ________      ________      ________      ________
 F_SC_S         1.000
 F_STV_S        1.000         1.000
 F_SC_M         1.000         1.000         1.000
 F_STV_M        1.000         1.000         1.000         1.000
 F_SC_F         1.000         1.000         1.000         1.000         1.000
 F_STV_F        1.000         1.000         1.000         1.000         1.000


           Covariance Coverage
              F_STV_F
              ________
 F_STV_F        1.000


SAMPLE STATISTICS


     ESTIMATED SAMPLE STATISTICS


           Means
              F_SC_S        F_STV_S       F_SC_M        F_STV_M       F_SC_F
              ________      ________      ________      ________      ________
                3.734         3.484         3.755         3.747         3.561


           Means
              F_STV_F
              ________
                3.422


           Covariances
              F_SC_S        F_STV_S       F_SC_M        F_STV_M       F_SC_F
              ________      ________      ________      ________      ________
 F_SC_S         0.665
 F_STV_S        0.404         0.782
 F_SC_M         0.261         0.181         0.950
 F_STV_M        0.141         0.369         0.524         0.746
 F_SC_F         0.344         0.170         0.290         0.134         0.785
 F_STV_F        0.072         0.326         0.170         0.396         0.399


           Covariances
              F_STV_F
              ________
 F_STV_F        0.863


           Correlations
              F_SC_S        F_STV_S       F_SC_M        F_STV_M       F_SC_F
              ________      ________      ________      ________      ________
 F_SC_S         1.000
 F_STV_S        0.560         1.000
 F_SC_M         0.328         0.210         1.000
 F_STV_M        0.200         0.483         0.622         1.000
 F_SC_F         0.476         0.217         0.336         0.174         1.000
 F_STV_F        0.095         0.397         0.188         0.494         0.485


           Correlations
              F_STV_F
              ________
 F_STV_F        1.000


     MAXIMUM LOG-LIKELIHOOD VALUE FOR THE UNRESTRICTED (H1) MODEL IS -2344.144


UNIVARIATE SAMPLE STATISTICS


     UNIVARIATE HIGHER-ORDER MOMENT DESCRIPTIVE STATISTICS

         Variable/         Mean/     Skewness/   Minimum/ % with                Percentiles
        Sample Size      Variance    Kurtosis    Maximum  Min/Max      20%/60%    40%/80%    Median

     F_SC_S                3.734      -0.621       1.000    0.56%       3.000      3.667      4.000
             356.000       0.665       0.430       5.000    8.99%       4.000      4.333
     F_STV_S               3.484      -0.314       1.000    0.28%       2.667      3.333      3.556
             356.000       0.782      -0.410       5.000    3.09%       3.778      4.222
     F_SC_M                3.755      -0.606       1.000    0.84%       3.000      3.667      4.000
             356.000       0.950      -0.261       5.000   17.98%       4.000      4.667
     F_STV_M               3.747      -0.600       1.000    0.56%       3.000      3.556      3.778
             356.000       0.746      -0.091       5.000    5.62%       4.111      4.556
     F_SC_F                3.561      -0.357       1.000    0.56%       2.667      3.333      3.667
             356.000       0.785      -0.257       5.000    8.71%       4.000      4.333
     F_STV_F               3.422      -0.317       1.000    0.28%       2.556      3.222      3.444
             356.000       0.863      -0.542       5.000    3.93%       3.778      4.333

RANDOM STARTS RESULTS RANKED FROM THE BEST TO THE WORST LOGLIKELIHOOD VALUES

Final stage loglikelihood values at local maxima, seeds, and initial stage start numbers:

           -2519.331  635245           121
           -2519.331  297518           166
           -2519.331  247224           94
           -2519.331  268896           124
           -2519.331  466971           109
           -2519.331  569131           26
           -2519.331  192071           142
           -2519.331  939021           8
           -2519.331  120506           45
           -2519.331  749453           33
           -2519.331  383986           159
           -2519.331  170954           86
           -2519.331  618000           190
           -2519.331  253358           2
           -2519.331  364676           27
           -2519.331  124999           96
           -2519.331  645664           39
           -2519.331  533738           11
           -2519.331  650371           14
           -2519.331  802779           122
           -2519.331  415931           10
           -2519.331  40340            188
           -2519.331  405079           68
           -2520.015  931874           141
           -2520.015  570908           98
           -2520.015  70118            104
           -2520.015  462953           7
           -2520.015  259507           53
           -2520.015  903369           134
           -2520.015  168762           200
           -2520.015  414284           158
           -2520.015  526324           178
           -2520.015  606576           151
           -2520.015  22089            143
           -2520.015  264081           186
           -2520.015  467339           66
           -2520.015  152496           123
           -2522.345  966014           37
           -2522.345  471398           74
           -2522.345  443917           60

10 perturbed starting value run(s) did not converge or were rejected in the third stage.



THE BEST LOGLIKELIHOOD VALUE HAS BEEN REPLICATED.  RERUN WITH AT LEAST TWICE THE
RANDOM STARTS TO CHECK THAT THE BEST LOGLIKELIHOOD IS STILL OBTAINED AND REPLICATED.


THE MODEL ESTIMATION TERMINATED NORMALLY



MODEL FIT INFORMATION

Number of Free Parameters                       33

Loglikelihood

          H0 Value                       -2519.331
          H0 Scaling Correction Factor      1.4936
            for MLR

Information Criteria

          Akaike (AIC)                    5104.662
          Bayesian (BIC)                  5232.535
          Sample-Size Adjusted BIC        5127.844
            (n* = (n + 2) / 24)



FINAL CLASS COUNTS AND PROPORTIONS FOR THE LATENT CLASSES
BASED ON THE ESTIMATED MODEL

    Latent
   Classes

       1         74.76012          0.21000
       2         28.70118          0.08062
       3        131.26037          0.36871
       4        121.27833          0.34067


FINAL CLASS COUNTS AND PROPORTIONS FOR THE LATENT CLASSES
BASED ON ESTIMATED POSTERIOR PROBABILITIES

    Latent
   Classes

       1         74.76012          0.21000
       2         28.70118          0.08062
       3        131.26037          0.36871
       4        121.27833          0.34067


FINAL CLASS COUNTS AND PROPORTIONS FOR THE LATENT CLASSES
BASED ON THEIR MOST LIKELY LATENT CLASS MEMBERSHIP

Class Counts and Proportions

    Latent
   Classes

       1               71          0.19944
       2               30          0.08427
       3              133          0.37360
       4              122          0.34270


CLASSIFICATION QUALITY

     Entropy                         0.757


Average Latent Class Probabilities for Most Likely Latent Class Membership (Row)
by Latent Class (Column)

           1        2        3        4

    1   0.858    0.020    0.110    0.011
    2   0.077    0.858    0.064    0.000
    3   0.081    0.011    0.832    0.076
    4   0.006    0.000    0.089    0.905


Classification Probabilities for the Most Likely Latent Class Membership (Column)
by Latent Class (Row)

           1        2        3        4

    1   0.815    0.031    0.144    0.010
    2   0.050    0.897    0.053    0.000
    3   0.060    0.015    0.843    0.082
    4   0.007    0.000    0.083    0.910


Logits for the Classification Probabilities for the Most Likely Latent Class Membership (Column)
by Latent Class (Row)

              1        2        3        4

    1      4.371    1.103    2.635    0.000
    2     10.821   13.707   10.875    0.000
    3     -0.323   -1.722    2.326    0.000
    4     -4.927  -13.722   -2.396    0.000


MODEL RESULTS

                                                    Two-Tailed
                    Estimate       S.E.  Est./S.E.    P-Value

Latent Class 1

 Means
    F_SC_S             3.952      0.149     26.562      0.000
    F_STV_S            3.276      0.201     16.264      0.000
    F_SC_M             2.905      0.432      6.722      0.000
    F_STV_M            2.779      0.219     12.713      0.000
    F_SC_F             3.597      0.127     28.363      0.000
    F_STV_F            2.897      0.210     13.821      0.000

 Variances
    F_SC_S             0.335      0.052      6.480      0.000
    F_STV_S            0.453      0.053      8.558      0.000
    F_SC_M             0.520      0.108      4.824      0.000
    F_STV_M            0.301      0.042      7.118      0.000
    F_SC_F             0.568      0.071      8.061      0.000
    F_STV_F            0.655      0.066      9.883      0.000

Latent Class 2

 Means
    F_SC_S             2.331      0.242      9.636      0.000
    F_STV_S            2.335      0.214     10.927      0.000
    F_SC_M             2.562      0.274      9.358      0.000
    F_STV_M            2.755      0.361      7.625      0.000
    F_SC_F             2.392      0.288      8.311      0.000
    F_STV_F            2.670      0.190     14.079      0.000

 Variances
    F_SC_S             0.335      0.052      6.480      0.000
    F_STV_S            0.453      0.053      8.558      0.000
    F_SC_M             0.520      0.108      4.824      0.000
    F_STV_M            0.301      0.042      7.118      0.000
    F_SC_F             0.568      0.071      8.061      0.000
    F_STV_F            0.655      0.066      9.883      0.000

Latent Class 3

 Means
    F_SC_S             3.379      0.231     14.632      0.000
    F_STV_S            3.183      0.143     22.216      0.000
    F_SC_M             3.871      0.135     28.660      0.000
    F_STV_M            3.874      0.138     28.000      0.000
    F_SC_F             3.330      0.122     27.248      0.000
    F_STV_F            3.376      0.172     19.640      0.000

 Variances
    F_SC_S             0.335      0.052      6.480      0.000
    F_STV_S            0.453      0.053      8.558      0.000
    F_SC_M             0.520      0.108      4.824      0.000
    F_STV_M            0.301      0.042      7.118      0.000
    F_SC_F             0.568      0.071      8.061      0.000
    F_STV_F            0.655      0.066      9.883      0.000

Latent Class 4

 Means
    F_SC_S             4.315      0.068     63.162      0.000
    F_STV_S            4.211      0.091     46.313      0.000
    F_SC_M             4.437      0.072     61.716      0.000
    F_STV_M            4.439      0.066     67.069      0.000
    F_SC_F             4.065      0.130     31.342      0.000
    F_STV_F            3.972      0.127     31.329      0.000

 Variances
    F_SC_S             0.335      0.052      6.480      0.000
    F_STV_S            0.453      0.053      8.558      0.000
    F_SC_M             0.520      0.108      4.824      0.000
    F_STV_M            0.301      0.042      7.118      0.000
    F_SC_F             0.568      0.071      8.061      0.000
    F_STV_F            0.655      0.066      9.883      0.000

Categorical Latent Variables

 Means
    C#1               -0.484      0.324     -1.492      0.136
    C#2               -1.441      0.327     -4.405      0.000
    C#3                0.079      0.412      0.192      0.848


QUALITY OF NUMERICAL RESULTS

     Condition Number for the Information Matrix              0.507E-02
       (ratio of smallest to largest eigenvalue)


STANDARDIZED MODEL RESULTS


STDYX Standardization

                                                    Two-Tailed
                    Estimate       S.E.  Est./S.E.    P-Value

Latent Class 1

 Means
    F_SC_S             6.830      0.701      9.744      0.000
    F_STV_S            4.869      0.486     10.019      0.000
    F_SC_M             4.030      0.351     11.475      0.000
    F_STV_M            5.068      0.647      7.829      0.000
    F_SC_F             4.771      0.383     12.461      0.000
    F_STV_F            3.578      0.244     14.661      0.000

 Variances
    F_SC_S             1.000      0.000    999.000    999.000
    F_STV_S            1.000      0.000    999.000    999.000
    F_SC_M             1.000      0.000    999.000    999.000
    F_STV_M            1.000      0.000    999.000    999.000
    F_SC_F             1.000      0.000    999.000    999.000
    F_STV_F            1.000      0.000    999.000    999.000

Latent Class 2

 Means
    F_SC_S             4.030      0.581      6.930      0.000
    F_STV_S            3.470      0.301     11.527      0.000
    F_SC_M             3.554      0.512      6.943      0.000
    F_STV_M            5.024      0.685      7.333      0.000
    F_SC_F             3.173      0.338      9.399      0.000
    F_STV_F            3.298      0.279     11.815      0.000

 Variances
    F_SC_S             1.000      0.000    999.000    999.000
    F_STV_S            1.000      0.000    999.000    999.000
    F_SC_M             1.000      0.000    999.000    999.000
    F_STV_M            1.000      0.000    999.000    999.000
    F_SC_F             1.000      0.000    999.000    999.000
    F_STV_F            1.000      0.000    999.000    999.000

Latent Class 3

 Means
    F_SC_S             5.840      0.395     14.776      0.000
    F_STV_S            4.730      0.273     17.325      0.000
    F_SC_M             5.370      0.684      7.850      0.000
    F_STV_M            7.066      0.667     10.591      0.000
    F_SC_F             4.417      0.301     14.684      0.000
    F_STV_F            4.171      0.351     11.900      0.000

 Variances
    F_SC_S             1.000      0.000    999.000    999.000
    F_STV_S            1.000      0.000    999.000    999.000
    F_SC_M             1.000      0.000    999.000    999.000
    F_STV_M            1.000      0.000    999.000    999.000
    F_SC_F             1.000      0.000    999.000    999.000
    F_STV_F            1.000      0.000    999.000    999.000

Latent Class 4

 Means
    F_SC_S             7.459      0.583     12.784      0.000
    F_STV_S            6.258      0.404     15.486      0.000
    F_SC_M             6.155      0.689      8.940      0.000
    F_STV_M            8.096      0.592     13.681      0.000
    F_SC_F             5.392      0.471     11.455      0.000
    F_STV_F            4.907      0.332     14.799      0.000

 Variances
    F_SC_S             1.000      0.000    999.000    999.000
    F_STV_S            1.000      0.000    999.000    999.000
    F_SC_M             1.000      0.000    999.000    999.000
    F_STV_M            1.000      0.000    999.000    999.000
    F_SC_F             1.000      0.000    999.000    999.000
    F_STV_F            1.000      0.000    999.000    999.000


R-SQUARE

Class 1

Class 2

Class 3

Class 4


TECHNICAL 1 OUTPUT


     PARAMETER SPECIFICATION FOR LATENT CLASS 1


           NU
              F_SC_S        F_STV_S       F_SC_M        F_STV_M       F_SC_F
              ________      ________      ________      ________      ________
                    1             2             3             4             5


           NU
              F_STV_F
              ________
                    6


           THETA
              F_SC_S        F_STV_S       F_SC_M        F_STV_M       F_SC_F
              ________      ________      ________      ________      ________
 F_SC_S             7
 F_STV_S            0             8
 F_SC_M             0             0             9
 F_STV_M            0             0             0            10
 F_SC_F             0             0             0             0            11
 F_STV_F            0             0             0             0             0


           THETA
              F_STV_F
              ________
 F_STV_F           12


     PARAMETER SPECIFICATION FOR LATENT CLASS 2


           NU
              F_SC_S        F_STV_S       F_SC_M        F_STV_M       F_SC_F
              ________      ________      ________      ________      ________
                   13            14            15            16            17


           NU
              F_STV_F
              ________
                   18


           THETA
              F_SC_S        F_STV_S       F_SC_M        F_STV_M       F_SC_F
              ________      ________      ________      ________      ________
 F_SC_S             7
 F_STV_S            0             8
 F_SC_M             0             0             9
 F_STV_M            0             0             0            10
 F_SC_F             0             0             0             0            11
 F_STV_F            0             0             0             0             0


           THETA
              F_STV_F
              ________
 F_STV_F           12


     PARAMETER SPECIFICATION FOR LATENT CLASS 3


           NU
              F_SC_S        F_STV_S       F_SC_M        F_STV_M       F_SC_F
              ________      ________      ________      ________      ________
                   19            20            21            22            23


           NU
              F_STV_F
              ________
                   24


           THETA
              F_SC_S        F_STV_S       F_SC_M        F_STV_M       F_SC_F
              ________      ________      ________      ________      ________
 F_SC_S             7
 F_STV_S            0             8
 F_SC_M             0             0             9
 F_STV_M            0             0             0            10
 F_SC_F             0             0             0             0            11
 F_STV_F            0             0             0             0             0


           THETA
              F_STV_F
              ________
 F_STV_F           12


     PARAMETER SPECIFICATION FOR LATENT CLASS 4


           NU
              F_SC_S        F_STV_S       F_SC_M        F_STV_M       F_SC_F
              ________      ________      ________      ________      ________
                   25            26            27            28            29


           NU
              F_STV_F
              ________
                   30


           THETA
              F_SC_S        F_STV_S       F_SC_M        F_STV_M       F_SC_F
              ________      ________      ________      ________      ________
 F_SC_S             7
 F_STV_S            0             8
 F_SC_M             0             0             9
 F_STV_M            0             0             0            10
 F_SC_F             0             0             0             0            11
 F_STV_F            0             0             0             0             0


           THETA
              F_STV_F
              ________
 F_STV_F           12


     PARAMETER SPECIFICATION FOR LATENT CLASS REGRESSION MODEL PART


           ALPHA(C)
              C#1           C#2           C#3           C#4
              ________      ________      ________      ________
                   31            32            33             0


     STARTING VALUES FOR LATENT CLASS 1


           NU
              F_SC_S        F_STV_S       F_SC_M        F_STV_M       F_SC_F
              ________      ________      ________      ________      ________
                2.918         2.600         2.781         2.883         2.675


           NU
              F_STV_F
              ________
                2.493


           THETA
              F_SC_S        F_STV_S       F_SC_M        F_STV_M       F_SC_F
              ________      ________      ________      ________      ________
 F_SC_S         0.332
 F_STV_S        0.000         0.391
 F_SC_M         0.000         0.000         0.475
 F_STV_M        0.000         0.000         0.000         0.373
 F_SC_F         0.000         0.000         0.000         0.000         0.393
 F_STV_F        0.000         0.000         0.000         0.000         0.000


           THETA
              F_STV_F
              ________
 F_STV_F        0.431


     STARTING VALUES FOR LATENT CLASS 2


           NU
              F_SC_S        F_STV_S       F_SC_M        F_STV_M       F_SC_F
              ________      ________      ________      ________      ________
                3.734         3.484         3.755         3.747         3.561


           NU
              F_STV_F
              ________
                3.422


           THETA
              F_SC_S        F_STV_S       F_SC_M        F_STV_M       F_SC_F
              ________      ________      ________      ________      ________
 F_SC_S         0.332
 F_STV_S        0.000         0.391
 F_SC_M         0.000         0.000         0.475
 F_STV_M        0.000         0.000         0.000         0.373
 F_SC_F         0.000         0.000         0.000         0.000         0.393
 F_STV_F        0.000         0.000         0.000         0.000         0.000


           THETA
              F_STV_F
              ________
 F_STV_F        0.431


     STARTING VALUES FOR LATENT CLASS 3


           NU
              F_SC_S        F_STV_S       F_SC_M        F_STV_M       F_SC_F
              ________      ________      ________      ________      ________
                3.734         3.484         3.755         3.747         3.561


           NU
              F_STV_F
              ________
                3.422


           THETA
              F_SC_S        F_STV_S       F_SC_M        F_STV_M       F_SC_F
              ________      ________      ________      ________      ________
 F_SC_S         0.332
 F_STV_S        0.000         0.391
 F_SC_M         0.000         0.000         0.475
 F_STV_M        0.000         0.000         0.000         0.373
 F_SC_F         0.000         0.000         0.000         0.000         0.393
 F_STV_F        0.000         0.000         0.000         0.000         0.000


           THETA
              F_STV_F
              ________
 F_STV_F        0.431


     STARTING VALUES FOR LATENT CLASS 4


           NU
              F_SC_S        F_STV_S       F_SC_M        F_STV_M       F_SC_F
              ________      ________      ________      ________      ________
                4.549         4.369         4.730         4.610         4.447


           NU
              F_STV_F
              ________
                4.351


           THETA
              F_SC_S        F_STV_S       F_SC_M        F_STV_M       F_SC_F
              ________      ________      ________      ________      ________
 F_SC_S         0.332
 F_STV_S        0.000         0.391
 F_SC_M         0.000         0.000         0.475
 F_STV_M        0.000         0.000         0.000         0.373
 F_SC_F         0.000         0.000         0.000         0.000         0.393
 F_STV_F        0.000         0.000         0.000         0.000         0.000


           THETA
              F_STV_F
              ________
 F_STV_F        0.431


     STARTING VALUES FOR LATENT CLASS REGRESSION MODEL PART


           ALPHA(C)
              C#1           C#2           C#3           C#4
              ________      ________      ________      ________
                0.000         0.000         0.000         0.000


TECHNICAL 11 OUTPUT

     Random Starts Specifications for the k-1 Class Analysis Model
        Number of initial stage random starts                 200
        Number of final stage optimizations                    50



     VUONG-LO-MENDELL-RUBIN LIKELIHOOD RATIO TEST FOR 3 (H0) VERSUS 4 CLASSES

          H0 Loglikelihood Value                        -2559.048
          2 Times the Loglikelihood Difference             79.433
          Difference in the Number of Parameters                7
          Mean                                              0.789
          Standard Deviation                              179.502
          P-Value                                          0.2747

     LO-MENDELL-RUBIN ADJUSTED LRT TEST

          Value                                            77.547
          P-Value                                          0.2800


TECHNICAL 14 OUTPUT

     Random Starts Specifications for the k-1 Class Analysis Model
        Number of initial stage random starts                 200
        Number of final stage optimizations                    50

     Random Starts Specification for the k-1 Class Model for Generated Data
        Number of initial stage random starts                 200
        Number of final stage optimizations                    50
     Random Starts Specification for the k Class Model for Generated Data
        Number of initial stage random starts                 200
        Number of final stage optimizations                    50
     Number of bootstrap draws requested                   Varies


     PARAMETRIC BOOTSTRAPPED LIKELIHOOD RATIO TEST FOR 3 (H0) VERSUS 4 CLASSES

          H0 Loglikelihood Value                        -2559.048
          2 Times the Loglikelihood Difference             79.433
          Difference in the Number of Parameters                7
          Approximate P-Value                              0.0000
          Successful Bootstrap Draws                           10


SAVEDATA INFORMATION


  Save file
    y6LPA.dat

  Order and format of variables

    F_SC_S         F10.3
    F_STV_S        F10.3
    F_SC_M         F10.3
    F_STV_M        F10.3
    F_SC_F         F10.3
    F_STV_F        F10.3
    ID             F10.3
    SEX            F10.3
    E_ASP          F10.3
    F_ASP          F10.3
    SCORE_S        F10.3
    SCORE_M        F10.3
    SCORE_F        F10.3

  Save file format
    13F10.3

  Save file record length    10000

  Save missing symbol        *


DIAGRAM INFORMATION

  Mplus diagrams are currently not available for Mixture analysis.
  No diagram output was produced.


     Beginning Time:  11:38:50
        Ending Time:  11:40:47
       Elapsed Time:  00:01:57



MUTHEN & MUTHEN
3463 Stoner Ave.
Los Angeles, CA  90066

Tel: (310) 391-9971
Fax: (310) 391-8971
Web: www.StatModel.com
Support: Support@StatModel.com

Copyright (c) 1998-2021 Muthen & Muthen
