Mplus VERSION 8.6
MUTHEN & MUTHEN
01/28/2022   2:27 PM

INPUT INSTRUCTIONS

  TITLE: STL Profile 3 - cross sectional LPA year 6
  DATA: FILE = STL6_new.dat;

  VARIABLE: NAMES ARE
    ID sex E_Asp F_Asp
    Score_S Score_M Score_F
    D_at_S D_ut_S D_in_S D_sc_S D_STV_S
    D_at_M D_ut_M D_in_M D_sc_M D_STV_M
    D_at_F D_ut_F D_in_F D_sc_F D_STV_F
    E_at_S E_ut_S E_in_S E_sc_S E_STV_S
    E_at_M E_ut_M E_in_M E_sc_M E_STV_M
    E_at_F E_ut_F E_in_F E_sc_F E_STV_F
    F_at_S F_ut_S F_in_S F_sc_S F_STV_S
    F_at_M F_ut_M F_in_M F_sc_M F_STV_M
    F_at_F F_ut_F F_in_F F_sc_F F_STV_F;

    USEVARIABLES ARE
    F_sc_S F_STV_S
    F_sc_M F_STV_M
    F_sc_F F_STV_F
    ;

    MISSING ARE ALL(-999);

    CLASSES = c(3);

  ANALYSIS:	

     	TYPE = MIXTURE;
    	ESTIMATOR=MLR;
    	processors = 4;
      STARTS = 200 50;
     	STITERATIONS=50;
     	LRTSTARTS = 200 50 200 50;

    MODEL:
  %OVERALL%

  %c#1%
    [F_sc_S F_STV_S
    F_sc_M F_STV_M
    F_sc_F F_STV_F]
    ;

  %c#2%
    [F_sc_S F_STV_S
    F_sc_M F_STV_M
    F_sc_F F_STV_F]
    ;

  %c#3%
    [F_sc_S F_STV_S
    F_sc_M F_STV_M
    F_sc_F F_STV_F]
    ;
  OUTPUT: TECH1 TECH11 TECH14 samp stdyx;



*** WARNING in MODEL command
  All variables are uncorrelated with all other variables within class.
  Check that this is what is intended.
*** WARNING
  Data set contains cases with missing on all variables.
  These cases were not included in the analysis.
  Number of cases with missing on all variables:  344
   2 WARNING(S) FOUND IN THE INPUT INSTRUCTIONS



STL Profile 3 - cross sectional LPA year 6

SUMMARY OF ANALYSIS

Number of groups                                                 1
Number of observations                                         356

Number of dependent variables                                    6
Number of independent variables                                  0
Number of continuous latent variables                            0
Number of categorical latent variables                           1

Observed dependent variables

  Continuous
   F_SC_S      F_STV_S     F_SC_M      F_STV_M     F_SC_F      F_STV_F

Categorical latent variables
   C


Estimator                                                      MLR
Information matrix                                        OBSERVED
Optimization Specifications for the Quasi-Newton Algorithm for
Continuous Outcomes
  Maximum number of iterations                                 100
  Convergence criterion                                  0.100D-05
Optimization Specifications for the EM Algorithm
  Maximum number of iterations                                 500
  Convergence criteria
    Loglikelihood change                                 0.100D-06
    Relative loglikelihood change                        0.100D-06
    Derivative                                           0.100D-05
Optimization Specifications for the M step of the EM Algorithm for
Categorical Latent variables
  Number of M step iterations                                    1
  M step convergence criterion                           0.100D-05
  Basis for M step termination                           ITERATION
Optimization Specifications for the M step of the EM Algorithm for
Censored, Binary or Ordered Categorical (Ordinal), Unordered
Categorical (Nominal) and Count Outcomes
  Number of M step iterations                                    1
  M step convergence criterion                           0.100D-05
  Basis for M step termination                           ITERATION
  Maximum value for logit thresholds                            15
  Minimum value for logit thresholds                           -15
  Minimum expected cell size for chi-square              0.100D-01
Maximum number of iterations for H1                           2000
Convergence criterion for H1                             0.100D-03
Optimization algorithm                                         EMA
Random Starts Specifications
  Number of initial stage random starts                        200
  Number of final stage optimizations                           50
  Number of initial stage iterations                            50
  Initial stage convergence criterion                    0.100D+01
  Random starts scale                                    0.500D+01
  Random seed for generating random starts                       0

Input data file(s)
  STL6_new.dat
Input data format  FREE


SUMMARY OF DATA

     Number of missing data patterns             1
     Number of y missing data patterns           1
     Number of u missing data patterns           0


COVARIANCE COVERAGE OF DATA

Minimum covariance coverage value   0.100


     PROPORTION OF DATA PRESENT FOR Y


           Covariance Coverage
              F_SC_S        F_STV_S       F_SC_M        F_STV_M       F_SC_F
              ________      ________      ________      ________      ________
 F_SC_S         1.000
 F_STV_S        1.000         1.000
 F_SC_M         1.000         1.000         1.000
 F_STV_M        1.000         1.000         1.000         1.000
 F_SC_F         1.000         1.000         1.000         1.000         1.000
 F_STV_F        1.000         1.000         1.000         1.000         1.000


           Covariance Coverage
              F_STV_F
              ________
 F_STV_F        1.000


SAMPLE STATISTICS


     ESTIMATED SAMPLE STATISTICS


           Means
              F_SC_S        F_STV_S       F_SC_M        F_STV_M       F_SC_F
              ________      ________      ________      ________      ________
                3.734         3.484         3.755         3.747         3.561


           Means
              F_STV_F
              ________
                3.422


           Covariances
              F_SC_S        F_STV_S       F_SC_M        F_STV_M       F_SC_F
              ________      ________      ________      ________      ________
 F_SC_S         0.665
 F_STV_S        0.404         0.782
 F_SC_M         0.261         0.181         0.950
 F_STV_M        0.141         0.369         0.524         0.746
 F_SC_F         0.344         0.170         0.290         0.134         0.785
 F_STV_F        0.072         0.326         0.170         0.396         0.399


           Covariances
              F_STV_F
              ________
 F_STV_F        0.863


           Correlations
              F_SC_S        F_STV_S       F_SC_M        F_STV_M       F_SC_F
              ________      ________      ________      ________      ________
 F_SC_S         1.000
 F_STV_S        0.560         1.000
 F_SC_M         0.328         0.210         1.000
 F_STV_M        0.200         0.483         0.622         1.000
 F_SC_F         0.476         0.217         0.336         0.174         1.000
 F_STV_F        0.095         0.397         0.188         0.494         0.485


           Correlations
              F_STV_F
              ________
 F_STV_F        1.000


     MAXIMUM LOG-LIKELIHOOD VALUE FOR THE UNRESTRICTED (H1) MODEL IS -2344.144


UNIVARIATE SAMPLE STATISTICS


     UNIVARIATE HIGHER-ORDER MOMENT DESCRIPTIVE STATISTICS

         Variable/         Mean/     Skewness/   Minimum/ % with                Percentiles
        Sample Size      Variance    Kurtosis    Maximum  Min/Max      20%/60%    40%/80%    Median

     F_SC_S                3.734      -0.621       1.000    0.56%       3.000      3.667      4.000
             356.000       0.665       0.430       5.000    8.99%       4.000      4.333
     F_STV_S               3.484      -0.314       1.000    0.28%       2.667      3.333      3.556
             356.000       0.782      -0.410       5.000    3.09%       3.778      4.222
     F_SC_M                3.755      -0.606       1.000    0.84%       3.000      3.667      4.000
             356.000       0.950      -0.261       5.000   17.98%       4.000      4.667
     F_STV_M               3.747      -0.600       1.000    0.56%       3.000      3.556      3.778
             356.000       0.746      -0.091       5.000    5.62%       4.111      4.556
     F_SC_F                3.561      -0.357       1.000    0.56%       2.667      3.333      3.667
             356.000       0.785      -0.257       5.000    8.71%       4.000      4.333
     F_STV_F               3.422      -0.317       1.000    0.28%       2.556      3.222      3.444
             356.000       0.863      -0.542       5.000    3.93%       3.778      4.333

RANDOM STARTS RESULTS RANKED FROM THE BEST TO THE WORST LOGLIKELIHOOD VALUES

Final stage loglikelihood values at local maxima, seeds, and initial stage start numbers:

           -2559.048  215353           164
           -2559.048  802779           122
           -2559.048  957392           79
           -2559.048  648555           113
           -2559.048  292884           103
           -2559.048  246261           38
           -2559.048  626891           32
           -2559.048  902278           21
           -2559.048  928287           197
           -2559.048  68985            17
           -2559.048  931874           141
           -2559.048  190339           102
           -2559.048  207896           25
           -2559.048  85462            51
           -2559.048  903369           134
           -2559.048  462953           7
           -2559.048  414284           158
           -2559.048  unperturbed      0
           -2559.048  992389           77
           -2559.048  76974            16
           -2559.048  321390           133
           -2559.048  432148           30
           -2559.048  479273           156
           -2559.048  846194           93
           -2559.048  476498           179
           -2559.048  685657           69
           -2559.048  170954           86
           -2559.048  496881           192
           -2559.048  370466           41

21 perturbed starting value run(s) did not converge or were rejected in the third stage.



THE BEST LOGLIKELIHOOD VALUE HAS BEEN REPLICATED.  RERUN WITH AT LEAST TWICE THE
RANDOM STARTS TO CHECK THAT THE BEST LOGLIKELIHOOD IS STILL OBTAINED AND REPLICATED.


THE MODEL ESTIMATION TERMINATED NORMALLY



MODEL FIT INFORMATION

Number of Free Parameters                       26

Loglikelihood

          H0 Value                       -2559.048
          H0 Scaling Correction Factor      1.4952
            for MLR

Information Criteria

          Akaike (AIC)                    5170.096
          Bayesian (BIC)                  5270.844
          Sample-Size Adjusted BIC        5188.360
            (n* = (n + 2) / 24)



FINAL CLASS COUNTS AND PROPORTIONS FOR THE LATENT CLASSES
BASED ON THE ESTIMATED MODEL

    Latent
   Classes

       1         73.41652          0.20623
       2        159.02725          0.44671
       3        123.55623          0.34707


FINAL CLASS COUNTS AND PROPORTIONS FOR THE LATENT CLASSES
BASED ON ESTIMATED POSTERIOR PROBABILITIES

    Latent
   Classes

       1         73.41652          0.20623
       2        159.02725          0.44671
       3        123.55623          0.34707


FINAL CLASS COUNTS AND PROPORTIONS FOR THE LATENT CLASSES
BASED ON THEIR MOST LIKELY LATENT CLASS MEMBERSHIP

Class Counts and Proportions

    Latent
   Classes

       1               70          0.19663
       2              167          0.46910
       3              119          0.33427


CLASSIFICATION QUALITY

     Entropy                         0.730


Average Latent Class Probabilities for Most Likely Latent Class Membership (Row)
by Latent Class (Column)

           1        2        3

    1   0.886    0.110    0.004
    2   0.068    0.842    0.090
    3   0.000    0.090    0.910


Classification Probabilities for the Most Likely Latent Class Membership (Column)
by Latent Class (Row)

           1        2        3

    1   0.845    0.155    0.000
    2   0.049    0.884    0.067
    3   0.002    0.122    0.876


Logits for the Classification Probabilities for the Most Likely Latent Class Membership (Column)
by Latent Class (Row)

              1        2        3

    1      8.448    6.754    0.000
    2     -0.328    2.573    0.000
    3     -6.020   -1.975    0.000


MODEL RESULTS

                                                    Two-Tailed
                    Estimate       S.E.  Est./S.E.    P-Value

Latent Class 1

 Means
    F_SC_S             3.438      0.162     21.188      0.000
    F_STV_S            3.075      0.290     10.599      0.000
    F_SC_M             2.416      0.225     10.760      0.000
    F_STV_M            2.638      0.337      7.837      0.000
    F_SC_F             3.180      0.214     14.846      0.000
    F_STV_F            2.877      0.415      6.939      0.000

 Variances
    F_SC_S             0.518      0.048     10.872      0.000
    F_STV_S            0.517      0.048     10.693      0.000
    F_SC_M             0.414      0.163      2.537      0.011
    F_STV_M            0.317      0.071      4.437      0.000
    F_SC_F             0.658      0.056     11.755      0.000
    F_STV_F            0.673      0.080      8.402      0.000

Latent Class 2

 Means
    F_SC_S             3.462      0.112     30.838      0.000
    F_STV_S            3.126      0.165     18.968      0.000
    F_SC_M             3.841      0.231     16.653      0.000
    F_STV_M            3.707      0.126     29.376      0.000
    F_SC_F             3.364      0.100     33.671      0.000
    F_STV_F            3.231      0.150     21.522      0.000

 Variances
    F_SC_S             0.518      0.048     10.872      0.000
    F_STV_S            0.517      0.048     10.693      0.000
    F_SC_M             0.414      0.163      2.537      0.011
    F_STV_M            0.317      0.071      4.437      0.000
    F_SC_F             0.658      0.056     11.755      0.000
    F_STV_F            0.673      0.080      8.402      0.000

Latent Class 3

 Means
    F_SC_S             4.259      0.070     60.461      0.000
    F_STV_S            4.189      0.089     47.094      0.000
    F_SC_M             4.440      0.073     60.505      0.000
    F_STV_M            4.456      0.071     62.379      0.000
    F_SC_F             4.040      0.104     38.927      0.000
    F_STV_F            3.990      0.115     34.588      0.000

 Variances
    F_SC_S             0.518      0.048     10.872      0.000
    F_STV_S            0.517      0.048     10.693      0.000
    F_SC_M             0.414      0.163      2.537      0.011
    F_STV_M            0.317      0.071      4.437      0.000
    F_SC_F             0.658      0.056     11.755      0.000
    F_STV_F            0.673      0.080      8.402      0.000

Categorical Latent Variables

 Means
    C#1               -0.521      0.408     -1.275      0.202
    C#2                0.252      0.338      0.746      0.456


QUALITY OF NUMERICAL RESULTS

     Condition Number for the Information Matrix              0.847E-02
       (ratio of smallest to largest eigenvalue)


STANDARDIZED MODEL RESULTS


STDYX Standardization

                                                    Two-Tailed
                    Estimate       S.E.  Est./S.E.    P-Value

Latent Class 1

 Means
    F_SC_S             4.777      0.347     13.781      0.000
    F_STV_S            4.276      0.433      9.879      0.000
    F_SC_M             3.756      0.720      5.218      0.000
    F_STV_M            4.685      0.420     11.145      0.000
    F_SC_F             3.920      0.320     12.249      0.000
    F_STV_F            3.506      0.401      8.737      0.000

 Variances
    F_SC_S             1.000      0.000    999.000    999.000
    F_STV_S            1.000      0.000    999.000    999.000
    F_SC_M             1.000      0.000    999.000    999.000
    F_STV_M            1.000      0.000    999.000    999.000
    F_SC_F             1.000      0.000    999.000    999.000
    F_STV_F            1.000      0.000    999.000    999.000

Latent Class 2

 Means
    F_SC_S             4.811      0.272     17.703      0.000
    F_STV_S            4.346      0.315     13.798      0.000
    F_SC_M             5.971      1.481      4.031      0.000
    F_STV_M            6.583      0.796      8.266      0.000
    F_SC_F             4.146      0.203     20.469      0.000
    F_STV_F            3.938      0.364     10.816      0.000

 Variances
    F_SC_S             1.000      0.000    999.000    999.000
    F_STV_S            1.000      0.000    999.000    999.000
    F_SC_M             1.000      0.000    999.000    999.000
    F_STV_M            1.000      0.000    999.000    999.000
    F_SC_F             1.000      0.000    999.000    999.000
    F_STV_F            1.000      0.000    999.000    999.000

Latent Class 3

 Means
    F_SC_S             5.918      0.313     18.897      0.000
    F_STV_S            5.825      0.338     17.254      0.000
    F_SC_M             6.902      1.391      4.962      0.000
    F_STV_M            7.914      0.977      8.103      0.000
    F_SC_F             4.980      0.296     16.830      0.000
    F_STV_F            4.863      0.388     12.537      0.000

 Variances
    F_SC_S             1.000      0.000    999.000    999.000
    F_STV_S            1.000      0.000    999.000    999.000
    F_SC_M             1.000      0.000    999.000    999.000
    F_STV_M            1.000      0.000    999.000    999.000
    F_SC_F             1.000      0.000    999.000    999.000
    F_STV_F            1.000      0.000    999.000    999.000


R-SQUARE

Class 1

Class 2

Class 3


TECHNICAL 1 OUTPUT


     PARAMETER SPECIFICATION FOR LATENT CLASS 1


           NU
              F_SC_S        F_STV_S       F_SC_M        F_STV_M       F_SC_F
              ________      ________      ________      ________      ________
                    1             2             3             4             5


           NU
              F_STV_F
              ________
                    6


           THETA
              F_SC_S        F_STV_S       F_SC_M        F_STV_M       F_SC_F
              ________      ________      ________      ________      ________
 F_SC_S             7
 F_STV_S            0             8
 F_SC_M             0             0             9
 F_STV_M            0             0             0            10
 F_SC_F             0             0             0             0            11
 F_STV_F            0             0             0             0             0


           THETA
              F_STV_F
              ________
 F_STV_F           12


     PARAMETER SPECIFICATION FOR LATENT CLASS 2


           NU
              F_SC_S        F_STV_S       F_SC_M        F_STV_M       F_SC_F
              ________      ________      ________      ________      ________
                   13            14            15            16            17


           NU
              F_STV_F
              ________
                   18


           THETA
              F_SC_S        F_STV_S       F_SC_M        F_STV_M       F_SC_F
              ________      ________      ________      ________      ________
 F_SC_S             7
 F_STV_S            0             8
 F_SC_M             0             0             9
 F_STV_M            0             0             0            10
 F_SC_F             0             0             0             0            11
 F_STV_F            0             0             0             0             0


           THETA
              F_STV_F
              ________
 F_STV_F           12


     PARAMETER SPECIFICATION FOR LATENT CLASS 3


           NU
              F_SC_S        F_STV_S       F_SC_M        F_STV_M       F_SC_F
              ________      ________      ________      ________      ________
                   19            20            21            22            23


           NU
              F_STV_F
              ________
                   24


           THETA
              F_SC_S        F_STV_S       F_SC_M        F_STV_M       F_SC_F
              ________      ________      ________      ________      ________
 F_SC_S             7
 F_STV_S            0             8
 F_SC_M             0             0             9
 F_STV_M            0             0             0            10
 F_SC_F             0             0             0             0            11
 F_STV_F            0             0             0             0             0


           THETA
              F_STV_F
              ________
 F_STV_F           12


     PARAMETER SPECIFICATION FOR LATENT CLASS REGRESSION MODEL PART


           ALPHA(C)
              C#1           C#2           C#3
              ________      ________      ________
                   25            26             0


     STARTING VALUES FOR LATENT CLASS 1


           NU
              F_SC_S        F_STV_S       F_SC_M        F_STV_M       F_SC_F
              ________      ________      ________      ________      ________
                2.918         2.600         2.781         2.883         2.675


           NU
              F_STV_F
              ________
                2.493


           THETA
              F_SC_S        F_STV_S       F_SC_M        F_STV_M       F_SC_F
              ________      ________      ________      ________      ________
 F_SC_S         0.332
 F_STV_S        0.000         0.391
 F_SC_M         0.000         0.000         0.475
 F_STV_M        0.000         0.000         0.000         0.373
 F_SC_F         0.000         0.000         0.000         0.000         0.393
 F_STV_F        0.000         0.000         0.000         0.000         0.000


           THETA
              F_STV_F
              ________
 F_STV_F        0.431


     STARTING VALUES FOR LATENT CLASS 2


           NU
              F_SC_S        F_STV_S       F_SC_M        F_STV_M       F_SC_F
              ________      ________      ________      ________      ________
                3.734         3.484         3.755         3.747         3.561


           NU
              F_STV_F
              ________
                3.422


           THETA
              F_SC_S        F_STV_S       F_SC_M        F_STV_M       F_SC_F
              ________      ________      ________      ________      ________
 F_SC_S         0.332
 F_STV_S        0.000         0.391
 F_SC_M         0.000         0.000         0.475
 F_STV_M        0.000         0.000         0.000         0.373
 F_SC_F         0.000         0.000         0.000         0.000         0.393
 F_STV_F        0.000         0.000         0.000         0.000         0.000


           THETA
              F_STV_F
              ________
 F_STV_F        0.431


     STARTING VALUES FOR LATENT CLASS 3


           NU
              F_SC_S        F_STV_S       F_SC_M        F_STV_M       F_SC_F
              ________      ________      ________      ________      ________
                4.549         4.369         4.730         4.610         4.447


           NU
              F_STV_F
              ________
                4.351


           THETA
              F_SC_S        F_STV_S       F_SC_M        F_STV_M       F_SC_F
              ________      ________      ________      ________      ________
 F_SC_S         0.332
 F_STV_S        0.000         0.391
 F_SC_M         0.000         0.000         0.475
 F_STV_M        0.000         0.000         0.000         0.373
 F_SC_F         0.000         0.000         0.000         0.000         0.393
 F_STV_F        0.000         0.000         0.000         0.000         0.000


           THETA
              F_STV_F
              ________
 F_STV_F        0.431


     STARTING VALUES FOR LATENT CLASS REGRESSION MODEL PART


           ALPHA(C)
              C#1           C#2           C#3
              ________      ________      ________
                0.000         0.000         0.000


TECHNICAL 11 OUTPUT

     Random Starts Specifications for the k-1 Class Analysis Model
        Number of initial stage random starts                 200
        Number of final stage optimizations                    50



     VUONG-LO-MENDELL-RUBIN LIKELIHOOD RATIO TEST FOR 2 (H0) VERSUS 3 CLASSES

          H0 Loglikelihood Value                        -2614.427
          2 Times the Loglikelihood Difference            110.758
          Difference in the Number of Parameters                7
          Mean                                             94.403
          Standard Deviation                              164.960
          P-Value                                          0.3068

     LO-MENDELL-RUBIN ADJUSTED LRT TEST

          Value                                           108.129
          P-Value                                          0.3127


TECHNICAL 14 OUTPUT

     Random Starts Specifications for the k-1 Class Analysis Model
        Number of initial stage random starts                 200
        Number of final stage optimizations                    50

     Random Starts Specification for the k-1 Class Model for Generated Data
        Number of initial stage random starts                 200
        Number of final stage optimizations                    50
     Random Starts Specification for the k Class Model for Generated Data
        Number of initial stage random starts                 200
        Number of final stage optimizations                    50
     Number of bootstrap draws requested                   Varies


     PARAMETRIC BOOTSTRAPPED LIKELIHOOD RATIO TEST FOR 2 (H0) VERSUS 3 CLASSES

          H0 Loglikelihood Value                        -2614.427
          2 Times the Loglikelihood Difference            110.758
          Difference in the Number of Parameters                7
          Approximate P-Value                              0.0000
          Successful Bootstrap Draws                            5


DIAGRAM INFORMATION

  Mplus diagrams are currently not available for Mixture analysis.
  No diagram output was produced.


     Beginning Time:  14:27:30
        Ending Time:  14:27:52
       Elapsed Time:  00:00:22



MUTHEN & MUTHEN
3463 Stoner Ave.
Los Angeles, CA  90066

Tel: (310) 391-9971
Fax: (310) 391-8971
Web: www.StatModel.com
Support: Support@StatModel.com

Copyright (c) 1998-2021 Muthen & Muthen
