Mplus VERSION 8.6
MUTHEN & MUTHEN
01/28/2022   2:18 PM

INPUT INSTRUCTIONS

  TITLE: STL Profile 3 - cross sectional LPA year 5
  DATA: FILE = STL6_new.dat;

  VARIABLE: NAMES ARE
    ID sex E_Asp F_Asp
    Score_S Score_M Score_F
    D_at_S D_ut_S D_in_S D_sc_S D_STV_S
    D_at_M D_ut_M D_in_M D_sc_M D_STV_M
    D_at_F D_ut_F D_in_F D_sc_F D_STV_F
    E_at_S E_ut_S E_in_S E_sc_S E_STV_S
    E_at_M E_ut_M E_in_M E_sc_M E_STV_M
    E_at_F E_ut_F E_in_F E_sc_F E_STV_F
    F_at_S F_ut_S F_in_S F_sc_S F_STV_S
    F_at_M F_ut_M F_in_M F_sc_M F_STV_M
    F_at_F F_ut_F F_in_F F_sc_F F_STV_F;

    USEVARIABLES ARE
    E_sc_S E_STV_S
    E_sc_M E_STV_M
    E_sc_F E_STV_F
    ;

    MISSING ARE ALL(-999);

    CLASSES = c(3);

  ANALYSIS:	

     	TYPE = MIXTURE;
    	ESTIMATOR=MLR;
    	processors = 4;
      STARTS = 200 50;
     	STITERATIONS=50;
     	LRTSTARTS = 200 50 200 50;

    MODEL:
  %OVERALL%

  %c#1%
    [E_sc_S E_STV_S
    E_sc_M E_STV_M
    E_sc_F E_STV_F]
    ;

  %c#2%
    [E_sc_S E_STV_S
    E_sc_M E_STV_M
    E_sc_F E_STV_F]
    ;

  %c#3%
    [E_sc_S E_STV_S
    E_sc_M E_STV_M
    E_sc_F E_STV_F]
    ;
  OUTPUT: TECH1 TECH11 TECH14 samp stdyx;



*** WARNING in MODEL command
  All variables are uncorrelated with all other variables within class.
  Check that this is what is intended.
*** WARNING
  Data set contains cases with missing on all variables.
  These cases were not included in the analysis.
  Number of cases with missing on all variables:  340
   2 WARNING(S) FOUND IN THE INPUT INSTRUCTIONS



STL Profile 3 - cross sectional LPA year 5

SUMMARY OF ANALYSIS

Number of groups                                                 1
Number of observations                                         360

Number of dependent variables                                    6
Number of independent variables                                  0
Number of continuous latent variables                            0
Number of categorical latent variables                           1

Observed dependent variables

  Continuous
   E_SC_S      E_STV_S     E_SC_M      E_STV_M     E_SC_F      E_STV_F

Categorical latent variables
   C


Estimator                                                      MLR
Information matrix                                        OBSERVED
Optimization Specifications for the Quasi-Newton Algorithm for
Continuous Outcomes
  Maximum number of iterations                                 100
  Convergence criterion                                  0.100D-05
Optimization Specifications for the EM Algorithm
  Maximum number of iterations                                 500
  Convergence criteria
    Loglikelihood change                                 0.100D-06
    Relative loglikelihood change                        0.100D-06
    Derivative                                           0.100D-05
Optimization Specifications for the M step of the EM Algorithm for
Categorical Latent variables
  Number of M step iterations                                    1
  M step convergence criterion                           0.100D-05
  Basis for M step termination                           ITERATION
Optimization Specifications for the M step of the EM Algorithm for
Censored, Binary or Ordered Categorical (Ordinal), Unordered
Categorical (Nominal) and Count Outcomes
  Number of M step iterations                                    1
  M step convergence criterion                           0.100D-05
  Basis for M step termination                           ITERATION
  Maximum value for logit thresholds                            15
  Minimum value for logit thresholds                           -15
  Minimum expected cell size for chi-square              0.100D-01
Maximum number of iterations for H1                           2000
Convergence criterion for H1                             0.100D-03
Optimization algorithm                                         EMA
Random Starts Specifications
  Number of initial stage random starts                        200
  Number of final stage optimizations                           50
  Number of initial stage iterations                            50
  Initial stage convergence criterion                    0.100D+01
  Random starts scale                                    0.500D+01
  Random seed for generating random starts                       0

Input data file(s)
  STL6_new.dat
Input data format  FREE


SUMMARY OF DATA

     Number of missing data patterns             2
     Number of y missing data patterns           2
     Number of u missing data patterns           0


COVARIANCE COVERAGE OF DATA

Minimum covariance coverage value   0.100


     PROPORTION OF DATA PRESENT FOR Y


           Covariance Coverage
              E_SC_S        E_STV_S       E_SC_M        E_STV_M       E_SC_F
              ________      ________      ________      ________      ________
 E_SC_S         1.000
 E_STV_S        1.000         1.000
 E_SC_M         1.000         1.000         1.000
 E_STV_M        1.000         1.000         1.000         1.000
 E_SC_F         1.000         1.000         1.000         1.000         1.000
 E_STV_F        0.997         0.997         0.997         0.997         0.997


           Covariance Coverage
              E_STV_F
              ________
 E_STV_F        0.997


SAMPLE STATISTICS


     ESTIMATED SAMPLE STATISTICS


           Means
              E_SC_S        E_STV_S       E_SC_M        E_STV_M       E_SC_F
              ________      ________      ________      ________      ________
                3.671         3.579         3.826         3.923         3.607


           Means
              E_STV_F
              ________
                3.665


           Covariances
              E_SC_S        E_STV_S       E_SC_M        E_STV_M       E_SC_F
              ________      ________      ________      ________      ________
 E_SC_S         0.663
 E_STV_S        0.394         0.747
 E_SC_M         0.263         0.110         0.992
 E_STV_M        0.158         0.304         0.510         0.667
 E_SC_F         0.345         0.164         0.301         0.192         0.751
 E_STV_F        0.178         0.343         0.215         0.390         0.411


           Covariances
              E_STV_F
              ________
 E_STV_F        0.664


           Correlations
              E_SC_S        E_STV_S       E_SC_M        E_STV_M       E_SC_F
              ________      ________      ________      ________      ________
 E_SC_S         1.000
 E_STV_S        0.560         1.000
 E_SC_M         0.325         0.128         1.000
 E_STV_M        0.237         0.430         0.627         1.000
 E_SC_F         0.488         0.219         0.349         0.271         1.000
 E_STV_F        0.268         0.488         0.265         0.586         0.582


           Correlations
              E_STV_F
              ________
 E_STV_F        1.000


     MAXIMUM LOG-LIKELIHOOD VALUE FOR THE UNRESTRICTED (H1) MODEL IS -2254.256


UNIVARIATE SAMPLE STATISTICS


     UNIVARIATE HIGHER-ORDER MOMENT DESCRIPTIVE STATISTICS

         Variable/         Mean/     Skewness/   Minimum/ % with                Percentiles
        Sample Size      Variance    Kurtosis    Maximum  Min/Max      20%/60%    40%/80%    Median

     E_SC_S                3.671      -0.482       1.000    0.28%       3.000      3.667      3.667
             360.000       0.663      -0.019       5.000    7.78%       4.000      4.333
     E_STV_S               3.579      -0.437       1.000    0.28%       2.889      3.444      3.667
             360.000       0.747      -0.341       5.000    3.61%       3.889      4.333
     E_SC_M                3.826      -0.736       1.000    1.39%       3.000      3.667      4.000
             360.000       0.992      -0.126       5.000   20.56%       4.333      5.000
     E_STV_M               3.923      -0.811       1.222    0.83%       3.333      3.889      4.000
             360.000       0.667       0.350       5.000    9.72%       4.222      4.667
     E_SC_F                3.607      -0.383       1.000    0.56%       3.000      3.333      3.667
             360.000       0.751      -0.158       5.000   10.00%       4.000      4.333
     E_STV_F               3.670      -0.495       1.000    0.28%       3.000      3.444      3.722
             359.000       0.658      -0.021       5.000    3.90%       3.889      4.444

RANDOM STARTS RESULTS RANKED FROM THE BEST TO THE WORST LOGLIKELIHOOD VALUES

Final stage loglikelihood values at local maxima, seeds, and initial stage start numbers:

           -2474.853  407168           44
           -2474.853  696773           80
           -2474.853  991329           182
           -2474.853  392418           28
           -2474.853  195873           6
           -2474.853  292884           103
           -2474.853  153942           31
           -2474.853  782200           84
           -2474.853  573096           20
           -2474.853  318230           46
           -2474.853  21345            199
           -2474.853  726035           191
           -2474.853  467339           66
           -2474.853  570908           98
           -2474.853  25127            107
           -2474.853  475420           71
           -2474.853  68985            17
           -2474.853  609185           181
           -2474.853  635245           121
           -2474.853  391179           78
           -2474.853  715561           125
           -2474.853  570782           193
           -2474.853  606576           151
           -2474.853  411615           171
           -2474.853  987090           70
           -2474.853  437181           135
           -2474.853  846194           93
           -2474.853  569833           85
           -2474.853  931874           141
           -2474.853  794236           127
           -2474.853  939709           112
           -2474.853  903369           134
           -2474.853  93468            3
           -2474.853  466971           109
           -2474.853  717754           180
           -2474.853  314084           81
           -2474.853  422103           62
           -2474.853  783110           72
           -2474.853  830392           35
           -2474.853  170954           86
           -2474.853  915642           40
           -2474.853  215353           164
           -2474.853  383986           159
           -2474.853  432148           30
           -2474.853  814975           129
           -2474.853  253358           2
           -2474.853  967237           48
           -2474.853  12477            155

2 perturbed starting value run(s) did not converge or were rejected in the third stage.



THE BEST LOGLIKELIHOOD VALUE HAS BEEN REPLICATED.  RERUN WITH AT LEAST TWICE THE
RANDOM STARTS TO CHECK THAT THE BEST LOGLIKELIHOOD IS STILL OBTAINED AND REPLICATED.


THE MODEL ESTIMATION TERMINATED NORMALLY



MODEL FIT INFORMATION

Number of Free Parameters                       26

Loglikelihood

          H0 Value                       -2474.853
          H0 Scaling Correction Factor      1.2477
            for MLR

Information Criteria

          Akaike (AIC)                    5001.705
          Bayesian (BIC)                  5102.744
          Sample-Size Adjusted BIC        5020.259
            (n* = (n + 2) / 24)



FINAL CLASS COUNTS AND PROPORTIONS FOR THE LATENT CLASSES
BASED ON THE ESTIMATED MODEL

    Latent
   Classes

       1         30.38602          0.08441
       2        205.40206          0.57056
       3        124.21192          0.34503


FINAL CLASS COUNTS AND PROPORTIONS FOR THE LATENT CLASSES
BASED ON ESTIMATED POSTERIOR PROBABILITIES

    Latent
   Classes

       1         30.38602          0.08441
       2        205.40206          0.57056
       3        124.21192          0.34503


FINAL CLASS COUNTS AND PROPORTIONS FOR THE LATENT CLASSES
BASED ON THEIR MOST LIKELY LATENT CLASS MEMBERSHIP

Class Counts and Proportions

    Latent
   Classes

       1               29          0.08056
       2              214          0.59444
       3              117          0.32500


CLASSIFICATION QUALITY

     Entropy                         0.795


Average Latent Class Probabilities for Most Likely Latent Class Membership (Row)
by Latent Class (Column)

           1        2        3

    1   0.942    0.058    0.000
    2   0.014    0.897    0.089
    3   0.000    0.100    0.900


Classification Probabilities for the Most Likely Latent Class Membership (Column)
by Latent Class (Row)

           1        2        3

    1   0.899    0.101    0.000
    2   0.008    0.935    0.057
    3   0.000    0.153    0.847


Logits for the Classification Probabilities for the Most Likely Latent Class Membership (Column)
by Latent Class (Row)

              1        2        3

    1     13.709   11.519    0.000
    2     -1.949    2.795    0.000
    3    -13.650   -1.715    0.000


MODEL RESULTS

                                                    Two-Tailed
                    Estimate       S.E.  Est./S.E.    P-Value

Latent Class 1

 Means
    E_SC_S             2.872      0.196     14.638      0.000
    E_STV_S            2.344      0.200     11.722      0.000
    E_SC_M             2.668      0.257     10.375      0.000
    E_STV_M            2.387      0.195     12.221      0.000
    E_SC_F             2.701      0.197     13.722      0.000
    E_STV_F            2.275      0.167     13.589      0.000

 Variances
    E_SC_S             0.486      0.047     10.404      0.000
    E_STV_S            0.499      0.059      8.499      0.000
    E_SC_M             0.741      0.077      9.567      0.000
    E_STV_M            0.327      0.042      7.703      0.000
    E_SC_F             0.514      0.050     10.379      0.000
    E_STV_F            0.327      0.040      8.266      0.000

Latent Class 2

 Means
    E_SC_S             3.465      0.077     45.081      0.000
    E_STV_S            3.426      0.072     47.817      0.000
    E_SC_M             3.643      0.100     36.505      0.000
    E_STV_M            3.781      0.069     54.654      0.000
    E_SC_F             3.364      0.083     40.342      0.000
    E_STV_F            3.479      0.066     52.552      0.000

 Variances
    E_SC_S             0.486      0.047     10.404      0.000
    E_STV_S            0.499      0.059      8.499      0.000
    E_SC_M             0.741      0.077      9.567      0.000
    E_STV_M            0.327      0.042      7.703      0.000
    E_SC_F             0.514      0.050     10.379      0.000
    E_STV_F            0.327      0.040      8.266      0.000

Latent Class 3

 Means
    E_SC_S             4.207      0.079     53.101      0.000
    E_STV_S            4.134      0.106     38.824      0.000
    E_SC_M             4.412      0.102     43.094      0.000
    E_STV_M            4.535      0.089     50.724      0.000
    E_SC_F             4.231      0.095     44.773      0.000
    E_STV_F            4.321      0.099     43.720      0.000

 Variances
    E_SC_S             0.486      0.047     10.404      0.000
    E_STV_S            0.499      0.059      8.499      0.000
    E_SC_M             0.741      0.077      9.567      0.000
    E_STV_M            0.327      0.042      7.703      0.000
    E_SC_F             0.514      0.050     10.379      0.000
    E_STV_F            0.327      0.040      8.266      0.000

Categorical Latent Variables

 Means
    C#1               -1.408      0.331     -4.249      0.000
    C#2                0.503      0.258      1.952      0.051


QUALITY OF NUMERICAL RESULTS

     Condition Number for the Information Matrix              0.481E-02
       (ratio of smallest to largest eigenvalue)


STANDARDIZED MODEL RESULTS


STDYX Standardization

                                                    Two-Tailed
                    Estimate       S.E.  Est./S.E.    P-Value

Latent Class 1

 Means
    E_SC_S             4.119      0.301     13.678      0.000
    E_STV_S            3.317      0.269     12.338      0.000
    E_SC_M             3.099      0.299     10.352      0.000
    E_STV_M            4.173      0.374     11.170      0.000
    E_SC_F             3.768      0.317     11.898      0.000
    E_STV_F            3.976      0.342     11.642      0.000

 Variances
    E_SC_S             1.000      0.000    999.000    999.000
    E_STV_S            1.000      0.000    999.000    999.000
    E_SC_M             1.000      0.000    999.000    999.000
    E_STV_M            1.000      0.000    999.000    999.000
    E_SC_F             1.000      0.000    999.000    999.000
    E_STV_F            1.000      0.000    999.000    999.000

Latent Class 2

 Means
    E_SC_S             4.971      0.262     18.995      0.000
    E_STV_S            4.849      0.303     16.004      0.000
    E_SC_M             4.232      0.234     18.114      0.000
    E_STV_M            6.608      0.440     15.016      0.000
    E_SC_F             4.693      0.246     19.042      0.000
    E_STV_F            6.081      0.416     14.604      0.000

 Variances
    E_SC_S             1.000      0.000    999.000    999.000
    E_STV_S            1.000      0.000    999.000    999.000
    E_SC_M             1.000      0.000    999.000    999.000
    E_STV_M            1.000      0.000    999.000    999.000
    E_SC_F             1.000      0.000    999.000    999.000
    E_STV_F            1.000      0.000    999.000    999.000

Latent Class 3

 Means
    E_SC_S             6.035      0.341     17.720      0.000
    E_STV_S            5.851      0.442     13.239      0.000
    E_SC_M             5.125      0.350     14.636      0.000
    E_STV_M            7.926      0.609     13.024      0.000
    E_SC_F             5.903      0.354     16.674      0.000
    E_STV_F            7.553      0.564     13.392      0.000

 Variances
    E_SC_S             1.000      0.000    999.000    999.000
    E_STV_S            1.000      0.000    999.000    999.000
    E_SC_M             1.000      0.000    999.000    999.000
    E_STV_M            1.000      0.000    999.000    999.000
    E_SC_F             1.000      0.000    999.000    999.000
    E_STV_F            1.000      0.000    999.000    999.000


R-SQUARE

Class 1

Class 2

Class 3


TECHNICAL 1 OUTPUT


     PARAMETER SPECIFICATION FOR LATENT CLASS 1


           NU
              E_SC_S        E_STV_S       E_SC_M        E_STV_M       E_SC_F
              ________      ________      ________      ________      ________
                    1             2             3             4             5


           NU
              E_STV_F
              ________
                    6


           THETA
              E_SC_S        E_STV_S       E_SC_M        E_STV_M       E_SC_F
              ________      ________      ________      ________      ________
 E_SC_S             7
 E_STV_S            0             8
 E_SC_M             0             0             9
 E_STV_M            0             0             0            10
 E_SC_F             0             0             0             0            11
 E_STV_F            0             0             0             0             0


           THETA
              E_STV_F
              ________
 E_STV_F           12


     PARAMETER SPECIFICATION FOR LATENT CLASS 2


           NU
              E_SC_S        E_STV_S       E_SC_M        E_STV_M       E_SC_F
              ________      ________      ________      ________      ________
                   13            14            15            16            17


           NU
              E_STV_F
              ________
                   18


           THETA
              E_SC_S        E_STV_S       E_SC_M        E_STV_M       E_SC_F
              ________      ________      ________      ________      ________
 E_SC_S             7
 E_STV_S            0             8
 E_SC_M             0             0             9
 E_STV_M            0             0             0            10
 E_SC_F             0             0             0             0            11
 E_STV_F            0             0             0             0             0


           THETA
              E_STV_F
              ________
 E_STV_F           12


     PARAMETER SPECIFICATION FOR LATENT CLASS 3


           NU
              E_SC_S        E_STV_S       E_SC_M        E_STV_M       E_SC_F
              ________      ________      ________      ________      ________
                   19            20            21            22            23


           NU
              E_STV_F
              ________
                   24


           THETA
              E_SC_S        E_STV_S       E_SC_M        E_STV_M       E_SC_F
              ________      ________      ________      ________      ________
 E_SC_S             7
 E_STV_S            0             8
 E_SC_M             0             0             9
 E_STV_M            0             0             0            10
 E_SC_F             0             0             0             0            11
 E_STV_F            0             0             0             0             0


           THETA
              E_STV_F
              ________
 E_STV_F           12


     PARAMETER SPECIFICATION FOR LATENT CLASS REGRESSION MODEL PART


           ALPHA(C)
              C#1           C#2           C#3
              ________      ________      ________
                   25            26             0


     STARTING VALUES FOR LATENT CLASS 1


           NU
              E_SC_S        E_STV_S       E_SC_M        E_STV_M       E_SC_F
              ________      ________      ________      ________      ________
                2.857         2.714         2.830         3.107         2.741


           NU
              E_STV_F
              ________
                2.858


           THETA
              E_SC_S        E_STV_S       E_SC_M        E_STV_M       E_SC_F
              ________      ________      ________      ________      ________
 E_SC_S         0.332
 E_STV_S        0.000         0.374
 E_SC_M         0.000         0.000         0.496
 E_STV_M        0.000         0.000         0.000         0.333
 E_SC_F         0.000         0.000         0.000         0.000         0.376
 E_STV_F        0.000         0.000         0.000         0.000         0.000


           THETA
              E_STV_F
              ________
 E_STV_F        0.329


     STARTING VALUES FOR LATENT CLASS 2


           NU
              E_SC_S        E_STV_S       E_SC_M        E_STV_M       E_SC_F
              ________      ________      ________      ________      ________
                3.671         3.579         3.826         3.923         3.607


           NU
              E_STV_F
              ________
                3.670


           THETA
              E_SC_S        E_STV_S       E_SC_M        E_STV_M       E_SC_F
              ________      ________      ________      ________      ________
 E_SC_S         0.332
 E_STV_S        0.000         0.374
 E_SC_M         0.000         0.000         0.496
 E_STV_M        0.000         0.000         0.000         0.333
 E_SC_F         0.000         0.000         0.000         0.000         0.376
 E_STV_F        0.000         0.000         0.000         0.000         0.000


           THETA
              E_STV_F
              ________
 E_STV_F        0.329


     STARTING VALUES FOR LATENT CLASS 3


           NU
              E_SC_S        E_STV_S       E_SC_M        E_STV_M       E_SC_F
              ________      ________      ________      ________      ________
                4.486         4.443         4.822         4.740         4.474


           NU
              E_STV_F
              ________
                4.481


           THETA
              E_SC_S        E_STV_S       E_SC_M        E_STV_M       E_SC_F
              ________      ________      ________      ________      ________
 E_SC_S         0.332
 E_STV_S        0.000         0.374
 E_SC_M         0.000         0.000         0.496
 E_STV_M        0.000         0.000         0.000         0.333
 E_SC_F         0.000         0.000         0.000         0.000         0.376
 E_STV_F        0.000         0.000         0.000         0.000         0.000


           THETA
              E_STV_F
              ________
 E_STV_F        0.329


     STARTING VALUES FOR LATENT CLASS REGRESSION MODEL PART


           ALPHA(C)
              C#1           C#2           C#3
              ________      ________      ________
                0.000         0.000         0.000


TECHNICAL 11 OUTPUT

     Random Starts Specifications for the k-1 Class Analysis Model
        Number of initial stage random starts                 200
        Number of final stage optimizations                    50



     VUONG-LO-MENDELL-RUBIN LIKELIHOOD RATIO TEST FOR 2 (H0) VERSUS 3 CLASSES

          H0 Loglikelihood Value                        -2550.719
          2 Times the Loglikelihood Difference            151.733
          Difference in the Number of Parameters                7
          Mean                                             -4.573
          Standard Deviation                               57.775
          P-Value                                          0.0018

     LO-MENDELL-RUBIN ADJUSTED LRT TEST

          Value                                           148.138
          P-Value                                          0.0021


TECHNICAL 14 OUTPUT

     Random Starts Specifications for the k-1 Class Analysis Model
        Number of initial stage random starts                 200
        Number of final stage optimizations                    50

     Random Starts Specification for the k-1 Class Model for Generated Data
        Number of initial stage random starts                 200
        Number of final stage optimizations                    50
     Random Starts Specification for the k Class Model for Generated Data
        Number of initial stage random starts                 200
        Number of final stage optimizations                    50
     Number of bootstrap draws requested                   Varies


     PARAMETRIC BOOTSTRAPPED LIKELIHOOD RATIO TEST FOR 2 (H0) VERSUS 3 CLASSES

          H0 Loglikelihood Value                        -2550.719
          2 Times the Loglikelihood Difference            151.733
          Difference in the Number of Parameters                7
          Approximate P-Value                              0.0000
          Successful Bootstrap Draws                            5


DIAGRAM INFORMATION

  Mplus diagrams are currently not available for Mixture analysis.
  No diagram output was produced.


     Beginning Time:  14:18:27
        Ending Time:  14:18:54
       Elapsed Time:  00:00:27



MUTHEN & MUTHEN
3463 Stoner Ave.
Los Angeles, CA  90066

Tel: (310) 391-9971
Fax: (310) 391-8971
Web: www.StatModel.com
Support: Support@StatModel.com

Copyright (c) 1998-2021 Muthen & Muthen
