Mplus VERSION 8.6
MUTHEN & MUTHEN
03/16/2022  11:02 AM

INPUT INSTRUCTIONS

  TITLE: STL - LTA with Asp based on Dispersion similarity partial - covar-equal
  DATA: FILE = y56LTA2_1.dat;

  VARIABLE: NAMES ARE
    E_SC_S E_STV_S E_SC_M E_STV_M E_SC_F E_STV_F
    ID SEX E_ASP F_ASP
    SCORE_S SCORE_M SCORE_F
    E_CPROB1 E_CPROB2 E_CPROB3 E_CPROB4 Y5
    F_SC_S F_STV_S F_SC_M F_STV_M F_SC_F F_STV_F
    F_CPROB1 F_CPROB2 F_CPROB3 F_CPROB4 Y6
    ;

    USEVARIABLES ARE
    Y5 Y6 SCORE_M
    !SEX
    ;

    USEOBSERVATIONS = sex EQ 2;

    NOMINAL = Y5 Y6;

    MISSING =*;

    CLASSES = T5(4) T6(4);

  ANALYSIS:	
     	TYPE = MIXTURE;
    	ESTIMATOR=MLR;
    	processors = 4;
      STARTS = 0;

  MODEL:
  %OVERALL%

  T6 ON T5;

  MODEL T5:
       	%T5#1%
       	
       	[Y5#1@13.455]; [Y5#2@12.603]; [Y5#3@8.579];


       	%T5#2%
       	
       	[Y5#1@1.71]; [Y5#2@4.713]; [Y5#3@1.162];


          %T5#3%
       	
       	[Y5#1@-0.779]; [Y5#2@2.185]; [Y5#3@2.726];
                                   	

          %T5#4%
       	
       	[Y5#1@-13.443]; [Y5#2@-0.913]; [Y5#3@-2.999];

         !!!!!!!!!!!!!!!!!!!!!!!!!!!!!!!!!!!!!!!!!!!!!!!!!!!!

  MODEL T6:
          %T6#1%
       	
       	[Y6#1@13.484]; [Y6#2@12.545]; [Y6#3@7.12];
                            	     	
       	[SCORE_M] (oa1);

          %T6#2%
       	
       	[Y6#1@1.236]; [Y6#2@5.078]; [Y6#3@1.438];

          [SCORE_M] (oa2);
       	
          %T6#3%
       	
       	[Y6#1@-2.315]; [Y6#2@2.302]; [Y6#3@2.747];

          [SCORE_M] (oa3);

       	%T6#4%
       	
       	[Y6#1@-13.426]; [Y6#2@-0.948]; [Y6#3@-2.417];

          [SCORE_M] (oa4);

  MODEL CONSTRAINT:
  NEW (y12);
  y12 = oa1-oa2;
  NEW (y13);
  y13 = oa1-oa3;
  NEW (y14);
  y14 = oa1-oa4;
  NEW (y23);
  y23 = oa2-oa3;
  NEW (y24);
  y24 = oa2-oa4;
  NEW (y34);
  y34 = oa3-oa4;

  NEW (T1);
  T1 = oa1;
  NEW (T2);
  T2 = oa2;
  NEW (T3);
  T3 = oa3;
  NEW (T4);
  T4 = oa4;

  OUTPUT: CINTERVAL RESIDUAL SVALUES TECH1 TECH7 TECH15;



*** WARNING in MODEL command
  All variables are uncorrelated with all other variables within class.
  Check that this is what is intended.
   1 WARNING(S) FOUND IN THE INPUT INSTRUCTIONS



STL - LTA with Asp based on Dispersion similarity partial - covar-equal

SUMMARY OF ANALYSIS

Number of groups                                                 1
Number of observations                                         160

Number of dependent variables                                    3
Number of independent variables                                  0
Number of continuous latent variables                            0
Number of categorical latent variables                           2

Observed dependent variables

  Continuous
   SCORE_M

  Unordered categorical (nominal)
   Y5          Y6

Categorical latent variables
   T5          T6


Estimator                                                      MLR
Information matrix                                        OBSERVED
Optimization Specifications for the Quasi-Newton Algorithm for
Continuous Outcomes
  Maximum number of iterations                                 100
  Convergence criterion                                  0.100D-05
Optimization Specifications for the EM Algorithm
  Maximum number of iterations                                 500
  Convergence criteria
    Loglikelihood change                                 0.100D-03
    Relative loglikelihood change                        0.100D-05
    Derivative                                           0.100D-03
Optimization Specifications for the M step of the EM Algorithm for
Categorical Latent variables
  Number of M step iterations                                    1
  M step convergence criterion                           0.100D-03
  Basis for M step termination                           ITERATION
Optimization Specifications for the M step of the EM Algorithm for
Censored, Binary or Ordered Categorical (Ordinal), Unordered
Categorical (Nominal) and Count Outcomes
  Number of M step iterations                                    1
  M step convergence criterion                           0.100D-03
  Basis for M step termination                           ITERATION
  Maximum value for logit thresholds                            15
  Minimum value for logit thresholds                           -15
  Minimum expected cell size for chi-square              0.100D-01
Maximum number of iterations for H1                           2000
Convergence criterion for H1                             0.100D-03
Optimization algorithm                                         EMA
Parameterization                                             LOGIT

Input data file(s)
  y56LTA2_1.dat
Input data format  FREE


SUMMARY OF DATA

     Number of missing data patterns             2
     Number of y missing data patterns           2
     Number of u missing data patterns           0


COVARIANCE COVERAGE OF DATA

Minimum covariance coverage value   0.100


     PROPORTION OF DATA PRESENT FOR Y


           Covariance Coverage
              SCORE_M
              ________
 SCORE_M        0.750


UNIVARIATE PROPORTIONS AND COUNTS FOR CATEGORICAL VARIABLES

    Y5
      Category 1    0.306           49.000
      Category 2    0.550           88.000
      Category 3    0.062           10.000
      Category 4    0.081           13.000
    Y6
      Category 1    0.246           28.000
      Category 2    0.588           67.000
      Category 3    0.061            7.000
      Category 4    0.105           12.000



UNIVARIATE SAMPLE STATISTICS


     UNIVARIATE HIGHER-ORDER MOMENT DESCRIPTIVE STATISTICS

         Variable/         Mean/     Skewness/   Minimum/ % with                Percentiles
        Sample Size      Variance    Kurtosis    Maximum  Min/Max      20%/60%    40%/80%    Median

     SCORE_M               8.617      -0.568       6.000    4.17%       8.000      8.000      9.000
             120.000       1.103      -0.168      10.000   20.83%       9.000     10.000

     THE STANDARD ERRORS OF THE MODEL PARAMETER ESTIMATES MAY NOT BE
     TRUSTWORTHY FOR SOME PARAMETERS DUE TO A NON-POSITIVE DEFINITE
     FIRST-ORDER DERIVATIVE PRODUCT MATRIX.  THIS MAY BE DUE TO THE STARTING
     VALUES BUT MAY ALSO BE AN INDICATION OF MODEL NONIDENTIFICATION.  THE
     CONDITION NUMBER IS       0.645D-12.  PROBLEM INVOLVING THE FOLLOWING PARAMETER:
     Parameter 17, T6#3 ON T5#2

     ONE OR MORE MULTINOMIAL LOGIT PARAMETERS WERE FIXED TO AVOID SINGULARITY
     OF THE INFORMATION MATRIX.  THE SINGULARITY IS MOST LIKELY BECAUSE THE
     MODEL IS NOT IDENTIFIED, OR BECAUSE OF EMPTY CELLS IN THE JOINT
     DISTRIBUTION OF THE CATEGORICAL LATENT VARIABLES AND ANY INDEPENDENT
     VARIABLES.  THE FOLLOWING PARAMETERS WERE FIXED:
     Parameter 18, T6#1 ON T5#3
     Parameter 14, T6#3 ON T5#1
     Parameter 20, T6#3 ON T5#3


THE MODEL ESTIMATION TERMINATED NORMALLY



MODEL FIT INFORMATION

Number of Free Parameters                       20

Loglikelihood

          H0 Value                        -427.357
          H0 Scaling Correction Factor      0.7699
            for MLR

Information Criteria

          Akaike (AIC)                     894.713
          Bayesian (BIC)                   956.217
          Sample-Size Adjusted BIC         892.904
            (n* = (n + 2) / 24)



FINAL CLASS COUNTS AND PROPORTIONS FOR EACH LATENT CLASS VARIABLE
BASED ON THE ESTIMATED MODEL

  Latent Class
    Variable    Class

    T5             1        65.67469          0.41047
                   2        64.90831          0.40568
                   3        12.29543          0.07685
                   4        17.12157          0.10701
    T6             1        49.87722          0.31173
                   2        73.95747          0.46223
                   3        14.24712          0.08904
                   4        21.91820          0.13699


CLASSIFICATION QUALITY

     Entropy                         0.679


LATENT CLASS INDICATOR MEANS AND PROBABILITIES FOR EACH LATENT CLASS

     MEAN/PROBABILITY PROFILES FOR T6
                       Latent class
                     1      2      3      4
     SCORE_M       9.070  8.911  6.801  7.589


LATENT TRANSITION PROBABILITIES BASED ON THE ESTIMATED MODEL

  T5 Classes (Rows) by T6 Classes (Columns)

            1        2        3        4

   1     0.715    0.252    0.033    0.000
   2     0.003    0.801    0.000    0.195
   3     0.000    0.252    0.748    0.000
   4     0.156    0.135    0.170    0.539


TRANSITION PROBABILITY ODDS

     TRANSITION TABLE ODDS AND 95% CONFIDENCE INTERVALS FOR T5 TO T6
        1.000(1.000,1.000)   0.352(0.105,1.187)   0.046(0.006,0.350)   0.000(0.000,0.000)
        0.004(0.000,1.593)   1.000(1.000,1.000)   0.000(0.000,0.000)   0.244(0.076,0.781)
        0.000(0.000,0.000)   0.338(0.018,6.173)   1.000(1.000,1.000)   0.000(0.000,0.000)
        0.289(0.026,3.232)   0.250(0.011,5.935)   0.315(0.010,9.501)   1.000(1.000,1.000)


C-SPECIFIC CLASSIFICATION RESULTS

Classification Quality for T5

     Entropy                         0.629

Average Latent Class Probabilities for Most Likely Latent Class Membership (Row)
by Latent Class (Column)

           1        2        3        4

    1   0.928    0.061    0.004    0.006
    2   0.158    0.762    0.029    0.050
    3   0.043    0.169    0.714    0.073
    4   0.000    0.041    0.038    0.920


Classification Probabilities for the Most Likely Latent Class Membership (Column)
by Latent Class (Row)

           1        2        3        4

    1   0.806    0.186    0.009    0.000
    2   0.053    0.905    0.034    0.008
    3   0.020    0.184    0.755    0.041
    4   0.021    0.224    0.056    0.699


Logits for the Classification Probabilities for the Most Likely Latent Class Membership (Column)
by Latent Class (Row)

              1        2        3        4

    1     13.580   12.112    9.033    0.000
    2      1.865    4.696    1.411    0.000
    3     -0.689    1.513    2.926    0.000
    4     -3.489   -1.137   -2.530    0.000

Classification Quality for T6

     Entropy                         0.600

Average Latent Class Probabilities for Most Likely Latent Class Membership (Row)
by Latent Class (Column)

           1        2        3        4

    1   0.886    0.104    0.007    0.003
    2   0.170    0.742    0.017    0.071
    3   0.020    0.129    0.744    0.107
    4   0.035    0.075    0.075    0.815


Classification Probabilities for the Most Likely Latent Class Membership (Column)
by Latent Class (Row)

           1        2        3        4

    1   0.675    0.307    0.006    0.012
    2   0.054    0.903    0.026    0.017
    3   0.020    0.107    0.783    0.090
    4   0.005    0.290    0.073    0.632


Logits for the Classification Probabilities for the Most Likely Latent Class Membership (Column)
by Latent Class (Row)

              1        2        3        4

    1      4.043    3.256   -0.683    0.000
    2      1.138    3.964    0.423    0.000
    3     -1.503    0.179    2.167    0.000
    4     -4.940   -0.781   -2.155    0.000


MODEL RESULTS

                                                    Two-Tailed
                    Estimate       S.E.  Est./S.E.    P-Value

Parameters in the Overall Part of the Model (Parameters Equal in All of the Classes)

 Variances
    SCORE_M            0.588      0.077      7.634      0.000

Parameters for Class-specific Model Parts of T5

Latent Class T5#1

 Means
    Y5#1              13.455      0.000    999.000    999.000
    Y5#2              12.603      0.000    999.000    999.000
    Y5#3               8.579      0.000    999.000    999.000

Latent Class T5#2

 Means
    Y5#1               1.710      0.000    999.000    999.000
    Y5#2               4.713      0.000    999.000    999.000
    Y5#3               1.162      0.000    999.000    999.000

Latent Class T5#3

 Means
    Y5#1              -0.779      0.000    999.000    999.000
    Y5#2               2.185      0.000    999.000    999.000
    Y5#3               2.726      0.000    999.000    999.000

Latent Class T5#4

 Means
    Y5#1             -13.443      0.000    999.000    999.000
    Y5#2              -0.913      0.000    999.000    999.000
    Y5#3              -2.999      0.000    999.000    999.000

Parameters for Class-specific Model Parts of T6

Latent Class T6#1

 Means
    SCORE_M            9.070      0.153     59.471      0.000

 Means
    Y6#1              13.484      0.000    999.000    999.000
    Y6#2              12.545      0.000    999.000    999.000
    Y6#3               7.120      0.000    999.000    999.000

Latent Class T6#2

 Means
    SCORE_M            8.911      0.120     74.465      0.000

 Means
    Y6#1               1.236      0.000    999.000    999.000
    Y6#2               5.078      0.000    999.000    999.000
    Y6#3               1.438      0.000    999.000    999.000

Latent Class T6#3

 Means
    SCORE_M            6.801      0.189     35.991      0.000

 Means
    Y6#1              -2.315      0.000    999.000    999.000
    Y6#2               2.302      0.000    999.000    999.000
    Y6#3               2.747      0.000    999.000    999.000

Latent Class T6#4

 Means
    SCORE_M            7.589      0.431     17.597      0.000

 Means
    Y6#1             -13.426      0.000    999.000    999.000
    Y6#2              -0.948      0.000    999.000    999.000
    Y6#3              -2.417      0.000    999.000    999.000

Categorical Latent Variables

 T6#1     ON
    T5#1              28.305      1.985     14.262      0.000
    T5#2              -2.782      3.309     -0.841      0.400
    T5#3              -3.536      0.000    999.000    999.000

 T6#2     ON
    T5#1              27.406      2.299     11.919      0.000
    T5#2               2.796      1.819      1.537      0.124
    T5#3              22.916      2.639      8.685      0.000

 T6#3     ON
    T5#1              25.132      0.000    999.000    999.000
    T5#2             -12.061      2.190     -5.506      0.000
    T5#3              23.771      0.000    999.000    999.000

 Means
    T5#1               1.344      0.337      3.985      0.000
    T5#2               1.333      0.363      3.672      0.000
    T5#3              -0.331      0.535     -0.619      0.536
    T6#1              -1.241      1.231     -1.007      0.314
    T6#2              -1.385      1.615     -0.858      0.391
    T6#3              -1.154      1.738     -0.664      0.506

New/Additional Parameters
    Y12                0.160      0.212      0.753      0.451
    Y13                2.270      0.247      9.207      0.000
    Y14                1.481      0.456      3.248      0.001
    Y23                2.110      0.232      9.096      0.000
    Y24                1.322      0.429      3.079      0.002
    Y34               -0.788      0.541     -1.457      0.145
    T1                 9.070      0.153     59.471      0.000
    T2                 8.911      0.120     74.465      0.000
    T3                 6.801      0.189     35.991      0.000
    T4                 7.589      0.431     17.597      0.000


QUALITY OF NUMERICAL RESULTS

     Condition Number for the Information Matrix              0.133E-06
       (ratio of smallest to largest eigenvalue)


CONFIDENCE INTERVALS OF MODEL RESULTS

                  Lower .5%  Lower 2.5%    Lower 5%    Estimate    Upper 5%  Upper 2.5%   Upper .5%

Parameters in the Overall Part of the Model (Parameters Equal in All of the Classes)

 Variances
    SCORE_M          0.390       0.437       0.461       0.588       0.715       0.739       0.786

Parameters for Class-specific Model Parts of T5

Latent Class T5#1

 Means
    Y5#1            13.455      13.455      13.455      13.455      13.455      13.455      13.455
    Y5#2            12.603      12.603      12.603      12.603      12.603      12.603      12.603
    Y5#3             8.579       8.579       8.579       8.579       8.579       8.579       8.579

Latent Class T5#2

 Means
    Y5#1             1.710       1.710       1.710       1.710       1.710       1.710       1.710
    Y5#2             4.713       4.713       4.713       4.713       4.713       4.713       4.713
    Y5#3             1.162       1.162       1.162       1.162       1.162       1.162       1.162

Latent Class T5#3

 Means
    Y5#1            -0.779      -0.779      -0.779      -0.779      -0.779      -0.779      -0.779
    Y5#2             2.185       2.185       2.185       2.185       2.185       2.185       2.185
    Y5#3             2.726       2.726       2.726       2.726       2.726       2.726       2.726

Latent Class T5#4

 Means
    Y5#1           -13.443     -13.443     -13.443     -13.443     -13.443     -13.443     -13.443
    Y5#2            -0.913      -0.913      -0.913      -0.913      -0.913      -0.913      -0.913
    Y5#3            -2.999      -2.999      -2.999      -2.999      -2.999      -2.999      -2.999

Parameters for Class-specific Model Parts of T6

Latent Class T6#1

 Means
    SCORE_M          8.677       8.771       8.819       9.070       9.321       9.369       9.463

 Means
    Y6#1            13.484      13.484      13.484      13.484      13.484      13.484      13.484
    Y6#2            12.545      12.545      12.545      12.545      12.545      12.545      12.545
    Y6#3             7.120       7.120       7.120       7.120       7.120       7.120       7.120

Latent Class T6#2

 Means
    SCORE_M          8.602       8.676       8.714       8.911       9.108       9.145       9.219

 Means
    Y6#1             1.236       1.236       1.236       1.236       1.236       1.236       1.236
    Y6#2             5.078       5.078       5.078       5.078       5.078       5.078       5.078
    Y6#3             1.438       1.438       1.438       1.438       1.438       1.438       1.438

Latent Class T6#3

 Means
    SCORE_M          6.314       6.430       6.490       6.801       7.111       7.171       7.287

 Means
    Y6#1            -2.315      -2.315      -2.315      -2.315      -2.315      -2.315      -2.315
    Y6#2             2.302       2.302       2.302       2.302       2.302       2.302       2.302
    Y6#3             2.747       2.747       2.747       2.747       2.747       2.747       2.747

Latent Class T6#4

 Means
    SCORE_M          6.478       6.744       6.880       7.589       8.298       8.434       8.700

 Means
    Y6#1           -13.426     -13.426     -13.426     -13.426     -13.426     -13.426     -13.426
    Y6#2            -0.948      -0.948      -0.948      -0.948      -0.948      -0.948      -0.948
    Y6#3            -2.417      -2.417      -2.417      -2.417      -2.417      -2.417      -2.417

Categorical Latent Variables

 T6#1     ON
    T5#1            23.193      24.415      25.040      28.305      31.569      32.194      33.416
    T5#2           -11.306      -9.268      -8.226      -2.782       2.661       3.703       5.741
    T5#3            -3.536      -3.536      -3.536      -3.536      -3.536      -3.536      -3.536

 T6#2     ON
    T5#1            21.483      22.899      23.623      27.406      31.188      31.912      33.328
    T5#2            -1.889      -0.769      -0.196       2.796       5.788       6.361       7.481
    T5#3            16.120      17.745      18.576      22.916      27.257      28.088      29.713

 T6#3     ON
    T5#1            25.132      25.132      25.132      25.132      25.132      25.132      25.132
    T5#2           -17.702     -16.354     -15.664     -12.061      -8.458      -7.768      -6.419
    T5#3            23.771      23.771      23.771      23.771      23.771      23.771      23.771

 Means
    T5#1             0.475       0.683       0.789       1.344       1.899       2.006       2.213
    T5#2             0.398       0.621       0.736       1.333       1.930       2.044       2.267
    T5#3            -1.709      -1.380      -1.211      -0.331       0.549       0.718       1.047
    T6#1            -4.413      -3.654      -3.266      -1.241       0.785       1.173       1.931
    T6#2            -5.546      -4.551      -4.043      -1.385       1.272       1.781       2.776
    T6#3            -5.630      -4.560      -4.013      -1.154       1.704       2.251       3.321

New/Additional Parameters
    Y12             -0.386      -0.256      -0.189       0.160       0.508       0.575       0.705
    Y13              1.635       1.787       1.864       2.270       2.675       2.753       2.905
    Y14              0.307       0.587       0.731       1.481       2.231       2.375       2.656
    Y23              1.513       1.655       1.729       2.110       2.492       2.565       2.708
    Y24              0.216       0.480       0.616       1.322       2.028       2.163       2.428
    Y34             -2.182      -1.849      -1.678      -0.788       0.102       0.272       0.605
    T1               8.677       8.771       8.819       9.070       9.321       9.369       9.463
    T2               8.602       8.676       8.714       8.911       9.108       9.145       9.219
    T3               6.314       6.430       6.490       6.801       7.111       7.171       7.287
    T4               6.478       6.744       6.880       7.589       8.298       8.434       8.700


MODEL COMMAND WITH FINAL ESTIMATES USED AS STARTING VALUES

     %OVERALL%

     t6#1 ON t5#1*28.30454;
     t6#1 ON t5#2*-2.78222;
     t6#1 ON t5#3*-3.53594;
     t6#2 ON t5#1*27.40575;
     t6#2 ON t5#2*2.79589;
     t6#2 ON t5#3*22.91644;
     t6#3 ON t5#1*25.13184;
     t6#3 ON t5#2*-12.06065;
     t6#3 ON t5#3*23.77094;

     [ t5#1*1.34437 ];
     [ t5#2*1.33264 ];
     [ t5#3*-0.33111 ];
     [ t6#1*-1.24068 ];
     [ t6#2*-1.38532 ];
     [ t6#3*-1.15433 ];

     score_m*0.58796 (2);


  MODEL T5:

     %T5#1%

     [ y5#1@13.45500 ];
     [ y5#2@12.60300 ];
     [ y5#3@8.57900 ];

     %T5#2%

     [ y5#1@1.71000 ];
     [ y5#2@4.71300 ];
     [ y5#3@1.16200 ];

     %T5#3%

     [ y5#1@-0.77900 ];
     [ y5#2@2.18500 ];
     [ y5#3@2.72600 ];

     %T5#4%

     [ y5#1@-13.44300 ];
     [ y5#2@-0.91300 ];
     [ y5#3@-2.99900 ];

  MODEL T6:

     %T6#1%

     [ score_m*9.07022 ] (oa1);
     [ y6#1@13.48400 ];
     [ y6#2@12.54500 ];
     [ y6#3@7.12000 ];

     %T6#2%

     [ score_m*8.91069 ] (oa2);
     [ y6#1@1.23600 ];
     [ y6#2@5.07800 ];
     [ y6#3@1.43800 ];

     %T6#3%

     [ score_m*6.80050 ] (oa3);
     [ y6#1@-2.31500 ];
     [ y6#2@2.30200 ];
     [ y6#3@2.74700 ];

     %T6#4%

     [ score_m*7.58896 ] (oa4);
     [ y6#1@-13.42600 ];
     [ y6#2@-0.94800 ];
     [ y6#3@-2.41700 ];

     ! NEW statements in MODEL CONSTRAINT
     NEW(y12*0.15952);
     NEW(y13*2.26971);
     NEW(y14*1.48125);
     NEW(y23*2.11019);
     NEW(y24*1.32173);
     NEW(y34*-0.78846);
     NEW(t1*9.07022);
     NEW(t2*8.91069);
     NEW(t3*6.80050);
     NEW(t4*7.58896);




RESIDUAL OUTPUT


     ESTIMATED MODEL AND RESIDUALS (OBSERVED - ESTIMATED) FOR PATTERN 1 1


           Model Estimated Means
              SCORE_M
              ________
                9.070


           Residuals for Means
              SCORE_M
              ________
                0.035


           Model Estimated Covariances
              SCORE_M
              ________
 SCORE_M        0.588


           Residuals for Covariances
              SCORE_M
              ________
 SCORE_M        0.015


     ESTIMATED MODEL AND RESIDUALS (OBSERVED - ESTIMATED) FOR PATTERN 1 2


           Model Estimated Means
              SCORE_M
              ________
                8.911


           Residuals for Means
              SCORE_M
              ________
               -0.011


           Model Estimated Covariances
              SCORE_M
              ________
 SCORE_M        0.588


           Residuals for Covariances
              SCORE_M
              ________
 SCORE_M       -0.029


     ESTIMATED MODEL AND RESIDUALS (OBSERVED - ESTIMATED) FOR PATTERN 1 3


           Model Estimated Means
              SCORE_M
              ________
                6.801


           Residuals for Means
              SCORE_M
              ________
               -0.294


           Model Estimated Covariances
              SCORE_M
              ________
 SCORE_M        0.588


           Residuals for Covariances
              SCORE_M
              ________
 SCORE_M       -0.171


     ESTIMATED MODEL AND RESIDUALS (OBSERVED - ESTIMATED) FOR PATTERN 1 4


           Model Estimated Means
              SCORE_M
              ________
                7.589


           Residuals for Means
              SCORE_M
              ________
                0.041


           Model Estimated Covariances
              SCORE_M
              ________
 SCORE_M        0.588


           Residuals for Covariances
              SCORE_M
              ________
 SCORE_M       -0.041


     ESTIMATED MODEL AND RESIDUALS (OBSERVED - ESTIMATED) FOR PATTERN 2 1


           Model Estimated Means
              SCORE_M
              ________
                9.070


           Residuals for Means
              SCORE_M
              ________
               -0.292


           Model Estimated Covariances
              SCORE_M
              ________
 SCORE_M        0.588


           Residuals for Covariances
              SCORE_M
              ________
 SCORE_M        0.012


     ESTIMATED MODEL AND RESIDUALS (OBSERVED - ESTIMATED) FOR PATTERN 2 2


           Model Estimated Means
              SCORE_M
              ________
                8.911


           Residuals for Means
              SCORE_M
              ________
                0.003


           Model Estimated Covariances
              SCORE_M
              ________
 SCORE_M        0.588


           Residuals for Covariances
              SCORE_M
              ________
 SCORE_M       -0.029


     ESTIMATED MODEL AND RESIDUALS (OBSERVED - ESTIMATED) FOR PATTERN 2 3


           Model Estimated Means
              SCORE_M
              ________
                6.801


           Residuals for Means
              SCORE_M
              ________
                0.082


           Model Estimated Covariances
              SCORE_M
              ________
 SCORE_M        0.588


           Residuals for Covariances
              SCORE_M
              ________
 SCORE_M       -0.185


     ESTIMATED MODEL AND RESIDUALS (OBSERVED - ESTIMATED) FOR PATTERN 2 4


           Model Estimated Means
              SCORE_M
              ________
                7.589


           Residuals for Means
              SCORE_M
              ________
                0.120


           Model Estimated Covariances
              SCORE_M
              ________
 SCORE_M        0.588


           Residuals for Covariances
              SCORE_M
              ________
 SCORE_M       -0.072


     ESTIMATED MODEL AND RESIDUALS (OBSERVED - ESTIMATED) FOR PATTERN 3 1


           Model Estimated Means
              SCORE_M
              ________
                9.070


           Residuals for Means
              SCORE_M
              ________
               -0.286


           Model Estimated Covariances
              SCORE_M
              ________
 SCORE_M        0.588


           Residuals for Covariances
              SCORE_M
              ________
 SCORE_M       -0.110


     ESTIMATED MODEL AND RESIDUALS (OBSERVED - ESTIMATED) FOR PATTERN 3 2


           Model Estimated Means
              SCORE_M
              ________
                8.911


           Residuals for Means
              SCORE_M
              ________
               -0.016


           Model Estimated Covariances
              SCORE_M
              ________
 SCORE_M        0.588


           Residuals for Covariances
              SCORE_M
              ________
 SCORE_M       -0.218


     ESTIMATED MODEL AND RESIDUALS (OBSERVED - ESTIMATED) FOR PATTERN 3 3


           Model Estimated Means
              SCORE_M
              ________
                6.801


           Residuals for Means
              SCORE_M
              ________
                0.142


           Model Estimated Covariances
              SCORE_M
              ________
 SCORE_M        0.588


           Residuals for Covariances
              SCORE_M
              ________
 SCORE_M       -0.402


     ESTIMATED MODEL AND RESIDUALS (OBSERVED - ESTIMATED) FOR PATTERN 3 4


           Model Estimated Means
              SCORE_M
              ________
                7.589


           Residuals for Means
              SCORE_M
              ________
               -0.046


           Model Estimated Covariances
              SCORE_M
              ________
 SCORE_M        0.588


           Residuals for Covariances
              SCORE_M
              ________
 SCORE_M        0.020


     ESTIMATED MODEL AND RESIDUALS (OBSERVED - ESTIMATED) FOR PATTERN 4 1


           Model Estimated Means
              SCORE_M
              ________
                9.070


           Residuals for Means
              SCORE_M
              ________
               -0.655


           Model Estimated Covariances
              SCORE_M
              ________
 SCORE_M        0.588


           Residuals for Covariances
              SCORE_M
              ________
 SCORE_M       -0.228


     ESTIMATED MODEL AND RESIDUALS (OBSERVED - ESTIMATED) FOR PATTERN 4 2


           Model Estimated Means
              SCORE_M
              ________
                8.911


           Residuals for Means
              SCORE_M
              ________
                0.036


           Model Estimated Covariances
              SCORE_M
              ________
 SCORE_M        0.588


           Residuals for Covariances
              SCORE_M
              ________
 SCORE_M       -0.379


     ESTIMATED MODEL AND RESIDUALS (OBSERVED - ESTIMATED) FOR PATTERN 4 3


           Model Estimated Means
              SCORE_M
              ________
                6.801


           Residuals for Means
              SCORE_M
              ________
               -0.177


           Model Estimated Covariances
              SCORE_M
              ________
 SCORE_M        0.588


           Residuals for Covariances
              SCORE_M
              ________
 SCORE_M       -0.233


     ESTIMATED MODEL AND RESIDUALS (OBSERVED - ESTIMATED) FOR PATTERN 4 4


           Model Estimated Means
              SCORE_M
              ________
                7.589


           Residuals for Means
              SCORE_M
              ________
               -0.170


           Model Estimated Covariances
              SCORE_M
              ________
 SCORE_M        0.588


           Residuals for Covariances
              SCORE_M
              ________
 SCORE_M        0.764


     UNIVARIATE DISTRIBUTION FIT FOR PATTERN 1 1

     Variable          Observed      Estimated      Residual (Obs.-Est.)    Stand. Residual
     Y5
       Category 0        0.703          0.697                  0.006                0.083
       Category 1        0.294          0.297                 -0.003               -0.049
       Category 2        0.003          0.005                 -0.002               -0.214
       Category 3        0.000          0.000                  0.000                0.000
     Y6
       Category 0        0.714          0.718                 -0.004               -0.068
       Category 1        0.286          0.281                  0.005                0.082
       Category 2        0.000          0.001                 -0.001               -0.180
       Category 3        0.000          0.000                  0.000               -0.005


     UNIVARIATE DISTRIBUTION FIT FOR PATTERN 1 2

     Variable          Observed      Estimated      Residual (Obs.-Est.)    Stand. Residual
     Y5
       Category 0        0.697          0.697                  0.000                0.000
       Category 1        0.297          0.297                  0.000                0.000
       Category 2        0.005          0.005                  0.000                0.000
       Category 3        0.000          0.000                  0.000                0.000
     Y6
       Category 0        0.020          0.020                  0.000               -0.012
       Category 1        0.972          0.949                  0.023                0.424
       Category 2        0.006          0.025                 -0.018               -0.481
       Category 3        0.002          0.006                 -0.004               -0.220


     UNIVARIATE DISTRIBUTION FIT FOR PATTERN 1 3

     Variable          Observed      Estimated      Residual (Obs.-Est.)    Stand. Residual
     Y5
       Category 0        0.737          0.697                  0.040                0.127
       Category 1        0.257          0.297                 -0.040               -0.129
       Category 2        0.006          0.005                  0.000                0.008
       Category 3        0.000          0.000                  0.000                0.000
     Y6
       Category 0        0.001          0.004                 -0.003               -0.067
       Category 1        0.347          0.374                 -0.028               -0.084
       Category 2        0.644          0.584                  0.060                0.178
       Category 3        0.008          0.037                 -0.029               -0.225


     UNIVARIATE DISTRIBUTION FIT FOR PATTERN 1 4

     Variable          Observed      Estimated      Residual (Obs.-Est.)    Stand. Residual
     Y5
       Category 0        0.489          0.697                 -0.208                0.000
       Category 1        0.505          0.297                  0.208                0.000
       Category 2        0.005          0.005                  0.000                0.000
       Category 3        0.000          0.000                  0.000                0.000
     Y6
       Category 0        0.000          0.000                  0.000                0.000
       Category 1        0.548          0.262                  0.286                0.000
       Category 2        0.048          0.060                 -0.012                0.000
       Category 3        0.404          0.677                 -0.273                0.000


     UNIVARIATE DISTRIBUTION FIT FOR PATTERN 2 1

     Variable          Observed      Estimated      Residual (Obs.-Est.)    Stand. Residual
     Y5
       Category 0        0.047          0.046                  0.001                0.003
       Category 1        0.929          0.920                  0.009                0.016
       Category 2        0.015          0.026                 -0.011               -0.032
       Category 3        0.009          0.008                  0.000                0.002
     Y6
       Category 0        0.708          0.718                 -0.010               -0.010
       Category 1        0.291          0.281                  0.010                0.010
       Category 2        0.001          0.001                  0.000               -0.002
       Category 3        0.000          0.000                  0.000                0.000


     UNIVARIATE DISTRIBUTION FIT FOR PATTERN 2 2

     Variable          Observed      Estimated      Residual (Obs.-Est.)    Stand. Residual
     Y5
       Category 0        0.046          0.046                  0.000                0.000
       Category 1        0.920          0.920                  0.000                0.000
       Category 2        0.026          0.026                  0.000                0.000
       Category 3        0.008          0.008                  0.000                0.000
     Y6
       Category 0        0.022          0.020                  0.002                0.078
       Category 1        0.950          0.949                  0.001                0.026
       Category 2        0.022          0.025                 -0.003               -0.121
       Category 3        0.006          0.006                  0.000                0.028


     UNIVARIATE DISTRIBUTION FIT FOR PATTERN 2 3

     Variable          Observed      Estimated      Residual (Obs.-Est.)    Stand. Residual
     Y5
       Category 0        0.055          0.046                  0.009                0.000
       Category 1        0.903          0.920                 -0.017                0.000
       Category 2        0.032          0.026                  0.006                0.000
       Category 3        0.010          0.008                  0.002                0.000
     Y6
       Category 0        0.002          0.004                 -0.002                0.000
       Category 1        0.397          0.374                  0.023                0.000
       Category 2        0.567          0.584                 -0.017                0.000
       Category 3        0.034          0.037                 -0.003                0.000


     UNIVARIATE DISTRIBUTION FIT FOR PATTERN 2 4

     Variable          Observed      Estimated      Residual (Obs.-Est.)    Stand. Residual
     Y5
       Category 0        0.020          0.046                 -0.026               -0.445
       Category 1        0.956          0.920                  0.036                0.470
       Category 2        0.017          0.026                 -0.010               -0.218
       Category 3        0.008          0.008                  0.000                0.001
     Y6
       Category 0        0.000          0.000                  0.000                0.001
       Category 1        0.225          0.262                 -0.037               -0.300
       Category 2        0.048          0.060                 -0.012               -0.186
       Category 3        0.727          0.677                  0.049                0.376


     UNIVARIATE DISTRIBUTION FIT FOR PATTERN 3 1

     Variable          Observed      Estimated      Residual (Obs.-Est.)    Stand. Residual
     Y5
       Category 0        0.024          0.018                  0.006                0.000
       Category 1        0.462          0.347                  0.115                0.000
       Category 2        0.460          0.596                 -0.136                0.000
       Category 3        0.054          0.039                  0.015                0.000
     Y6
       Category 0        0.520          0.718                 -0.198                0.000
       Category 1        0.479          0.281                  0.198                0.000
       Category 2        0.001          0.001                  0.000                0.000
       Category 3        0.000          0.000                  0.000                0.000


     UNIVARIATE DISTRIBUTION FIT FOR PATTERN 3 2

     Variable          Observed      Estimated      Residual (Obs.-Est.)    Stand. Residual
     Y5
       Category 0        0.018          0.018                  0.000                0.000
       Category 1        0.347          0.347                  0.000                0.000
       Category 2        0.596          0.596                  0.000                0.000
       Category 3        0.039          0.039                  0.000                0.000
     Y6
       Category 0        0.010          0.020                 -0.010               -0.130
       Category 1        0.977          0.949                  0.029                0.228
       Category 2        0.010          0.025                 -0.015               -0.172
       Category 3        0.003          0.006                 -0.003               -0.068


     UNIVARIATE DISTRIBUTION FIT FOR PATTERN 3 3

     Variable          Observed      Estimated      Residual (Obs.-Est.)    Stand. Residual
     Y5
       Category 0        0.019          0.018                  0.001                0.023
       Category 1        0.300          0.347                 -0.047               -0.299
       Category 2        0.640          0.596                  0.044                0.271
       Category 3        0.041          0.039                  0.002                0.031
     Y6
       Category 0        0.001          0.004                 -0.003               -0.145
       Category 1        0.444          0.374                  0.069                0.434
       Category 2        0.539          0.584                 -0.046               -0.280
       Category 3        0.017          0.037                 -0.021               -0.332


     UNIVARIATE DISTRIBUTION FIT FOR PATTERN 3 4

     Variable          Observed      Estimated      Residual (Obs.-Est.)    Stand. Residual
     Y5
       Category 0        0.010          0.018                 -0.008                0.000
       Category 1        0.461          0.347                  0.114                0.000
       Category 2        0.479          0.596                 -0.117                0.000
       Category 3        0.050          0.039                  0.011                0.000
     Y6
       Category 0        0.000          0.000                  0.000                0.000
       Category 1        0.426          0.262                  0.164                0.000
       Category 2        0.072          0.060                  0.011                0.000
       Category 3        0.502          0.677                 -0.175                0.000


     UNIVARIATE DISTRIBUTION FIT FOR PATTERN 4 1

     Variable          Observed      Estimated      Residual (Obs.-Est.)    Stand. Residual
     Y5
       Category 0        0.000          0.000                  0.000                0.000
       Category 1        0.274          0.277                 -0.003               -0.011
       Category 2        0.020          0.034                 -0.015               -0.131
       Category 3        0.707          0.689                  0.018                0.062
     Y6
       Category 0        0.716          0.718                 -0.002               -0.007
       Category 1        0.284          0.281                  0.003                0.010
       Category 2        0.000          0.001                 -0.001               -0.041
       Category 3        0.000          0.000                  0.000                0.001


     UNIVARIATE DISTRIBUTION FIT FOR PATTERN 4 2

     Variable          Observed      Estimated      Residual (Obs.-Est.)    Stand. Residual
     Y5
       Category 0        0.000          0.000                  0.000                0.000
       Category 1        0.277          0.277                  0.000                0.000
       Category 2        0.034          0.034                  0.000                0.000
       Category 3        0.689          0.689                  0.000                0.000
     Y6
       Category 0        0.026          0.020                  0.005                0.057
       Category 1        0.957          0.949                  0.008                0.057
       Category 2        0.007          0.025                 -0.018               -0.171
       Category 3        0.010          0.006                  0.004                0.078


     UNIVARIATE DISTRIBUTION FIT FOR PATTERN 4 3

     Variable          Observed      Estimated      Residual (Obs.-Est.)    Stand. Residual
     Y5
       Category 0        0.000          0.000                  0.000                0.000
       Category 1        0.239          0.277                 -0.037               -0.143
       Category 2        0.037          0.034                  0.003                0.024
       Category 3        0.724          0.689                  0.035                0.128
     Y6
       Category 0        0.003          0.004                 -0.001               -0.033
       Category 1        0.415          0.374                  0.041                0.144
       Category 2        0.494          0.584                 -0.090               -0.313
       Category 3        0.088          0.037                  0.051                0.456


     UNIVARIATE DISTRIBUTION FIT FOR PATTERN 4 4

     Variable          Observed      Estimated      Residual (Obs.-Est.)    Stand. Residual
     Y5
       Category 0        0.000          0.000                  0.000               -0.002
       Category 1        0.287          0.277                  0.011                0.073
       Category 2        0.022          0.034                 -0.013               -0.213
       Category 3        0.691          0.689                  0.002                0.013
     Y6
       Category 0        0.000          0.000                  0.000                0.003
       Category 1        0.148          0.262                 -0.114               -0.790
       Category 2        0.043          0.060                 -0.017               -0.221
       Category 3        0.809          0.677                  0.132                0.856


TECHNICAL 1 OUTPUT


     PARAMETER SPECIFICATION FOR LATENT CLASS PATTERN 1 1


           NU
              SCORE_M
              ________
                    1


           THETA
              SCORE_M
              ________
 SCORE_M            2


     PARAMETER SPECIFICATION FOR LATENT CLASS PATTERN 1 2


           NU
              SCORE_M
              ________
                    3


           THETA
              SCORE_M
              ________
 SCORE_M            2


     PARAMETER SPECIFICATION FOR LATENT CLASS PATTERN 1 3


           NU
              SCORE_M
              ________
                    4


           THETA
              SCORE_M
              ________
 SCORE_M            2


     PARAMETER SPECIFICATION FOR LATENT CLASS PATTERN 1 4


           NU
              SCORE_M
              ________
                    5


           THETA
              SCORE_M
              ________
 SCORE_M            2


     PARAMETER SPECIFICATION FOR LATENT CLASS PATTERN 2 1


           NU
              SCORE_M
              ________
                    1


           THETA
              SCORE_M
              ________
 SCORE_M            2


     PARAMETER SPECIFICATION FOR LATENT CLASS PATTERN 2 2


           NU
              SCORE_M
              ________
                    3


           THETA
              SCORE_M
              ________
 SCORE_M            2


     PARAMETER SPECIFICATION FOR LATENT CLASS PATTERN 2 3


           NU
              SCORE_M
              ________
                    4


           THETA
              SCORE_M
              ________
 SCORE_M            2


     PARAMETER SPECIFICATION FOR LATENT CLASS PATTERN 2 4


           NU
              SCORE_M
              ________
                    5


           THETA
              SCORE_M
              ________
 SCORE_M            2


     PARAMETER SPECIFICATION FOR LATENT CLASS PATTERN 3 1


           NU
              SCORE_M
              ________
                    1


           THETA
              SCORE_M
              ________
 SCORE_M            2


     PARAMETER SPECIFICATION FOR LATENT CLASS PATTERN 3 2


           NU
              SCORE_M
              ________
                    3


           THETA
              SCORE_M
              ________
 SCORE_M            2


     PARAMETER SPECIFICATION FOR LATENT CLASS PATTERN 3 3


           NU
              SCORE_M
              ________
                    4


           THETA
              SCORE_M
              ________
 SCORE_M            2


     PARAMETER SPECIFICATION FOR LATENT CLASS PATTERN 3 4


           NU
              SCORE_M
              ________
                    5


           THETA
              SCORE_M
              ________
 SCORE_M            2


     PARAMETER SPECIFICATION FOR LATENT CLASS PATTERN 4 1


           NU
              SCORE_M
              ________
                    1


           THETA
              SCORE_M
              ________
 SCORE_M            2


     PARAMETER SPECIFICATION FOR LATENT CLASS PATTERN 4 2


           NU
              SCORE_M
              ________
                    3


           THETA
              SCORE_M
              ________
 SCORE_M            2


     PARAMETER SPECIFICATION FOR LATENT CLASS PATTERN 4 3


           NU
              SCORE_M
              ________
                    4


           THETA
              SCORE_M
              ________
 SCORE_M            2


     PARAMETER SPECIFICATION FOR LATENT CLASS PATTERN 4 4


           NU
              SCORE_M
              ________
                    5


           THETA
              SCORE_M
              ________
 SCORE_M            2


     PARAMETER SPECIFICATION FOR LATENT CLASS REGRESSION MODEL PART


           ALPHA(C)
              T5#1          T5#2          T5#3          T5#4          T6#1
              ________      ________      ________      ________      ________
                    6             7             8             0             9


           ALPHA(C)
              T6#2          T6#3          T6#4
              ________      ________      ________
                   10            11             0


           BETA(C)
              T5#1          T5#2          T5#3          T5#4
              ________      ________      ________      ________
 T6#1              12            15            18             0
 T6#2              13            16            19             0
 T6#3              14            17            20             0
 T6#4               0             0             0             0


     PARAMETER SPECIFICATION FOR THE CENSORED/NOMINAL/COUNT MODEL PART


           NU(P) FOR LATENT CLASS PATTERN 1 1
              Y5#1          Y5#2          Y5#3          Y6#1          Y6#2
              ________      ________      ________      ________      ________
                    0             0             0             0             0


           NU(P) FOR LATENT CLASS PATTERN 1 1
              Y6#3
              ________
                    0


           NU(P) FOR LATENT CLASS PATTERN 1 2
              Y5#1          Y5#2          Y5#3          Y6#1          Y6#2
              ________      ________      ________      ________      ________
                    0             0             0             0             0


           NU(P) FOR LATENT CLASS PATTERN 1 2
              Y6#3
              ________
                    0


           NU(P) FOR LATENT CLASS PATTERN 1 3
              Y5#1          Y5#2          Y5#3          Y6#1          Y6#2
              ________      ________      ________      ________      ________
                    0             0             0             0             0


           NU(P) FOR LATENT CLASS PATTERN 1 3
              Y6#3
              ________
                    0


           NU(P) FOR LATENT CLASS PATTERN 1 4
              Y5#1          Y5#2          Y5#3          Y6#1          Y6#2
              ________      ________      ________      ________      ________
                    0             0             0             0             0


           NU(P) FOR LATENT CLASS PATTERN 1 4
              Y6#3
              ________
                    0


           NU(P) FOR LATENT CLASS PATTERN 2 1
              Y5#1          Y5#2          Y5#3          Y6#1          Y6#2
              ________      ________      ________      ________      ________
                    0             0             0             0             0


           NU(P) FOR LATENT CLASS PATTERN 2 1
              Y6#3
              ________
                    0


           NU(P) FOR LATENT CLASS PATTERN 2 2
              Y5#1          Y5#2          Y5#3          Y6#1          Y6#2
              ________      ________      ________      ________      ________
                    0             0             0             0             0


           NU(P) FOR LATENT CLASS PATTERN 2 2
              Y6#3
              ________
                    0


           NU(P) FOR LATENT CLASS PATTERN 2 3
              Y5#1          Y5#2          Y5#3          Y6#1          Y6#2
              ________      ________      ________      ________      ________
                    0             0             0             0             0


           NU(P) FOR LATENT CLASS PATTERN 2 3
              Y6#3
              ________
                    0


           NU(P) FOR LATENT CLASS PATTERN 2 4
              Y5#1          Y5#2          Y5#3          Y6#1          Y6#2
              ________      ________      ________      ________      ________
                    0             0             0             0             0


           NU(P) FOR LATENT CLASS PATTERN 2 4
              Y6#3
              ________
                    0


           NU(P) FOR LATENT CLASS PATTERN 3 1
              Y5#1          Y5#2          Y5#3          Y6#1          Y6#2
              ________      ________      ________      ________      ________
                    0             0             0             0             0


           NU(P) FOR LATENT CLASS PATTERN 3 1
              Y6#3
              ________
                    0


           NU(P) FOR LATENT CLASS PATTERN 3 2
              Y5#1          Y5#2          Y5#3          Y6#1          Y6#2
              ________      ________      ________      ________      ________
                    0             0             0             0             0


           NU(P) FOR LATENT CLASS PATTERN 3 2
              Y6#3
              ________
                    0


           NU(P) FOR LATENT CLASS PATTERN 3 3
              Y5#1          Y5#2          Y5#3          Y6#1          Y6#2
              ________      ________      ________      ________      ________
                    0             0             0             0             0


           NU(P) FOR LATENT CLASS PATTERN 3 3
              Y6#3
              ________
                    0


           NU(P) FOR LATENT CLASS PATTERN 3 4
              Y5#1          Y5#2          Y5#3          Y6#1          Y6#2
              ________      ________      ________      ________      ________
                    0             0             0             0             0


           NU(P) FOR LATENT CLASS PATTERN 3 4
              Y6#3
              ________
                    0


           NU(P) FOR LATENT CLASS PATTERN 4 1
              Y5#1          Y5#2          Y5#3          Y6#1          Y6#2
              ________      ________      ________      ________      ________
                    0             0             0             0             0


           NU(P) FOR LATENT CLASS PATTERN 4 1
              Y6#3
              ________
                    0


           NU(P) FOR LATENT CLASS PATTERN 4 2
              Y5#1          Y5#2          Y5#3          Y6#1          Y6#2
              ________      ________      ________      ________      ________
                    0             0             0             0             0


           NU(P) FOR LATENT CLASS PATTERN 4 2
              Y6#3
              ________
                    0


           NU(P) FOR LATENT CLASS PATTERN 4 3
              Y5#1          Y5#2          Y5#3          Y6#1          Y6#2
              ________      ________      ________      ________      ________
                    0             0             0             0             0


           NU(P) FOR LATENT CLASS PATTERN 4 3
              Y6#3
              ________
                    0


           NU(P) FOR LATENT CLASS PATTERN 4 4
              Y5#1          Y5#2          Y5#3          Y6#1          Y6#2
              ________      ________      ________      ________      ________
                    0             0             0             0             0


           NU(P) FOR LATENT CLASS PATTERN 4 4
              Y6#3
              ________
                    0


     PARAMETER SPECIFICATION FOR THE ADDITIONAL PARAMETERS


           NEW/ADDITIONAL PARAMETERS
              Y12           Y13           Y14           Y23           Y24
              ________      ________      ________      ________      ________
                   21            22            23            24            25


           NEW/ADDITIONAL PARAMETERS
              Y34           T1            T2            T3            T4
              ________      ________      ________      ________      ________
                   26            27            28            29            30


     STARTING VALUES FOR LATENT CLASS PATTERN 1 1


           NU
              SCORE_M
              ________
                8.354


           THETA
              SCORE_M
              ________
 SCORE_M        0.552


     STARTING VALUES FOR LATENT CLASS PATTERN 1 2


           NU
              SCORE_M
              ________
                8.617


           THETA
              SCORE_M
              ________
 SCORE_M        0.552


     STARTING VALUES FOR LATENT CLASS PATTERN 1 3


           NU
              SCORE_M
              ________
                8.617


           THETA
              SCORE_M
              ________
 SCORE_M        0.552


     STARTING VALUES FOR LATENT CLASS PATTERN 1 4


           NU
              SCORE_M
              ________
                8.879


           THETA
              SCORE_M
              ________
 SCORE_M        0.552


     STARTING VALUES FOR LATENT CLASS PATTERN 2 1


           NU
              SCORE_M
              ________
                8.354


           THETA
              SCORE_M
              ________
 SCORE_M        0.552


     STARTING VALUES FOR LATENT CLASS PATTERN 2 2


           NU
              SCORE_M
              ________
                8.617


           THETA
              SCORE_M
              ________
 SCORE_M        0.552


     STARTING VALUES FOR LATENT CLASS PATTERN 2 3


           NU
              SCORE_M
              ________
                8.617


           THETA
              SCORE_M
              ________
 SCORE_M        0.552


     STARTING VALUES FOR LATENT CLASS PATTERN 2 4


           NU
              SCORE_M
              ________
                8.879


           THETA
              SCORE_M
              ________
 SCORE_M        0.552


     STARTING VALUES FOR LATENT CLASS PATTERN 3 1


           NU
              SCORE_M
              ________
                8.354


           THETA
              SCORE_M
              ________
 SCORE_M        0.552


     STARTING VALUES FOR LATENT CLASS PATTERN 3 2


           NU
              SCORE_M
              ________
                8.617


           THETA
              SCORE_M
              ________
 SCORE_M        0.552


     STARTING VALUES FOR LATENT CLASS PATTERN 3 3


           NU
              SCORE_M
              ________
                8.617


           THETA
              SCORE_M
              ________
 SCORE_M        0.552


     STARTING VALUES FOR LATENT CLASS PATTERN 3 4


           NU
              SCORE_M
              ________
                8.879


           THETA
              SCORE_M
              ________
 SCORE_M        0.552


     STARTING VALUES FOR LATENT CLASS PATTERN 4 1


           NU
              SCORE_M
              ________
                8.354


           THETA
              SCORE_M
              ________
 SCORE_M        0.552


     STARTING VALUES FOR LATENT CLASS PATTERN 4 2


           NU
              SCORE_M
              ________
                8.617


           THETA
              SCORE_M
              ________
 SCORE_M        0.552


     STARTING VALUES FOR LATENT CLASS PATTERN 4 3


           NU
              SCORE_M
              ________
                8.617


           THETA
              SCORE_M
              ________
 SCORE_M        0.552


     STARTING VALUES FOR LATENT CLASS PATTERN 4 4


           NU
              SCORE_M
              ________
                8.879


           THETA
              SCORE_M
              ________
 SCORE_M        0.552


     STARTING VALUES FOR LATENT CLASS REGRESSION MODEL PART


           ALPHA(C)
              T5#1          T5#2          T5#3          T5#4          T6#1
              ________      ________      ________      ________      ________
                0.000         0.000         0.000         0.000         0.000


           ALPHA(C)
              T6#2          T6#3          T6#4
              ________      ________      ________
                0.000         0.000         0.000


           BETA(C)
              T5#1          T5#2          T5#3          T5#4
              ________      ________      ________      ________
 T6#1           0.000         0.000         0.000         0.000
 T6#2           0.000         0.000         0.000         0.000
 T6#3           0.000         0.000         0.000         0.000
 T6#4           0.000         0.000         0.000         0.000


     STARTING VALUES FOR THE CENSORED/NOMINAL/COUNT MODEL PART


           NU(P) FOR LATENT CLASS PATTERN 1 1
              Y5#1          Y5#2          Y5#3          Y6#1          Y6#2
              ________      ________      ________      ________      ________
               13.455        12.603         8.579        13.484        12.545


           NU(P) FOR LATENT CLASS PATTERN 1 1
              Y6#3
              ________
                7.120


           NU(P) FOR LATENT CLASS PATTERN 1 2
              Y5#1          Y5#2          Y5#3          Y6#1          Y6#2
              ________      ________      ________      ________      ________
               13.455        12.603         8.579         1.236         5.078


           NU(P) FOR LATENT CLASS PATTERN 1 2
              Y6#3
              ________
                1.438


           NU(P) FOR LATENT CLASS PATTERN 1 3
              Y5#1          Y5#2          Y5#3          Y6#1          Y6#2
              ________      ________      ________      ________      ________
               13.455        12.603         8.579        -2.315         2.302


           NU(P) FOR LATENT CLASS PATTERN 1 3
              Y6#3
              ________
                2.747


           NU(P) FOR LATENT CLASS PATTERN 1 4
              Y5#1          Y5#2          Y5#3          Y6#1          Y6#2
              ________      ________      ________      ________      ________
               13.455        12.603         8.579       -13.426        -0.948


           NU(P) FOR LATENT CLASS PATTERN 1 4
              Y6#3
              ________
               -2.417


           NU(P) FOR LATENT CLASS PATTERN 2 1
              Y5#1          Y5#2          Y5#3          Y6#1          Y6#2
              ________      ________      ________      ________      ________
                1.710         4.713         1.162        13.484        12.545


           NU(P) FOR LATENT CLASS PATTERN 2 1
              Y6#3
              ________
                7.120


           NU(P) FOR LATENT CLASS PATTERN 2 2
              Y5#1          Y5#2          Y5#3          Y6#1          Y6#2
              ________      ________      ________      ________      ________
                1.710         4.713         1.162         1.236         5.078


           NU(P) FOR LATENT CLASS PATTERN 2 2
              Y6#3
              ________
                1.438


           NU(P) FOR LATENT CLASS PATTERN 2 3
              Y5#1          Y5#2          Y5#3          Y6#1          Y6#2
              ________      ________      ________      ________      ________
                1.710         4.713         1.162        -2.315         2.302


           NU(P) FOR LATENT CLASS PATTERN 2 3
              Y6#3
              ________
                2.747


           NU(P) FOR LATENT CLASS PATTERN 2 4
              Y5#1          Y5#2          Y5#3          Y6#1          Y6#2
              ________      ________      ________      ________      ________
                1.710         4.713         1.162       -13.426        -0.948


           NU(P) FOR LATENT CLASS PATTERN 2 4
              Y6#3
              ________
               -2.417


           NU(P) FOR LATENT CLASS PATTERN 3 1
              Y5#1          Y5#2          Y5#3          Y6#1          Y6#2
              ________      ________      ________      ________      ________
               -0.779         2.185         2.726        13.484        12.545


           NU(P) FOR LATENT CLASS PATTERN 3 1
              Y6#3
              ________
                7.120


           NU(P) FOR LATENT CLASS PATTERN 3 2
              Y5#1          Y5#2          Y5#3          Y6#1          Y6#2
              ________      ________      ________      ________      ________
               -0.779         2.185         2.726         1.236         5.078


           NU(P) FOR LATENT CLASS PATTERN 3 2
              Y6#3
              ________
                1.438


           NU(P) FOR LATENT CLASS PATTERN 3 3
              Y5#1          Y5#2          Y5#3          Y6#1          Y6#2
              ________      ________      ________      ________      ________
               -0.779         2.185         2.726        -2.315         2.302


           NU(P) FOR LATENT CLASS PATTERN 3 3
              Y6#3
              ________
                2.747


           NU(P) FOR LATENT CLASS PATTERN 3 4
              Y5#1          Y5#2          Y5#3          Y6#1          Y6#2
              ________      ________      ________      ________      ________
               -0.779         2.185         2.726       -13.426        -0.948


           NU(P) FOR LATENT CLASS PATTERN 3 4
              Y6#3
              ________
               -2.417


           NU(P) FOR LATENT CLASS PATTERN 4 1
              Y5#1          Y5#2          Y5#3          Y6#1          Y6#2
              ________      ________      ________      ________      ________
              -13.443        -0.913        -2.999        13.484        12.545


           NU(P) FOR LATENT CLASS PATTERN 4 1
              Y6#3
              ________
                7.120


           NU(P) FOR LATENT CLASS PATTERN 4 2
              Y5#1          Y5#2          Y5#3          Y6#1          Y6#2
              ________      ________      ________      ________      ________
              -13.443        -0.913        -2.999         1.236         5.078


           NU(P) FOR LATENT CLASS PATTERN 4 2
              Y6#3
              ________
                1.438


           NU(P) FOR LATENT CLASS PATTERN 4 3
              Y5#1          Y5#2          Y5#3          Y6#1          Y6#2
              ________      ________      ________      ________      ________
              -13.443        -0.913        -2.999        -2.315         2.302


           NU(P) FOR LATENT CLASS PATTERN 4 3
              Y6#3
              ________
                2.747


           NU(P) FOR LATENT CLASS PATTERN 4 4
              Y5#1          Y5#2          Y5#3          Y6#1          Y6#2
              ________      ________      ________      ________      ________
              -13.443        -0.913        -2.999       -13.426        -0.948


           NU(P) FOR LATENT CLASS PATTERN 4 4
              Y6#3
              ________
               -2.417


     STARTING VALUES FOR THE ADDITIONAL PARAMETERS


           NEW/ADDITIONAL PARAMETERS
              Y12           Y13           Y14           Y23           Y24
              ________      ________      ________      ________      ________
                0.500         0.500         0.500         0.500         0.500


           NEW/ADDITIONAL PARAMETERS
              Y34           T1            T2            T3            T4
              ________      ________      ________      ________      ________
                0.500         0.500         0.500         0.500         0.500


TECHNICAL 7 OUTPUT


     SAMPLE STATISTICS WEIGHTED BY ESTIMATED CLASS PROBABILITIES FOR PATTERN 1 1


           Means
              SCORE_M
              ________
                9.105


           Covariances
              SCORE_M
              ________
 SCORE_M        0.602


     SAMPLE STATISTICS WEIGHTED BY ESTIMATED CLASS PROBABILITIES FOR PATTERN 1 2


           Means
              SCORE_M
              ________
                8.900


           Covariances
              SCORE_M
              ________
 SCORE_M        0.559


     SAMPLE STATISTICS WEIGHTED BY ESTIMATED CLASS PROBABILITIES FOR PATTERN 1 3


           Means
              SCORE_M
              ________
                6.506


           Covariances
              SCORE_M
              ________
 SCORE_M        0.417


     SAMPLE STATISTICS WEIGHTED BY ESTIMATED CLASS PROBABILITIES FOR PATTERN 1 4


           Means
              SCORE_M
              ________
                7.630


           Covariances
              SCORE_M
              ________
 SCORE_M        0.547


     SAMPLE STATISTICS WEIGHTED BY ESTIMATED CLASS PROBABILITIES FOR PATTERN 2 1


           Means
              SCORE_M
              ________
                8.779


           Covariances
              SCORE_M
              ________
 SCORE_M        0.600


     SAMPLE STATISTICS WEIGHTED BY ESTIMATED CLASS PROBABILITIES FOR PATTERN 2 2


           Means
              SCORE_M
              ________
                8.914


           Covariances
              SCORE_M
              ________
 SCORE_M        0.559


     SAMPLE STATISTICS WEIGHTED BY ESTIMATED CLASS PROBABILITIES FOR PATTERN 2 3


           Means
              SCORE_M
              ________
                6.883


           Covariances
              SCORE_M
              ________
 SCORE_M        0.403


     SAMPLE STATISTICS WEIGHTED BY ESTIMATED CLASS PROBABILITIES FOR PATTERN 2 4


           Means
              SCORE_M
              ________
                7.708


           Covariances
              SCORE_M
              ________
 SCORE_M        0.516


     SAMPLE STATISTICS WEIGHTED BY ESTIMATED CLASS PROBABILITIES FOR PATTERN 3 1


           Means
              SCORE_M
              ________
                8.784


           Covariances
              SCORE_M
              ________
 SCORE_M        0.478


     SAMPLE STATISTICS WEIGHTED BY ESTIMATED CLASS PROBABILITIES FOR PATTERN 3 2


           Means
              SCORE_M
              ________
                8.895


           Covariances
              SCORE_M
              ________
 SCORE_M        0.370


     SAMPLE STATISTICS WEIGHTED BY ESTIMATED CLASS PROBABILITIES FOR PATTERN 3 3


           Means
              SCORE_M
              ________
                6.943


           Covariances
              SCORE_M
              ________
 SCORE_M        0.185


     SAMPLE STATISTICS WEIGHTED BY ESTIMATED CLASS PROBABILITIES FOR PATTERN 3 4


           Means
              SCORE_M
              ________
                7.543


           Covariances
              SCORE_M
              ________
 SCORE_M        0.608


     SAMPLE STATISTICS WEIGHTED BY ESTIMATED CLASS PROBABILITIES FOR PATTERN 4 1


           Means
              SCORE_M
              ________
                8.416


           Covariances
              SCORE_M
              ________
 SCORE_M        0.360


     SAMPLE STATISTICS WEIGHTED BY ESTIMATED CLASS PROBABILITIES FOR PATTERN 4 2


           Means
              SCORE_M
              ________
                8.947


           Covariances
              SCORE_M
              ________
 SCORE_M        0.209


     SAMPLE STATISTICS WEIGHTED BY ESTIMATED CLASS PROBABILITIES FOR PATTERN 4 3


           Means
              SCORE_M
              ________
                6.623


           Covariances
              SCORE_M
              ________
 SCORE_M        0.355


     SAMPLE STATISTICS WEIGHTED BY ESTIMATED CLASS PROBABILITIES FOR PATTERN 4 4


           Means
              SCORE_M
              ________
                7.419


           Covariances
              SCORE_M
              ________
 SCORE_M        1.352


     UNIVARIATE SAMPLE DISTRIBUTIONS FOR PATTERN 1 1

     Variable
     Y5
       Category 1        0.703
       Category 2        0.294
       Category 3        0.003
       Category 4        0.000
     Y6
       Category 1        0.714
       Category 2        0.286
       Category 3        0.000
       Category 4        0.000


     UNIVARIATE SAMPLE DISTRIBUTIONS FOR PATTERN 1 2

     Variable
     Y5
       Category 1        0.697
       Category 2        0.297
       Category 3        0.005
       Category 4        0.000
     Y6
       Category 1        0.020
       Category 2        0.972
       Category 3        0.006
       Category 4        0.002


     UNIVARIATE SAMPLE DISTRIBUTIONS FOR PATTERN 1 3

     Variable
     Y5
       Category 1        0.737
       Category 2        0.257
       Category 3        0.006
       Category 4        0.000
     Y6
       Category 1        0.001
       Category 2        0.347
       Category 3        0.644
       Category 4        0.008


     UNIVARIATE SAMPLE DISTRIBUTIONS FOR PATTERN 1 4

     Variable
     Y5
       Category 1        0.489
       Category 2        0.505
       Category 3        0.005
       Category 4        0.000
     Y6
       Category 1        0.000
       Category 2        0.548
       Category 3        0.048
       Category 4        0.404


     UNIVARIATE SAMPLE DISTRIBUTIONS FOR PATTERN 2 1

     Variable
     Y5
       Category 1        0.047
       Category 2        0.929
       Category 3        0.015
       Category 4        0.009
     Y6
       Category 1        0.708
       Category 2        0.291
       Category 3        0.001
       Category 4        0.000


     UNIVARIATE SAMPLE DISTRIBUTIONS FOR PATTERN 2 2

     Variable
     Y5
       Category 1        0.046
       Category 2        0.920
       Category 3        0.026
       Category 4        0.008
     Y6
       Category 1        0.022
       Category 2        0.950
       Category 3        0.022
       Category 4        0.006


     UNIVARIATE SAMPLE DISTRIBUTIONS FOR PATTERN 2 3

     Variable
     Y5
       Category 1        0.055
       Category 2        0.903
       Category 3        0.032
       Category 4        0.010
     Y6
       Category 1        0.002
       Category 2        0.397
       Category 3        0.567
       Category 4        0.034


     UNIVARIATE SAMPLE DISTRIBUTIONS FOR PATTERN 2 4

     Variable
     Y5
       Category 1        0.020
       Category 2        0.956
       Category 3        0.017
       Category 4        0.008
     Y6
       Category 1        0.000
       Category 2        0.225
       Category 3        0.048
       Category 4        0.727


     UNIVARIATE SAMPLE DISTRIBUTIONS FOR PATTERN 3 1

     Variable
     Y5
       Category 1        0.024
       Category 2        0.462
       Category 3        0.460
       Category 4        0.054
     Y6
       Category 1        0.520
       Category 2        0.479
       Category 3        0.001
       Category 4        0.000


     UNIVARIATE SAMPLE DISTRIBUTIONS FOR PATTERN 3 2

     Variable
     Y5
       Category 1        0.018
       Category 2        0.347
       Category 3        0.596
       Category 4        0.039
     Y6
       Category 1        0.010
       Category 2        0.977
       Category 3        0.010
       Category 4        0.003


     UNIVARIATE SAMPLE DISTRIBUTIONS FOR PATTERN 3 3

     Variable
     Y5
       Category 1        0.019
       Category 2        0.300
       Category 3        0.640
       Category 4        0.041
     Y6
       Category 1        0.001
       Category 2        0.444
       Category 3        0.539
       Category 4        0.017


     UNIVARIATE SAMPLE DISTRIBUTIONS FOR PATTERN 3 4

     Variable
     Y5
       Category 1        0.010
       Category 2        0.461
       Category 3        0.479
       Category 4        0.050
     Y6
       Category 1        0.000
       Category 2        0.426
       Category 3        0.072
       Category 4        0.502


     UNIVARIATE SAMPLE DISTRIBUTIONS FOR PATTERN 4 1

     Variable
     Y5
       Category 1        0.000
       Category 2        0.274
       Category 3        0.020
       Category 4        0.707
     Y6
       Category 1        0.716
       Category 2        0.284
       Category 3        0.000
       Category 4        0.000


     UNIVARIATE SAMPLE DISTRIBUTIONS FOR PATTERN 4 2

     Variable
     Y5
       Category 1        0.000
       Category 2        0.277
       Category 3        0.034
       Category 4        0.689
     Y6
       Category 1        0.026
       Category 2        0.957
       Category 3        0.007
       Category 4        0.010


     UNIVARIATE SAMPLE DISTRIBUTIONS FOR PATTERN 4 3

     Variable
     Y5
       Category 1        0.000
       Category 2        0.239
       Category 3        0.037
       Category 4        0.724
     Y6
       Category 1        0.003
       Category 2        0.415
       Category 3        0.494
       Category 4        0.088


     UNIVARIATE SAMPLE DISTRIBUTIONS FOR PATTERN 4 4

     Variable
     Y5
       Category 1        0.000
       Category 2        0.287
       Category 3        0.022
       Category 4        0.691
     Y6
       Category 1        0.000
       Category 2        0.148
       Category 3        0.043
       Category 4        0.809


TECHNICAL 15 OUTPUT


     ESTIMATED CONDITIONAL PROBABILITIES FOR THE LATENT CLASS VARIABLES

     P(T5=1)=0.410
     P(T5=2)=0.406
     P(T5=3)=0.077
     P(T5=4)=0.107


     P(T6=1|T5=1)=0.715
     P(T6=2|T5=1)=0.252
     P(T6=3|T5=1)=0.033
     P(T6=4|T5=1)=0.000


     P(T6=1|T5=2)=0.003
     P(T6=2|T5=2)=0.801
     P(T6=3|T5=2)=0.000
     P(T6=4|T5=2)=0.195


     P(T6=1|T5=3)=0.000
     P(T6=2|T5=3)=0.252
     P(T6=3|T5=3)=0.748
     P(T6=4|T5=3)=0.000


     P(T6=1|T5=4)=0.156
     P(T6=2|T5=4)=0.135
     P(T6=3|T5=4)=0.170
     P(T6=4|T5=4)=0.539


     ESTIMATED MARGINAL PROBABILITIES FOR THE LATENT CLASS VARIABLES

     P(T6=1)=0.312
     P(T6=2)=0.462
     P(T6=3)=0.089
     P(T6=4)=0.137



FINAL CLASS COUNTS AND PROPORTIONS FOR THE LATENT CLASSES
BASED ON THE ESTIMATED MODEL

  Latent Class
    Pattern

    1  1         46.98048          0.29363
    1  2         16.54868          0.10343
    1  3          2.14552          0.01341
    1  4          0.00000          0.00000
    2  1          0.22711          0.00142
    2  2         51.99443          0.32497
    2  3          0.00002          0.00000
    2  4         12.68675          0.07929
    3  1          0.00000          0.00000
    3  2          3.10423          0.01940
    3  3          9.19119          0.05744
    3  4          0.00000          0.00000
    4  1          2.66963          0.01669
    4  2          2.31012          0.01444
    4  3          2.91038          0.01819
    4  4          9.23144          0.05770


FINAL CLASS COUNTS AND PROPORTIONS FOR THE LATENT CLASSES
BASED ON ESTIMATED POSTERIOR PROBABILITIES

  Latent Class
    Pattern

    1  1         46.98404          0.29365
    1  2         16.54710          0.10342
    1  3          2.14553          0.01341
    1  4          0.00000          0.00000
    2  1          0.22241          0.00139
    2  2         51.99700          0.32498
    2  3          0.00002          0.00000
    2  4         12.68679          0.07929
    3  1          0.00000          0.00000
    3  2          3.10420          0.01940
    3  3          9.19123          0.05745
    3  4          0.00000          0.00000
    4  1          2.66991          0.01669
    4  2          2.30999          0.01444
    4  3          2.91037          0.01819
    4  4          9.23143          0.05770


FINAL CLASS COUNTS AND PROPORTIONS FOR EACH LATENT CLASS VARIABLE
BASED ON ESTIMATED POSTERIOR PROBABILITIES

  Latent Class
    Variable    Class

    T5             1        65.67667          0.41048
                   2        64.90622          0.40566
                   3        12.29542          0.07685
                   4        17.12169          0.10701
    T6             1        49.87635          0.31173
                   2        73.95829          0.46224
                   3        14.24714          0.08904
                   4        21.91822          0.13699


FINAL CLASS COUNTS AND PROPORTIONS FOR THE LATENT CLASSES
BASED ON THEIR MOST LIKELY LATENT CLASS PATTERN

Class Counts and Proportions

  Latent Class
    Pattern

    1  1               37          0.23125
    1  2               18          0.11250
    1  3                2          0.01250
    1  4                0          0.00000
    2  1                0          0.00000
    2  2               68          0.42500
    2  3                0          0.00000
    2  4                9          0.05625
    3  1                0          0.00000
    3  2                2          0.01250
    3  3               11          0.06875
    3  4                0          0.00000
    4  1                1          0.00625
    4  2                2          0.01250
    4  3                2          0.01250
    4  4                8          0.05000


FINAL CLASS COUNTS AND PROPORTIONS FOR EACH LATENT CLASS VARIABLE
BASED ON THEIR MOST LIKELY LATENT CLASS PATTERN

  Latent Class
    Variable    Class

    T5             1              57          0.35625
                   2              77          0.48125
                   3              13          0.08125
                   4              13          0.08125
    T6             1              38          0.23750
                   2              90          0.56250
                   3              15          0.09375
                   4              17          0.10625


DIAGRAM INFORMATION

  Mplus diagrams are currently not available for Mixture analysis.
  No diagram output was produced.


     Beginning Time:  11:02:56
        Ending Time:  11:02:57
       Elapsed Time:  00:00:01



MUTHEN & MUTHEN
3463 Stoner Ave.
Los Angeles, CA  90066

Tel: (310) 391-9971
Fax: (310) 391-8971
Web: www.StatModel.com
Support: Support@StatModel.com

Copyright (c) 1998-2021 Muthen & Muthen
