Mplus VERSION 8.6
MUTHEN & MUTHEN
03/16/2022  10:54 AM

INPUT INSTRUCTIONS

  TITLE: STL - LTA with Asp based on Dispersion similarity partial - covar-equal
  DATA: FILE = y56LTA2_1.dat;

  VARIABLE: NAMES ARE
    E_SC_S E_STV_S E_SC_M E_STV_M E_SC_F E_STV_F
    ID SEX E_ASP F_ASP
    SCORE_S SCORE_M SCORE_F
    E_CPROB1 E_CPROB2 E_CPROB3 E_CPROB4 Y5
    F_SC_S F_STV_S F_SC_M F_STV_M F_SC_F F_STV_F
    F_CPROB1 F_CPROB2 F_CPROB3 F_CPROB4 Y6
    ;

    USEVARIABLES ARE
    Y5 Y6 SCORE_F
    ;

    USEOBSERVATIONS = sex EQ 1;

    NOMINAL = Y5 Y6;

    MISSING =*;

    CLASSES = T5(4) T6(4);

  ANALYSIS:	
     	TYPE = MIXTURE;
    	ESTIMATOR=MLR;
    	processors = 4;
      STARTS = 0;

  MODEL:
  %OVERALL%

  T6 ON T5;

  MODEL T5:
       	%T5#1%
       	
       	[Y5#1@13.455]; [Y5#2@12.603]; [Y5#3@8.579];


       	%T5#2%
       	
       	[Y5#1@1.71]; [Y5#2@4.713]; [Y5#3@1.162];


          %T5#3%
       	
       	[Y5#1@-0.779]; [Y5#2@2.185]; [Y5#3@2.726];
                                   	

          %T5#4%
       	
       	[Y5#1@-13.443]; [Y5#2@-0.913]; [Y5#3@-2.999];

         !!!!!!!!!!!!!!!!!!!!!!!!!!!!!!!!!!!!!!!!!!!!!!!!!!!!

  MODEL T6:
          %T6#1%
       	
       	[Y6#1@13.484]; [Y6#2@12.545]; [Y6#3@7.12];
                            	     	
       	[SCORE_F] (oa1);

          %T6#2%
       	
       	[Y6#1@1.236]; [Y6#2@5.078]; [Y6#3@1.438];

          [SCORE_F] (oa2);
       	
          %T6#3%
       	
       	[Y6#1@-2.315]; [Y6#2@2.302]; [Y6#3@2.747];

          [SCORE_F] (oa3);

       	%T6#4%
       	
       	[Y6#1@-13.426]; [Y6#2@-0.948]; [Y6#3@-2.417];

          [SCORE_F] (oa4);

  MODEL CONSTRAINT:
  NEW (y12);
  y12 = oa1-oa2;
  NEW (y13);
  y13 = oa1-oa3;
  NEW (y14);
  y14 = oa1-oa4;
  NEW (y23);
  y23 = oa2-oa3;
  NEW (y24);
  y24 = oa2-oa4;
  NEW (y34);
  y34 = oa3-oa4;

  NEW (T1);
  T1 = oa1;
  NEW (T2);
  T2 = oa2;
  NEW (T3);
  T3 = oa3;
  NEW (T4);
  T4 = oa4;

  OUTPUT: CINTERVAL RESIDUAL SVALUES TECH1 TECH7 TECH15;



*** WARNING in MODEL command
  All variables are uncorrelated with all other variables within class.
  Check that this is what is intended.
   1 WARNING(S) FOUND IN THE INPUT INSTRUCTIONS



STL - LTA with Asp based on Dispersion similarity partial - covar-equal

SUMMARY OF ANALYSIS

Number of groups                                                 1
Number of observations                                         200

Number of dependent variables                                    3
Number of independent variables                                  0
Number of continuous latent variables                            0
Number of categorical latent variables                           2

Observed dependent variables

  Continuous
   SCORE_F

  Unordered categorical (nominal)
   Y5          Y6

Categorical latent variables
   T5          T6


Estimator                                                      MLR
Information matrix                                        OBSERVED
Optimization Specifications for the Quasi-Newton Algorithm for
Continuous Outcomes
  Maximum number of iterations                                 100
  Convergence criterion                                  0.100D-05
Optimization Specifications for the EM Algorithm
  Maximum number of iterations                                 500
  Convergence criteria
    Loglikelihood change                                 0.100D-03
    Relative loglikelihood change                        0.100D-05
    Derivative                                           0.100D-03
Optimization Specifications for the M step of the EM Algorithm for
Categorical Latent variables
  Number of M step iterations                                    1
  M step convergence criterion                           0.100D-03
  Basis for M step termination                           ITERATION
Optimization Specifications for the M step of the EM Algorithm for
Censored, Binary or Ordered Categorical (Ordinal), Unordered
Categorical (Nominal) and Count Outcomes
  Number of M step iterations                                    1
  M step convergence criterion                           0.100D-03
  Basis for M step termination                           ITERATION
  Maximum value for logit thresholds                            15
  Minimum value for logit thresholds                           -15
  Minimum expected cell size for chi-square              0.100D-01
Maximum number of iterations for H1                           2000
Convergence criterion for H1                             0.100D-03
Optimization algorithm                                         EMA
Parameterization                                             LOGIT

Input data file(s)
  y56LTA2_1.dat
Input data format  FREE


SUMMARY OF DATA

     Number of missing data patterns             2
     Number of y missing data patterns           2
     Number of u missing data patterns           0


COVARIANCE COVERAGE OF DATA

Minimum covariance coverage value   0.100


     PROPORTION OF DATA PRESENT FOR Y


           Covariance Coverage
              SCORE_F
              ________
 SCORE_F        0.790


UNIVARIATE PROPORTIONS AND COUNTS FOR CATEGORICAL VARIABLES

    Y5
      Category 1    0.245           49.000
      Category 2    0.485           97.000
      Category 3    0.180           36.000
      Category 4    0.090           18.000
    Y6
      Category 1    0.179           27.000
      Category 2    0.550           83.000
      Category 3    0.179           27.000
      Category 4    0.093           14.000



UNIVARIATE SAMPLE STATISTICS


     UNIVARIATE HIGHER-ORDER MOMENT DESCRIPTIVE STATISTICS

         Variable/         Mean/     Skewness/   Minimum/ % with                Percentiles
        Sample Size      Variance    Kurtosis    Maximum  Min/Max      20%/60%    40%/80%    Median

     SCORE_F               8.747      -0.468       6.000    1.27%       8.000      9.000      9.000
             158.000       0.784       0.065      10.000   19.62%       9.000      9.000

     THE STANDARD ERRORS OF THE MODEL PARAMETER ESTIMATES MAY NOT BE
     TRUSTWORTHY FOR SOME PARAMETERS DUE TO A NON-POSITIVE DEFINITE
     FIRST-ORDER DERIVATIVE PRODUCT MATRIX.  THIS MAY BE DUE TO THE STARTING
     VALUES BUT MAY ALSO BE AN INDICATION OF MODEL NONIDENTIFICATION.  THE
     CONDITION NUMBER IS       0.373D-18.  PROBLEM INVOLVING THE FOLLOWING PARAMETER:
     Parameter 19, T6#2 ON T5#3

     ONE OR MORE MULTINOMIAL LOGIT PARAMETERS WERE FIXED TO AVOID SINGULARITY
     OF THE INFORMATION MATRIX.  THE SINGULARITY IS MOST LIKELY BECAUSE THE
     MODEL IS NOT IDENTIFIED, OR BECAUSE OF EMPTY CELLS IN THE JOINT
     DISTRIBUTION OF THE CATEGORICAL LATENT VARIABLES AND ANY INDEPENDENT
     VARIABLES.  THE FOLLOWING PARAMETERS WERE FIXED:
     Parameter 15, T6#1 ON T5#2


THE MODEL ESTIMATION TERMINATED NORMALLY



MODEL FIT INFORMATION

Number of Free Parameters                       20

Loglikelihood

          H0 Value                        -589.463
          H0 Scaling Correction Factor      0.8357
            for MLR

Information Criteria

          Akaike (AIC)                    1218.925
          Bayesian (BIC)                  1284.892
          Sample-Size Adjusted BIC        1221.530
            (n* = (n + 2) / 24)



FINAL CLASS COUNTS AND PROPORTIONS FOR EACH LATENT CLASS VARIABLE
BASED ON THE ESTIMATED MODEL

  Latent Class
    Variable    Class

    T5             1        59.60642          0.29803
                   2        63.33019          0.31665
                   3        55.27567          0.27638
                   4        21.78772          0.10894
    T6             1        50.00459          0.25002
                   2        70.40509          0.35203
                   3        54.06263          0.27031
                   4        25.52769          0.12764


CLASSIFICATION QUALITY

     Entropy                         0.675


LATENT CLASS INDICATOR MEANS AND PROBABILITIES FOR EACH LATENT CLASS

     MEAN/PROBABILITY PROFILES FOR T6
                       Latent class
                     1      2      3      4
     SCORE_F       9.084  8.874  8.486  8.241


LATENT TRANSITION PROBABILITIES BASED ON THE ESTIMATED MODEL

  T5 Classes (Rows) by T6 Classes (Columns)

            1        2        3        4

   1     0.765    0.097    0.114    0.024
   2     0.000    1.000    0.000    0.000
   3     0.025    0.000    0.745    0.230
   4     0.140    0.060    0.277    0.523


TRANSITION PROBABILITY ODDS

     TRANSITION TABLE ODDS AND 95% CONFIDENCE INTERVALS FOR T5 TO T6
           1.000(   1.000,   1.000)      0.127(   0.005,   3.327)      0.150(   0.033,   0.687)      0.031(   0.001,   1
           0.000(   0.000,   0.000)      1.000(   1.000,   1.000)      0.000(   0.000,   0.005)      0.000(   0.000,****
           0.033(   0.001,   0.840)      0.000(   0.000,   0.000)      1.000(   1.000,   1.000)      0.308(   0.090,   1
           0.267(   0.025,   2.824)      0.115(   0.000, 987.912)      0.529(   0.036,   7.688)      1.000(   1.000,   1


C-SPECIFIC CLASSIFICATION RESULTS

Classification Quality for T5

     Entropy                         0.595

Average Latent Class Probabilities for Most Likely Latent Class Membership (Row)
by Latent Class (Column)

           1        2        3        4

    1   0.911    0.062    0.022    0.005
    2   0.113    0.728    0.121    0.038
    3   0.031    0.054    0.849    0.066
    4   0.000    0.029    0.121    0.850


Classification Probabilities for the Most Likely Latent Class Membership (Column)
by Latent Class (Row)

           1        2        3        4

    1   0.826    0.148    0.026    0.000
    2   0.053    0.896    0.042    0.008
    3   0.021    0.171    0.768    0.039
    4   0.012    0.135    0.152    0.702


Logits for the Classification Probabilities for the Most Likely Latent Class Membership (Column)
by Latent Class (Row)

              1        2        3        4

    1     13.551   11.833   10.094    0.000
    2      1.855    4.682    1.630    0.000
    3     -0.630    1.468    2.969    0.000
    4     -4.077   -1.651   -1.533    0.000

Classification Quality for T6

     Entropy                         0.533

Average Latent Class Probabilities for Most Likely Latent Class Membership (Row)
by Latent Class (Column)

           1        2        3        4

    1   0.801    0.140    0.051    0.008
    2   0.083    0.754    0.119    0.044
    3   0.016    0.067    0.809    0.109
    4   0.048    0.053    0.205    0.694


Classification Probabilities for the Most Likely Latent Class Membership (Column)
by Latent Class (Row)

           1        2        3        4

    1   0.833    0.130    0.014    0.023
    2   0.103    0.835    0.044    0.018
    3   0.049    0.172    0.688    0.091
    4   0.017    0.134    0.196    0.653


Logits for the Classification Probabilities for the Most Likely Latent Class Membership (Column)
by Latent Class (Row)

              1        2        3        4

    1      3.591    1.735   -0.474    0.000
    2      1.740    3.829    0.876    0.000
    3     -0.613    0.636    2.025    0.000
    4     -3.671   -1.580   -1.202    0.000


MODEL RESULTS

                                                    Two-Tailed
                    Estimate       S.E.  Est./S.E.    P-Value

Parameters in the Overall Part of the Model (Parameters Equal in All of the Classes)

 Variances
    SCORE_F            0.701      0.096      7.288      0.000

Parameters for Class-specific Model Parts of T5

Latent Class T5#1

 Means
    Y5#1              13.455      0.000    999.000    999.000
    Y5#2              12.603      0.000    999.000    999.000
    Y5#3               8.579      0.000    999.000    999.000

Latent Class T5#2

 Means
    Y5#1               1.710      0.000    999.000    999.000
    Y5#2               4.713      0.000    999.000    999.000
    Y5#3               1.162      0.000    999.000    999.000

Latent Class T5#3

 Means
    Y5#1              -0.779      0.000    999.000    999.000
    Y5#2               2.185      0.000    999.000    999.000
    Y5#3               2.726      0.000    999.000    999.000

Latent Class T5#4

 Means
    Y5#1             -13.443      0.000    999.000    999.000
    Y5#2              -0.913      0.000    999.000    999.000
    Y5#3              -2.999      0.000    999.000    999.000

Parameters for Class-specific Model Parts of T6

Latent Class T6#1

 Means
    SCORE_F            9.084      0.148     61.573      0.000

 Means
    Y6#1              13.484      0.000    999.000    999.000
    Y6#2              12.545      0.000    999.000    999.000
    Y6#3               7.120      0.000    999.000    999.000

Latent Class T6#2

 Means
    SCORE_F            8.874      0.153     57.924      0.000

 Means
    Y6#1               1.236      0.000    999.000    999.000
    Y6#2               5.078      0.000    999.000    999.000
    Y6#3               1.438      0.000    999.000    999.000

Latent Class T6#3

 Means
    SCORE_F            8.486      0.177     47.813      0.000

 Means
    Y6#1              -2.315      0.000    999.000    999.000
    Y6#2               2.302      0.000    999.000    999.000
    Y6#3               2.747      0.000    999.000    999.000

Latent Class T6#4

 Means
    SCORE_F            8.241      0.351     23.458      0.000

 Means
    Y6#1             -13.426      0.000    999.000    999.000
    Y6#2              -0.948      0.000    999.000    999.000
    Y6#3              -2.417      0.000    999.000    999.000

Categorical Latent Variables

 T6#1     ON
    T5#1               4.800      2.276      2.109      0.035
    T5#2             -28.170      0.000    999.000    999.000
    T5#3              -0.910      2.228     -0.409      0.683

 T6#2     ON
    T5#1               3.578      5.225      0.685      0.494
    T5#2              10.086     13.952      0.723      0.470
    T5#3             -18.393      4.716     -3.900      0.000

 T6#3     ON
    T5#1               2.218      2.602      0.852      0.394
    T5#2              -0.871     12.986     -0.067      0.947
    T5#3               1.813      1.638      1.107      0.268

 Means
    T5#1               1.006      0.317      3.171      0.002
    T5#2               1.067      0.338      3.161      0.002
    T5#3               0.931      0.349      2.667      0.008
    T6#1              -1.319      1.203     -1.097      0.273
    T6#2              -2.160      4.620     -0.468      0.640
    T6#3              -0.636      1.365     -0.466      0.641

New/Additional Parameters
    Y12                0.210      0.219      0.960      0.337
    Y13                0.598      0.232      2.583      0.010
    Y14                0.843      0.387      2.179      0.029
    Y23                0.388      0.257      1.509      0.131
    Y24                0.633      0.402      1.575      0.115
    Y34                0.245      0.452      0.542      0.588
    T1                 9.084      0.148     61.573      0.000
    T2                 8.874      0.153     57.924      0.000
    T3                 8.486      0.177     47.813      0.000
    T4                 8.241      0.351     23.458      0.000


QUALITY OF NUMERICAL RESULTS

     Condition Number for the Information Matrix              0.191E-09
       (ratio of smallest to largest eigenvalue)


CONFIDENCE INTERVALS OF MODEL RESULTS

                  Lower .5%  Lower 2.5%    Lower 5%    Estimate    Upper 5%  Upper 2.5%   Upper .5%

Parameters in the Overall Part of the Model (Parameters Equal in All of the Classes)

 Variances
    SCORE_F          0.453       0.513       0.543       0.701       0.859       0.890       0.949

Parameters for Class-specific Model Parts of T5

Latent Class T5#1

 Means
    Y5#1            13.455      13.455      13.455      13.455      13.455      13.455      13.455
    Y5#2            12.603      12.603      12.603      12.603      12.603      12.603      12.603
    Y5#3             8.579       8.579       8.579       8.579       8.579       8.579       8.579

Latent Class T5#2

 Means
    Y5#1             1.710       1.710       1.710       1.710       1.710       1.710       1.710
    Y5#2             4.713       4.713       4.713       4.713       4.713       4.713       4.713
    Y5#3             1.162       1.162       1.162       1.162       1.162       1.162       1.162

Latent Class T5#3

 Means
    Y5#1            -0.779      -0.779      -0.779      -0.779      -0.779      -0.779      -0.779
    Y5#2             2.185       2.185       2.185       2.185       2.185       2.185       2.185
    Y5#3             2.726       2.726       2.726       2.726       2.726       2.726       2.726

Latent Class T5#4

 Means
    Y5#1           -13.443     -13.443     -13.443     -13.443     -13.443     -13.443     -13.443
    Y5#2            -0.913      -0.913      -0.913      -0.913      -0.913      -0.913      -0.913
    Y5#3            -2.999      -2.999      -2.999      -2.999      -2.999      -2.999      -2.999

Parameters for Class-specific Model Parts of T6

Latent Class T6#1

 Means
    SCORE_F          8.704       8.795       8.842       9.084       9.327       9.374       9.465

 Means
    Y6#1            13.484      13.484      13.484      13.484      13.484      13.484      13.484
    Y6#2            12.545      12.545      12.545      12.545      12.545      12.545      12.545
    Y6#3             7.120       7.120       7.120       7.120       7.120       7.120       7.120

Latent Class T6#2

 Means
    SCORE_F          8.479       8.574       8.622       8.874       9.126       9.174       9.269

 Means
    Y6#1             1.236       1.236       1.236       1.236       1.236       1.236       1.236
    Y6#2             5.078       5.078       5.078       5.078       5.078       5.078       5.078
    Y6#3             1.438       1.438       1.438       1.438       1.438       1.438       1.438

Latent Class T6#3

 Means
    SCORE_F          8.029       8.138       8.194       8.486       8.778       8.834       8.943

 Means
    Y6#1            -2.315      -2.315      -2.315      -2.315      -2.315      -2.315      -2.315
    Y6#2             2.302       2.302       2.302       2.302       2.302       2.302       2.302
    Y6#3             2.747       2.747       2.747       2.747       2.747       2.747       2.747

Latent Class T6#4

 Means
    SCORE_F          7.336       7.553       7.663       8.241       8.819       8.930       9.146

 Means
    Y6#1           -13.426     -13.426     -13.426     -13.426     -13.426     -13.426     -13.426
    Y6#2            -0.948      -0.948      -0.948      -0.948      -0.948      -0.948      -0.948
    Y6#3            -2.417      -2.417      -2.417      -2.417      -2.417      -2.417      -2.417

Categorical Latent Variables

 T6#1     ON
    T5#1            -1.062       0.339       1.056       4.800       8.544       9.261      10.662
    T5#2           -28.170     -28.170     -28.170     -28.170     -28.170     -28.170     -28.170
    T5#3            -6.650      -5.278      -4.576      -0.910       2.755       3.457       4.829

 T6#2     ON
    T5#1            -9.880      -6.663      -5.017       3.578      12.172      13.818      17.035
    T5#2           -25.851     -17.260     -12.865      10.086      33.036      37.431      46.023
    T5#3           -30.540     -27.636     -26.151     -18.393     -10.635      -9.150      -6.246

 T6#3     ON
    T5#1            -4.485      -2.882      -2.063       2.218       6.499       7.319       8.921
    T5#2           -34.320     -26.324     -22.233      -0.871      20.491      24.581      32.578
    T5#3            -2.406      -1.397      -0.881       1.813       4.507       5.023       6.032

 Means
    T5#1             0.189       0.384       0.484       1.006       1.529       1.629       1.824
    T5#2             0.198       0.405       0.512       1.067       1.622       1.729       1.936
    T5#3             0.032       0.247       0.357       0.931       1.505       1.615       1.830
    T6#1            -4.417      -3.677      -3.298      -1.319       0.659       1.038       1.779
    T6#2           -14.062     -11.216      -9.761      -2.160       5.440       6.896       9.741
    T6#3            -4.153      -3.313      -2.883      -0.636       1.610       2.040       2.881

New/Additional Parameters
    Y12             -0.354      -0.219      -0.150       0.210       0.571       0.640       0.775
    Y13              0.002       0.144       0.217       0.598       0.979       1.052       1.195
    Y14             -0.153       0.085       0.207       0.843       1.479       1.601       1.840
    Y23             -0.274      -0.116      -0.035       0.388       0.811       0.892       1.050
    Y24             -0.402      -0.155      -0.028       0.633       1.294       1.420       1.668
    Y34             -0.919      -0.641      -0.498       0.245       0.988       1.131       1.409
    T1               8.704       8.795       8.842       9.084       9.327       9.374       9.465
    T2               8.479       8.574       8.622       8.874       9.126       9.174       9.269
    T3               8.029       8.138       8.194       8.486       8.778       8.834       8.943
    T4               7.336       7.553       7.663       8.241       8.819       8.930       9.146


MODEL COMMAND WITH FINAL ESTIMATES USED AS STARTING VALUES

     %OVERALL%

     t6#1 ON t5#1*4.80006;
     t6#1 ON t5#2*-28.16999;
     t6#1 ON t5#3*-0.91035;
     t6#2 ON t5#1*3.57753;
     t6#2 ON t5#2*10.08573;
     t6#2 ON t5#3*-18.39293;
     t6#3 ON t5#1*2.21804;
     t6#3 ON t5#2*-0.87130;
     t6#3 ON t5#3*1.81295;

     [ t5#1*1.00642 ];
     [ t5#2*1.06702 ];
     [ t5#3*0.93099 ];
     [ t6#1*-1.31913 ];
     [ t6#2*-2.16034 ];
     [ t6#3*-0.63645 ];

     score_f*0.70109 (2);


  MODEL T5:

     %T5#1%

     [ y5#1@13.45500 ];
     [ y5#2@12.60300 ];
     [ y5#3@8.57900 ];

     %T5#2%

     [ y5#1@1.71000 ];
     [ y5#2@4.71300 ];
     [ y5#3@1.16200 ];

     %T5#3%

     [ y5#1@-0.77900 ];
     [ y5#2@2.18500 ];
     [ y5#3@2.72600 ];

     %T5#4%

     [ y5#1@-13.44300 ];
     [ y5#2@-0.91300 ];
     [ y5#3@-2.99900 ];

  MODEL T6:

     %T6#1%

     [ score_f*9.08447 ] (oa1);
     [ y6#1@13.48400 ];
     [ y6#2@12.54500 ];
     [ y6#3@7.12000 ];

     %T6#2%

     [ score_f*8.87409 ] (oa2);
     [ y6#1@1.23600 ];
     [ y6#2@5.07800 ];
     [ y6#3@1.43800 ];

     %T6#3%

     [ score_f*8.48630 ] (oa3);
     [ y6#1@-2.31500 ];
     [ y6#2@2.30200 ];
     [ y6#3@2.74700 ];

     %T6#4%

     [ score_f*8.24141 ] (oa4);
     [ y6#1@-13.42600 ];
     [ y6#2@-0.94800 ];
     [ y6#3@-2.41700 ];

     ! NEW statements in MODEL CONSTRAINT
     NEW(y12*0.21039);
     NEW(y13*0.59817);
     NEW(y14*0.84306);
     NEW(y23*0.38779);
     NEW(y24*0.63267);
     NEW(y34*0.24489);
     NEW(t1*9.08447);
     NEW(t2*8.87409);
     NEW(t3*8.48630);
     NEW(t4*8.24141);




RESIDUAL OUTPUT


     ESTIMATED MODEL AND RESIDUALS (OBSERVED - ESTIMATED) FOR PATTERN 1 1


           Model Estimated Means
              SCORE_F
              ________
                9.084


           Residuals for Means
              SCORE_F
              ________
               -0.023


           Model Estimated Covariances
              SCORE_F
              ________
 SCORE_F        0.701


           Residuals for Covariances
              SCORE_F
              ________
 SCORE_F        0.052


     ESTIMATED MODEL AND RESIDUALS (OBSERVED - ESTIMATED) FOR PATTERN 1 2


           Model Estimated Means
              SCORE_F
              ________
                8.874


           Residuals for Means
              SCORE_F
              ________
                0.164


           Model Estimated Covariances
              SCORE_F
              ________
 SCORE_F        0.701


           Residuals for Covariances
              SCORE_F
              ________
 SCORE_F       -0.336


     ESTIMATED MODEL AND RESIDUALS (OBSERVED - ESTIMATED) FOR PATTERN 1 3


           Model Estimated Means
              SCORE_F
              ________
                8.486


           Residuals for Means
              SCORE_F
              ________
                0.052


           Model Estimated Covariances
              SCORE_F
              ________
 SCORE_F        0.701


           Residuals for Covariances
              SCORE_F
              ________
 SCORE_F       -0.236


     ESTIMATED MODEL AND RESIDUALS (OBSERVED - ESTIMATED) FOR PATTERN 1 4


           Model Estimated Means
              SCORE_F
              ________
                8.241


           Residuals for Means
              SCORE_F
              ________
                0.498


           Model Estimated Covariances
              SCORE_F
              ________
 SCORE_F        0.701


           Residuals for Covariances
              SCORE_F
              ________
 SCORE_F       -0.236


     ESTIMATED MODEL AND RESIDUALS (OBSERVED - ESTIMATED) FOR PATTERN 2 1


           Model Estimated Means
              SCORE_F
              ________
                9.084


           Residuals for Means
              SCORE_F
              ________
                0.060


           Model Estimated Covariances
              SCORE_F
              ________
 SCORE_F        0.701


           Residuals for Covariances
              SCORE_F
              ________
 SCORE_F       -0.294


     ESTIMATED MODEL AND RESIDUALS (OBSERVED - ESTIMATED) FOR PATTERN 2 2


           Model Estimated Means
              SCORE_F
              ________
                8.874


           Residuals for Means
              SCORE_F
              ________
               -0.014


           Model Estimated Covariances
              SCORE_F
              ________
 SCORE_F        0.701


           Residuals for Covariances
              SCORE_F
              ________
 SCORE_F        0.019


     ESTIMATED MODEL AND RESIDUALS (OBSERVED - ESTIMATED) FOR PATTERN 2 3


           Model Estimated Means
              SCORE_F
              ________
                8.486


           Residuals for Means
              SCORE_F
              ________
               -0.104


           Model Estimated Covariances
              SCORE_F
              ________
 SCORE_F        0.701


           Residuals for Covariances
              SCORE_F
              ________
 SCORE_F        0.064


     ESTIMATED MODEL AND RESIDUALS (OBSERVED - ESTIMATED) FOR PATTERN 2 4


           Model Estimated Means
              SCORE_F
              ________
                8.241


           Residuals for Means
              SCORE_F
              ________
                0.016


           Model Estimated Covariances
              SCORE_F
              ________
 SCORE_F        0.701


           Residuals for Covariances
              SCORE_F
              ________
 SCORE_F        0.270


     ESTIMATED MODEL AND RESIDUALS (OBSERVED - ESTIMATED) FOR PATTERN 3 1


           Model Estimated Means
              SCORE_F
              ________
                9.084


           Residuals for Means
              SCORE_F
              ________
               -0.001


           Model Estimated Covariances
              SCORE_F
              ________
 SCORE_F        0.701


           Residuals for Covariances
              SCORE_F
              ________
 SCORE_F       -0.398


     ESTIMATED MODEL AND RESIDUALS (OBSERVED - ESTIMATED) FOR PATTERN 3 2


           Model Estimated Means
              SCORE_F
              ________
                8.874


           Residuals for Means
              SCORE_F
              ________
               -0.120


           Model Estimated Covariances
              SCORE_F
              ________
 SCORE_F        0.701


           Residuals for Covariances
              SCORE_F
              ________
 SCORE_F        0.131


     ESTIMATED MODEL AND RESIDUALS (OBSERVED - ESTIMATED) FOR PATTERN 3 3


           Model Estimated Means
              SCORE_F
              ________
                8.486


           Residuals for Means
              SCORE_F
              ________
               -0.008


           Model Estimated Covariances
              SCORE_F
              ________
 SCORE_F        0.701


           Residuals for Covariances
              SCORE_F
              ________
 SCORE_F        0.015


     ESTIMATED MODEL AND RESIDUALS (OBSERVED - ESTIMATED) FOR PATTERN 3 4


           Model Estimated Means
              SCORE_F
              ________
                8.241


           Residuals for Means
              SCORE_F
              ________
               -0.016


           Model Estimated Covariances
              SCORE_F
              ________
 SCORE_F        0.701


           Residuals for Covariances
              SCORE_F
              ________
 SCORE_F        0.044


     ESTIMATED MODEL AND RESIDUALS (OBSERVED - ESTIMATED) FOR PATTERN 4 1


           Model Estimated Means
              SCORE_F
              ________
                9.084


           Residuals for Means
              SCORE_F
              ________
                0.458


           Model Estimated Covariances
              SCORE_F
              ________
 SCORE_F        0.701


           Residuals for Covariances
              SCORE_F
              ________
 SCORE_F       -0.320


     ESTIMATED MODEL AND RESIDUALS (OBSERVED - ESTIMATED) FOR PATTERN 4 2


           Model Estimated Means
              SCORE_F
              ________
                8.874


           Residuals for Means
              SCORE_F
              ________
               -0.068


           Model Estimated Covariances
              SCORE_F
              ________
 SCORE_F        0.701


           Residuals for Covariances
              SCORE_F
              ________
 SCORE_F       -0.260


     ESTIMATED MODEL AND RESIDUALS (OBSERVED - ESTIMATED) FOR PATTERN 4 3


           Model Estimated Means
              SCORE_F
              ________
                8.486


           Residuals for Means
              SCORE_F
              ________
               -0.003


           Model Estimated Covariances
              SCORE_F
              ________
 SCORE_F        0.701


           Residuals for Covariances
              SCORE_F
              ________
 SCORE_F       -0.213


     ESTIMATED MODEL AND RESIDUALS (OBSERVED - ESTIMATED) FOR PATTERN 4 4


           Model Estimated Means
              SCORE_F
              ________
                8.241


           Residuals for Means
              SCORE_F
              ________
               -0.057


           Model Estimated Covariances
              SCORE_F
              ________
 SCORE_F        0.701


           Residuals for Covariances
              SCORE_F
              ________
 SCORE_F        0.055


     UNIVARIATE DISTRIBUTION FIT FOR PATTERN 1 1

     Variable          Observed      Estimated      Residual (Obs.-Est.)    Stand. Residual
     Y5
       Category 0        0.774          0.697                  0.077                1.125
       Category 1        0.220          0.297                 -0.077               -1.141
       Category 2        0.006          0.005                  0.001                0.070
       Category 3        0.000          0.000                  0.000                0.001
     Y6
       Category 0        0.707          0.718                 -0.011               -0.161
       Category 1        0.292          0.281                  0.011                0.164
       Category 2        0.001          0.001                  0.000               -0.036
       Category 3        0.000          0.000                  0.000                0.004


     UNIVARIATE DISTRIBUTION FIT FOR PATTERN 1 2

     Variable          Observed      Estimated      Residual (Obs.-Est.)    Stand. Residual
     Y5
       Category 0        0.697          0.697                  0.000               -0.002
       Category 1        0.299          0.297                  0.001                0.007
       Category 2        0.004          0.005                 -0.001               -0.028
       Category 3        0.000          0.000                  0.000                0.000
     Y6
       Category 0        0.021          0.020                  0.000                0.006
       Category 1        0.946          0.949                 -0.003               -0.027
       Category 2        0.024          0.025                 -0.001               -0.020
       Category 3        0.009          0.006                  0.003                0.108


     UNIVARIATE DISTRIBUTION FIT FOR PATTERN 1 3

     Variable          Observed      Estimated      Residual (Obs.-Est.)    Stand. Residual
     Y5
       Category 0        0.706          0.697                  0.009                0.049
       Category 1        0.289          0.297                 -0.009               -0.050
       Category 2        0.005          0.005                  0.000                0.003
       Category 3        0.000          0.000                  0.000                0.000
     Y6
       Category 0        0.004          0.004                  0.001                0.032
       Category 1        0.319          0.374                 -0.055               -0.298
       Category 2        0.627          0.584                  0.043                0.227
       Category 3        0.049          0.037                  0.012                0.160


     UNIVARIATE DISTRIBUTION FIT FOR PATTERN 1 4

     Variable          Observed      Estimated      Residual (Obs.-Est.)    Stand. Residual
     Y5
       Category 0        0.699          0.697                  0.002                0.004
       Category 1        0.296          0.297                 -0.002               -0.005
       Category 2        0.005          0.005                  0.000                0.000
       Category 3        0.000          0.000                  0.000                0.000
     Y6
       Category 0        0.000          0.000                  0.000                0.001
       Category 1        0.197          0.262                 -0.065               -0.176
       Category 2        0.066          0.060                  0.006                0.029
       Category 3        0.737          0.677                  0.059                0.151


     UNIVARIATE DISTRIBUTION FIT FOR PATTERN 2 1

     Variable          Observed      Estimated      Residual (Obs.-Est.)    Stand. Residual
     Y5
       Category 0        0.066          0.046                  0.020                0.000
       Category 1        0.883          0.920                 -0.036                0.000
       Category 2        0.039          0.026                  0.013                0.000
       Category 3        0.012          0.008                  0.003                0.000
     Y6
       Category 0        0.598          0.718                 -0.120                0.000
       Category 1        0.400          0.281                  0.119                0.000
       Category 2        0.001          0.001                  0.000                0.000
       Category 3        0.000          0.000                  0.000                0.000


     UNIVARIATE DISTRIBUTION FIT FOR PATTERN 2 2

     Variable          Observed      Estimated      Residual (Obs.-Est.)    Stand. Residual
     Y5
       Category 0        0.046          0.046                  0.000               -0.001
       Category 1        0.924          0.920                  0.004                0.122
       Category 2        0.022          0.026                 -0.004               -0.208
       Category 3        0.008          0.008                  0.000                0.004
     Y6
       Category 0        0.011          0.020                 -0.009               -0.507
       Category 1        0.961          0.949                  0.012                0.426
       Category 2        0.021          0.025                 -0.004               -0.197
       Category 3        0.007          0.006                  0.001                0.111


     UNIVARIATE DISTRIBUTION FIT FOR PATTERN 2 3

     Variable          Observed      Estimated      Residual (Obs.-Est.)    Stand. Residual
     Y5
       Category 0        0.047          0.046                  0.002                0.001
       Category 1        0.916          0.920                 -0.003               -0.001
       Category 2        0.028          0.026                  0.001                0.000
       Category 3        0.009          0.008                  0.000                0.000
     Y6
       Category 0        0.002          0.004                 -0.002               -0.002
       Category 1        0.401          0.374                  0.026                0.004
       Category 2        0.558          0.584                 -0.026               -0.004
       Category 3        0.039          0.037                  0.002                0.001


     UNIVARIATE DISTRIBUTION FIT FOR PATTERN 2 4

     Variable          Observed      Estimated      Residual (Obs.-Est.)    Stand. Residual
     Y5
       Category 0        0.046          0.046                  0.000                0.000
       Category 1        0.919          0.920                 -0.001                0.000
       Category 2        0.027          0.026                  0.000                0.000
       Category 3        0.008          0.008                  0.000                0.000
     Y6
       Category 0        0.000          0.000                  0.000                0.000
       Category 1        0.287          0.262                  0.025                0.008
       Category 2        0.059          0.060                 -0.002               -0.001
       Category 3        0.654          0.677                 -0.023               -0.007


     UNIVARIATE DISTRIBUTION FIT FOR PATTERN 3 1

     Variable          Observed      Estimated      Residual (Obs.-Est.)    Stand. Residual
     Y5
       Category 0        0.020          0.018                  0.002                0.017
       Category 1        0.257          0.347                 -0.090               -0.222
       Category 2        0.680          0.596                  0.084                0.201
       Category 3        0.043          0.039                  0.004                0.023
     Y6
       Category 0        0.763          0.718                  0.045                0.118
       Category 1        0.235          0.281                 -0.045               -0.118
       Category 2        0.001          0.001                  0.000                0.003
       Category 3        0.000          0.000                  0.000                0.000


     UNIVARIATE DISTRIBUTION FIT FOR PATTERN 3 2

     Variable          Observed      Estimated      Residual (Obs.-Est.)    Stand. Residual
     Y5
       Category 0        0.020          0.018                  0.002                0.000
       Category 1        0.384          0.347                  0.037                0.000
       Category 2        0.553          0.596                 -0.043                0.000
       Category 3        0.043          0.039                  0.004                0.000
     Y6
       Category 0        0.024          0.020                  0.003                0.000
       Category 1        0.939          0.949                 -0.010                0.000
       Category 2        0.030          0.025                  0.005                0.000
       Category 3        0.007          0.006                  0.001                0.000


     UNIVARIATE DISTRIBUTION FIT FOR PATTERN 3 3

     Variable          Observed      Estimated      Residual (Obs.-Est.)    Stand. Residual
     Y5
       Category 0        0.018          0.018                  0.000                0.011
       Category 1        0.337          0.347                 -0.010               -0.137
       Category 2        0.606          0.596                  0.010                0.125
       Category 3        0.039          0.039                  0.000                0.014
     Y6
       Category 0        0.003          0.004                 -0.001               -0.064
       Category 1        0.364          0.374                 -0.010               -0.136
       Category 2        0.595          0.584                  0.011                0.140
       Category 3        0.038          0.037                  0.000                0.004


     UNIVARIATE DISTRIBUTION FIT FOR PATTERN 3 4

     Variable          Observed      Estimated      Residual (Obs.-Est.)    Stand. Residual
     Y5
       Category 0        0.018          0.018                  0.000                0.001
       Category 1        0.344          0.347                 -0.003               -0.019
       Category 2        0.598          0.596                  0.002                0.018
       Category 3        0.039          0.039                  0.000                0.002
     Y6
       Category 0        0.000          0.000                  0.000               -0.001
       Category 1        0.283          0.262                  0.021                0.168
       Category 2        0.058          0.060                 -0.002               -0.035
       Category 3        0.659          0.677                 -0.018               -0.141


     UNIVARIATE DISTRIBUTION FIT FOR PATTERN 4 1

     Variable          Observed      Estimated      Residual (Obs.-Est.)    Stand. Residual
     Y5
       Category 0        0.000          0.000                  0.000                0.000
       Category 1        0.205          0.277                 -0.072               -0.280
       Category 2        0.039          0.034                  0.005                0.047
       Category 3        0.756          0.689                  0.067                0.253
     Y6
       Category 0        0.727          0.718                  0.009                0.036
       Category 1        0.272          0.281                 -0.009               -0.035
       Category 2        0.001          0.001                  0.000               -0.008
       Category 3        0.000          0.000                  0.000                0.000


     UNIVARIATE DISTRIBUTION FIT FOR PATTERN 4 2

     Variable          Observed      Estimated      Residual (Obs.-Est.)    Stand. Residual
     Y5
       Category 0        0.000          0.000                  0.000                0.000
       Category 1        0.278          0.277                  0.001                0.004
       Category 2        0.029          0.034                 -0.005               -0.034
       Category 3        0.693          0.689                  0.004                0.010
     Y6
       Category 0        0.016          0.020                 -0.004               -0.033
       Category 1        0.955          0.949                  0.006                0.031
       Category 2        0.023          0.025                 -0.002               -0.011
       Category 3        0.006          0.006                  0.000               -0.005


     UNIVARIATE DISTRIBUTION FIT FOR PATTERN 4 3

     Variable          Observed      Estimated      Residual (Obs.-Est.)    Stand. Residual
     Y5
       Category 0        0.000          0.000                  0.000                0.000
       Category 1        0.268          0.277                 -0.008               -0.044
       Category 2        0.035          0.034                  0.001                0.007
       Category 3        0.697          0.689                  0.008                0.040
     Y6
       Category 0        0.002          0.004                 -0.002               -0.081
       Category 1        0.380          0.374                  0.005                0.027
       Category 2        0.582          0.584                 -0.002               -0.012
       Category 3        0.036          0.037                 -0.001               -0.014


     UNIVARIATE DISTRIBUTION FIT FOR PATTERN 4 4

     Variable          Observed      Estimated      Residual (Obs.-Est.)    Stand. Residual
     Y5
       Category 0        0.000          0.000                  0.000                0.000
       Category 1        0.274          0.277                 -0.002               -0.016
       Category 2        0.034          0.034                  0.000                0.002
       Category 3        0.691          0.689                  0.002                0.014
     Y6
       Category 0        0.000          0.000                  0.000               -0.002
       Category 1        0.261          0.262                 -0.001               -0.010
       Category 2        0.060          0.060                 -0.001               -0.011
       Category 3        0.679          0.677                  0.002                0.015


TECHNICAL 1 OUTPUT


     PARAMETER SPECIFICATION FOR LATENT CLASS PATTERN 1 1


           NU
              SCORE_F
              ________
                    1


           THETA
              SCORE_F
              ________
 SCORE_F            2


     PARAMETER SPECIFICATION FOR LATENT CLASS PATTERN 1 2


           NU
              SCORE_F
              ________
                    3


           THETA
              SCORE_F
              ________
 SCORE_F            2


     PARAMETER SPECIFICATION FOR LATENT CLASS PATTERN 1 3


           NU
              SCORE_F
              ________
                    4


           THETA
              SCORE_F
              ________
 SCORE_F            2


     PARAMETER SPECIFICATION FOR LATENT CLASS PATTERN 1 4


           NU
              SCORE_F
              ________
                    5


           THETA
              SCORE_F
              ________
 SCORE_F            2


     PARAMETER SPECIFICATION FOR LATENT CLASS PATTERN 2 1


           NU
              SCORE_F
              ________
                    1


           THETA
              SCORE_F
              ________
 SCORE_F            2


     PARAMETER SPECIFICATION FOR LATENT CLASS PATTERN 2 2


           NU
              SCORE_F
              ________
                    3


           THETA
              SCORE_F
              ________
 SCORE_F            2


     PARAMETER SPECIFICATION FOR LATENT CLASS PATTERN 2 3


           NU
              SCORE_F
              ________
                    4


           THETA
              SCORE_F
              ________
 SCORE_F            2


     PARAMETER SPECIFICATION FOR LATENT CLASS PATTERN 2 4


           NU
              SCORE_F
              ________
                    5


           THETA
              SCORE_F
              ________
 SCORE_F            2


     PARAMETER SPECIFICATION FOR LATENT CLASS PATTERN 3 1


           NU
              SCORE_F
              ________
                    1


           THETA
              SCORE_F
              ________
 SCORE_F            2


     PARAMETER SPECIFICATION FOR LATENT CLASS PATTERN 3 2


           NU
              SCORE_F
              ________
                    3


           THETA
              SCORE_F
              ________
 SCORE_F            2


     PARAMETER SPECIFICATION FOR LATENT CLASS PATTERN 3 3


           NU
              SCORE_F
              ________
                    4


           THETA
              SCORE_F
              ________
 SCORE_F            2


     PARAMETER SPECIFICATION FOR LATENT CLASS PATTERN 3 4


           NU
              SCORE_F
              ________
                    5


           THETA
              SCORE_F
              ________
 SCORE_F            2


     PARAMETER SPECIFICATION FOR LATENT CLASS PATTERN 4 1


           NU
              SCORE_F
              ________
                    1


           THETA
              SCORE_F
              ________
 SCORE_F            2


     PARAMETER SPECIFICATION FOR LATENT CLASS PATTERN 4 2


           NU
              SCORE_F
              ________
                    3


           THETA
              SCORE_F
              ________
 SCORE_F            2


     PARAMETER SPECIFICATION FOR LATENT CLASS PATTERN 4 3


           NU
              SCORE_F
              ________
                    4


           THETA
              SCORE_F
              ________
 SCORE_F            2


     PARAMETER SPECIFICATION FOR LATENT CLASS PATTERN 4 4


           NU
              SCORE_F
              ________
                    5


           THETA
              SCORE_F
              ________
 SCORE_F            2


     PARAMETER SPECIFICATION FOR LATENT CLASS REGRESSION MODEL PART


           ALPHA(C)
              T5#1          T5#2          T5#3          T5#4          T6#1
              ________      ________      ________      ________      ________
                    6             7             8             0             9


           ALPHA(C)
              T6#2          T6#3          T6#4
              ________      ________      ________
                   10            11             0


           BETA(C)
              T5#1          T5#2          T5#3          T5#4
              ________      ________      ________      ________
 T6#1              12            15            18             0
 T6#2              13            16            19             0
 T6#3              14            17            20             0
 T6#4               0             0             0             0


     PARAMETER SPECIFICATION FOR THE CENSORED/NOMINAL/COUNT MODEL PART


           NU(P) FOR LATENT CLASS PATTERN 1 1
              Y5#1          Y5#2          Y5#3          Y6#1          Y6#2
              ________      ________      ________      ________      ________
                    0             0             0             0             0


           NU(P) FOR LATENT CLASS PATTERN 1 1
              Y6#3
              ________
                    0


           NU(P) FOR LATENT CLASS PATTERN 1 2
              Y5#1          Y5#2          Y5#3          Y6#1          Y6#2
              ________      ________      ________      ________      ________
                    0             0             0             0             0


           NU(P) FOR LATENT CLASS PATTERN 1 2
              Y6#3
              ________
                    0


           NU(P) FOR LATENT CLASS PATTERN 1 3
              Y5#1          Y5#2          Y5#3          Y6#1          Y6#2
              ________      ________      ________      ________      ________
                    0             0             0             0             0


           NU(P) FOR LATENT CLASS PATTERN 1 3
              Y6#3
              ________
                    0


           NU(P) FOR LATENT CLASS PATTERN 1 4
              Y5#1          Y5#2          Y5#3          Y6#1          Y6#2
              ________      ________      ________      ________      ________
                    0             0             0             0             0


           NU(P) FOR LATENT CLASS PATTERN 1 4
              Y6#3
              ________
                    0


           NU(P) FOR LATENT CLASS PATTERN 2 1
              Y5#1          Y5#2          Y5#3          Y6#1          Y6#2
              ________      ________      ________      ________      ________
                    0             0             0             0             0


           NU(P) FOR LATENT CLASS PATTERN 2 1
              Y6#3
              ________
                    0


           NU(P) FOR LATENT CLASS PATTERN 2 2
              Y5#1          Y5#2          Y5#3          Y6#1          Y6#2
              ________      ________      ________      ________      ________
                    0             0             0             0             0


           NU(P) FOR LATENT CLASS PATTERN 2 2
              Y6#3
              ________
                    0


           NU(P) FOR LATENT CLASS PATTERN 2 3
              Y5#1          Y5#2          Y5#3          Y6#1          Y6#2
              ________      ________      ________      ________      ________
                    0             0             0             0             0


           NU(P) FOR LATENT CLASS PATTERN 2 3
              Y6#3
              ________
                    0


           NU(P) FOR LATENT CLASS PATTERN 2 4
              Y5#1          Y5#2          Y5#3          Y6#1          Y6#2
              ________      ________      ________      ________      ________
                    0             0             0             0             0


           NU(P) FOR LATENT CLASS PATTERN 2 4
              Y6#3
              ________
                    0


           NU(P) FOR LATENT CLASS PATTERN 3 1
              Y5#1          Y5#2          Y5#3          Y6#1          Y6#2
              ________      ________      ________      ________      ________
                    0             0             0             0             0


           NU(P) FOR LATENT CLASS PATTERN 3 1
              Y6#3
              ________
                    0


           NU(P) FOR LATENT CLASS PATTERN 3 2
              Y5#1          Y5#2          Y5#3          Y6#1          Y6#2
              ________      ________      ________      ________      ________
                    0             0             0             0             0


           NU(P) FOR LATENT CLASS PATTERN 3 2
              Y6#3
              ________
                    0


           NU(P) FOR LATENT CLASS PATTERN 3 3
              Y5#1          Y5#2          Y5#3          Y6#1          Y6#2
              ________      ________      ________      ________      ________
                    0             0             0             0             0


           NU(P) FOR LATENT CLASS PATTERN 3 3
              Y6#3
              ________
                    0


           NU(P) FOR LATENT CLASS PATTERN 3 4
              Y5#1          Y5#2          Y5#3          Y6#1          Y6#2
              ________      ________      ________      ________      ________
                    0             0             0             0             0


           NU(P) FOR LATENT CLASS PATTERN 3 4
              Y6#3
              ________
                    0


           NU(P) FOR LATENT CLASS PATTERN 4 1
              Y5#1          Y5#2          Y5#3          Y6#1          Y6#2
              ________      ________      ________      ________      ________
                    0             0             0             0             0


           NU(P) FOR LATENT CLASS PATTERN 4 1
              Y6#3
              ________
                    0


           NU(P) FOR LATENT CLASS PATTERN 4 2
              Y5#1          Y5#2          Y5#3          Y6#1          Y6#2
              ________      ________      ________      ________      ________
                    0             0             0             0             0


           NU(P) FOR LATENT CLASS PATTERN 4 2
              Y6#3
              ________
                    0


           NU(P) FOR LATENT CLASS PATTERN 4 3
              Y5#1          Y5#2          Y5#3          Y6#1          Y6#2
              ________      ________      ________      ________      ________
                    0             0             0             0             0


           NU(P) FOR LATENT CLASS PATTERN 4 3
              Y6#3
              ________
                    0


           NU(P) FOR LATENT CLASS PATTERN 4 4
              Y5#1          Y5#2          Y5#3          Y6#1          Y6#2
              ________      ________      ________      ________      ________
                    0             0             0             0             0


           NU(P) FOR LATENT CLASS PATTERN 4 4
              Y6#3
              ________
                    0


     PARAMETER SPECIFICATION FOR THE ADDITIONAL PARAMETERS


           NEW/ADDITIONAL PARAMETERS
              Y12           Y13           Y14           Y23           Y24
              ________      ________      ________      ________      ________
                   21            22            23            24            25


           NEW/ADDITIONAL PARAMETERS
              Y34           T1            T2            T3            T4
              ________      ________      ________      ________      ________
                   26            27            28            29            30


     STARTING VALUES FOR LATENT CLASS PATTERN 1 1


           NU
              SCORE_F
              ________
                8.525


           THETA
              SCORE_F
              ________
 SCORE_F        0.392


     STARTING VALUES FOR LATENT CLASS PATTERN 1 2


           NU
              SCORE_F
              ________
                8.747


           THETA
              SCORE_F
              ________
 SCORE_F        0.392


     STARTING VALUES FOR LATENT CLASS PATTERN 1 3


           NU
              SCORE_F
              ________
                8.747


           THETA
              SCORE_F
              ________
 SCORE_F        0.392


     STARTING VALUES FOR LATENT CLASS PATTERN 1 4


           NU
              SCORE_F
              ________
                8.968


           THETA
              SCORE_F
              ________
 SCORE_F        0.392


     STARTING VALUES FOR LATENT CLASS PATTERN 2 1


           NU
              SCORE_F
              ________
                8.525


           THETA
              SCORE_F
              ________
 SCORE_F        0.392


     STARTING VALUES FOR LATENT CLASS PATTERN 2 2


           NU
              SCORE_F
              ________
                8.747


           THETA
              SCORE_F
              ________
 SCORE_F        0.392


     STARTING VALUES FOR LATENT CLASS PATTERN 2 3


           NU
              SCORE_F
              ________
                8.747


           THETA
              SCORE_F
              ________
 SCORE_F        0.392


     STARTING VALUES FOR LATENT CLASS PATTERN 2 4


           NU
              SCORE_F
              ________
                8.968


           THETA
              SCORE_F
              ________
 SCORE_F        0.392


     STARTING VALUES FOR LATENT CLASS PATTERN 3 1


           NU
              SCORE_F
              ________
                8.525


           THETA
              SCORE_F
              ________
 SCORE_F        0.392


     STARTING VALUES FOR LATENT CLASS PATTERN 3 2


           NU
              SCORE_F
              ________
                8.747


           THETA
              SCORE_F
              ________
 SCORE_F        0.392


     STARTING VALUES FOR LATENT CLASS PATTERN 3 3


           NU
              SCORE_F
              ________
                8.747


           THETA
              SCORE_F
              ________
 SCORE_F        0.392


     STARTING VALUES FOR LATENT CLASS PATTERN 3 4


           NU
              SCORE_F
              ________
                8.968


           THETA
              SCORE_F
              ________
 SCORE_F        0.392


     STARTING VALUES FOR LATENT CLASS PATTERN 4 1


           NU
              SCORE_F
              ________
                8.525


           THETA
              SCORE_F
              ________
 SCORE_F        0.392


     STARTING VALUES FOR LATENT CLASS PATTERN 4 2


           NU
              SCORE_F
              ________
                8.747


           THETA
              SCORE_F
              ________
 SCORE_F        0.392


     STARTING VALUES FOR LATENT CLASS PATTERN 4 3


           NU
              SCORE_F
              ________
                8.747


           THETA
              SCORE_F
              ________
 SCORE_F        0.392


     STARTING VALUES FOR LATENT CLASS PATTERN 4 4


           NU
              SCORE_F
              ________
                8.968


           THETA
              SCORE_F
              ________
 SCORE_F        0.392


     STARTING VALUES FOR LATENT CLASS REGRESSION MODEL PART


           ALPHA(C)
              T5#1          T5#2          T5#3          T5#4          T6#1
              ________      ________      ________      ________      ________
                0.000         0.000         0.000         0.000         0.000


           ALPHA(C)
              T6#2          T6#3          T6#4
              ________      ________      ________
                0.000         0.000         0.000


           BETA(C)
              T5#1          T5#2          T5#3          T5#4
              ________      ________      ________      ________
 T6#1           0.000         0.000         0.000         0.000
 T6#2           0.000         0.000         0.000         0.000
 T6#3           0.000         0.000         0.000         0.000
 T6#4           0.000         0.000         0.000         0.000


     STARTING VALUES FOR THE CENSORED/NOMINAL/COUNT MODEL PART


           NU(P) FOR LATENT CLASS PATTERN 1 1
              Y5#1          Y5#2          Y5#3          Y6#1          Y6#2
              ________      ________      ________      ________      ________
               13.455        12.603         8.579        13.484        12.545


           NU(P) FOR LATENT CLASS PATTERN 1 1
              Y6#3
              ________
                7.120


           NU(P) FOR LATENT CLASS PATTERN 1 2
              Y5#1          Y5#2          Y5#3          Y6#1          Y6#2
              ________      ________      ________      ________      ________
               13.455        12.603         8.579         1.236         5.078


           NU(P) FOR LATENT CLASS PATTERN 1 2
              Y6#3
              ________
                1.438


           NU(P) FOR LATENT CLASS PATTERN 1 3
              Y5#1          Y5#2          Y5#3          Y6#1          Y6#2
              ________      ________      ________      ________      ________
               13.455        12.603         8.579        -2.315         2.302


           NU(P) FOR LATENT CLASS PATTERN 1 3
              Y6#3
              ________
                2.747


           NU(P) FOR LATENT CLASS PATTERN 1 4
              Y5#1          Y5#2          Y5#3          Y6#1          Y6#2
              ________      ________      ________      ________      ________
               13.455        12.603         8.579       -13.426        -0.948


           NU(P) FOR LATENT CLASS PATTERN 1 4
              Y6#3
              ________
               -2.417


           NU(P) FOR LATENT CLASS PATTERN 2 1
              Y5#1          Y5#2          Y5#3          Y6#1          Y6#2
              ________      ________      ________      ________      ________
                1.710         4.713         1.162        13.484        12.545


           NU(P) FOR LATENT CLASS PATTERN 2 1
              Y6#3
              ________
                7.120


           NU(P) FOR LATENT CLASS PATTERN 2 2
              Y5#1          Y5#2          Y5#3          Y6#1          Y6#2
              ________      ________      ________      ________      ________
                1.710         4.713         1.162         1.236         5.078


           NU(P) FOR LATENT CLASS PATTERN 2 2
              Y6#3
              ________
                1.438


           NU(P) FOR LATENT CLASS PATTERN 2 3
              Y5#1          Y5#2          Y5#3          Y6#1          Y6#2
              ________      ________      ________      ________      ________
                1.710         4.713         1.162        -2.315         2.302


           NU(P) FOR LATENT CLASS PATTERN 2 3
              Y6#3
              ________
                2.747


           NU(P) FOR LATENT CLASS PATTERN 2 4
              Y5#1          Y5#2          Y5#3          Y6#1          Y6#2
              ________      ________      ________      ________      ________
                1.710         4.713         1.162       -13.426        -0.948


           NU(P) FOR LATENT CLASS PATTERN 2 4
              Y6#3
              ________
               -2.417


           NU(P) FOR LATENT CLASS PATTERN 3 1
              Y5#1          Y5#2          Y5#3          Y6#1          Y6#2
              ________      ________      ________      ________      ________
               -0.779         2.185         2.726        13.484        12.545


           NU(P) FOR LATENT CLASS PATTERN 3 1
              Y6#3
              ________
                7.120


           NU(P) FOR LATENT CLASS PATTERN 3 2
              Y5#1          Y5#2          Y5#3          Y6#1          Y6#2
              ________      ________      ________      ________      ________
               -0.779         2.185         2.726         1.236         5.078


           NU(P) FOR LATENT CLASS PATTERN 3 2
              Y6#3
              ________
                1.438


           NU(P) FOR LATENT CLASS PATTERN 3 3
              Y5#1          Y5#2          Y5#3          Y6#1          Y6#2
              ________      ________      ________      ________      ________
               -0.779         2.185         2.726        -2.315         2.302


           NU(P) FOR LATENT CLASS PATTERN 3 3
              Y6#3
              ________
                2.747


           NU(P) FOR LATENT CLASS PATTERN 3 4
              Y5#1          Y5#2          Y5#3          Y6#1          Y6#2
              ________      ________      ________      ________      ________
               -0.779         2.185         2.726       -13.426        -0.948


           NU(P) FOR LATENT CLASS PATTERN 3 4
              Y6#3
              ________
               -2.417


           NU(P) FOR LATENT CLASS PATTERN 4 1
              Y5#1          Y5#2          Y5#3          Y6#1          Y6#2
              ________      ________      ________      ________      ________
              -13.443        -0.913        -2.999        13.484        12.545


           NU(P) FOR LATENT CLASS PATTERN 4 1
              Y6#3
              ________
                7.120


           NU(P) FOR LATENT CLASS PATTERN 4 2
              Y5#1          Y5#2          Y5#3          Y6#1          Y6#2
              ________      ________      ________      ________      ________
              -13.443        -0.913        -2.999         1.236         5.078


           NU(P) FOR LATENT CLASS PATTERN 4 2
              Y6#3
              ________
                1.438


           NU(P) FOR LATENT CLASS PATTERN 4 3
              Y5#1          Y5#2          Y5#3          Y6#1          Y6#2
              ________      ________      ________      ________      ________
              -13.443        -0.913        -2.999        -2.315         2.302


           NU(P) FOR LATENT CLASS PATTERN 4 3
              Y6#3
              ________
                2.747


           NU(P) FOR LATENT CLASS PATTERN 4 4
              Y5#1          Y5#2          Y5#3          Y6#1          Y6#2
              ________      ________      ________      ________      ________
              -13.443        -0.913        -2.999       -13.426        -0.948


           NU(P) FOR LATENT CLASS PATTERN 4 4
              Y6#3
              ________
               -2.417


     STARTING VALUES FOR THE ADDITIONAL PARAMETERS


           NEW/ADDITIONAL PARAMETERS
              Y12           Y13           Y14           Y23           Y24
              ________      ________      ________      ________      ________
                0.500         0.500         0.500         0.500         0.500


           NEW/ADDITIONAL PARAMETERS
              Y34           T1            T2            T3            T4
              ________      ________      ________      ________      ________
                0.500         0.500         0.500         0.500         0.500


TECHNICAL 7 OUTPUT


     SAMPLE STATISTICS WEIGHTED BY ESTIMATED CLASS PROBABILITIES FOR PATTERN 1 1


           Means
              SCORE_F
              ________
                9.062


           Covariances
              SCORE_F
              ________
 SCORE_F        0.753


     SAMPLE STATISTICS WEIGHTED BY ESTIMATED CLASS PROBABILITIES FOR PATTERN 1 2


           Means
              SCORE_F
              ________
                9.038


           Covariances
              SCORE_F
              ________
 SCORE_F        0.365


     SAMPLE STATISTICS WEIGHTED BY ESTIMATED CLASS PROBABILITIES FOR PATTERN 1 3


           Means
              SCORE_F
              ________
                8.538


           Covariances
              SCORE_F
              ________
 SCORE_F        0.465


     SAMPLE STATISTICS WEIGHTED BY ESTIMATED CLASS PROBABILITIES FOR PATTERN 1 4


           Means
              SCORE_F
              ________
                8.739


           Covariances
              SCORE_F
              ________
 SCORE_F        0.465


     SAMPLE STATISTICS WEIGHTED BY ESTIMATED CLASS PROBABILITIES FOR PATTERN 2 1


           Means
              SCORE_F
              ________
                9.145


           Covariances
              SCORE_F
              ________
 SCORE_F        0.407


     SAMPLE STATISTICS WEIGHTED BY ESTIMATED CLASS PROBABILITIES FOR PATTERN 2 2


           Means
              SCORE_F
              ________
                8.860


           Covariances
              SCORE_F
              ________
 SCORE_F        0.720


     SAMPLE STATISTICS WEIGHTED BY ESTIMATED CLASS PROBABILITIES FOR PATTERN 2 3


           Means
              SCORE_F
              ________
                8.382


           Covariances
              SCORE_F
              ________
 SCORE_F        0.765


     SAMPLE STATISTICS WEIGHTED BY ESTIMATED CLASS PROBABILITIES FOR PATTERN 2 4


           Means
              SCORE_F
              ________
                8.257


           Covariances
              SCORE_F
              ________
 SCORE_F        0.971


     SAMPLE STATISTICS WEIGHTED BY ESTIMATED CLASS PROBABILITIES FOR PATTERN 3 1


           Means
              SCORE_F
              ________
                9.083


           Covariances
              SCORE_F
              ________
 SCORE_F        0.304


     SAMPLE STATISTICS WEIGHTED BY ESTIMATED CLASS PROBABILITIES FOR PATTERN 3 2


           Means
              SCORE_F
              ________
                8.754


           Covariances
              SCORE_F
              ________
 SCORE_F        0.833


     SAMPLE STATISTICS WEIGHTED BY ESTIMATED CLASS PROBABILITIES FOR PATTERN 3 3


           Means
              SCORE_F
              ________
                8.478


           Covariances
              SCORE_F
              ________
 SCORE_F        0.716


     SAMPLE STATISTICS WEIGHTED BY ESTIMATED CLASS PROBABILITIES FOR PATTERN 3 4


           Means
              SCORE_F
              ________
                8.225


           Covariances
              SCORE_F
              ________
 SCORE_F        0.745


     SAMPLE STATISTICS WEIGHTED BY ESTIMATED CLASS PROBABILITIES FOR PATTERN 4 1


           Means
              SCORE_F
              ________
                9.542


           Covariances
              SCORE_F
              ________
 SCORE_F        0.381


     SAMPLE STATISTICS WEIGHTED BY ESTIMATED CLASS PROBABILITIES FOR PATTERN 4 2


           Means
              SCORE_F
              ________
                8.806


           Covariances
              SCORE_F
              ________
 SCORE_F        0.441


     SAMPLE STATISTICS WEIGHTED BY ESTIMATED CLASS PROBABILITIES FOR PATTERN 4 3


           Means
              SCORE_F
              ________
                8.484


           Covariances
              SCORE_F
              ________
 SCORE_F        0.488


     SAMPLE STATISTICS WEIGHTED BY ESTIMATED CLASS PROBABILITIES FOR PATTERN 4 4


           Means
              SCORE_F
              ________
                8.184


           Covariances
              SCORE_F
              ________
 SCORE_F        0.756


     UNIVARIATE SAMPLE DISTRIBUTIONS FOR PATTERN 1 1

     Variable
     Y5
       Category 1        0.774
       Category 2        0.220
       Category 3        0.006
       Category 4        0.000
     Y6
       Category 1        0.707
       Category 2        0.292
       Category 3        0.001
       Category 4        0.000


     UNIVARIATE SAMPLE DISTRIBUTIONS FOR PATTERN 1 2

     Variable
     Y5
       Category 1        0.697
       Category 2        0.299
       Category 3        0.004
       Category 4        0.000
     Y6
       Category 1        0.021
       Category 2        0.946
       Category 3        0.024
       Category 4        0.009


     UNIVARIATE SAMPLE DISTRIBUTIONS FOR PATTERN 1 3

     Variable
     Y5
       Category 1        0.706
       Category 2        0.289
       Category 3        0.005
       Category 4        0.000
     Y6
       Category 1        0.004
       Category 2        0.319
       Category 3        0.627
       Category 4        0.049


     UNIVARIATE SAMPLE DISTRIBUTIONS FOR PATTERN 1 4

     Variable
     Y5
       Category 1        0.699
       Category 2        0.296
       Category 3        0.005
       Category 4        0.000
     Y6
       Category 1        0.000
       Category 2        0.197
       Category 3        0.066
       Category 4        0.737


     UNIVARIATE SAMPLE DISTRIBUTIONS FOR PATTERN 2 1

     Variable
     Y5
       Category 1        0.066
       Category 2        0.883
       Category 3        0.039
       Category 4        0.012
     Y6
       Category 1        0.598
       Category 2        0.400
       Category 3        0.001
       Category 4        0.000


     UNIVARIATE SAMPLE DISTRIBUTIONS FOR PATTERN 2 2

     Variable
     Y5
       Category 1        0.046
       Category 2        0.924
       Category 3        0.022
       Category 4        0.008
     Y6
       Category 1        0.011
       Category 2        0.961
       Category 3        0.021
       Category 4        0.007


     UNIVARIATE SAMPLE DISTRIBUTIONS FOR PATTERN 2 3

     Variable
     Y5
       Category 1        0.047
       Category 2        0.916
       Category 3        0.028
       Category 4        0.009
     Y6
       Category 1        0.002
       Category 2        0.401
       Category 3        0.558
       Category 4        0.039


     UNIVARIATE SAMPLE DISTRIBUTIONS FOR PATTERN 2 4

     Variable
     Y5
       Category 1        0.046
       Category 2        0.919
       Category 3        0.027
       Category 4        0.008
     Y6
       Category 1        0.000
       Category 2        0.287
       Category 3        0.059
       Category 4        0.654


     UNIVARIATE SAMPLE DISTRIBUTIONS FOR PATTERN 3 1

     Variable
     Y5
       Category 1        0.020
       Category 2        0.257
       Category 3        0.680
       Category 4        0.043
     Y6
       Category 1        0.763
       Category 2        0.235
       Category 3        0.001
       Category 4        0.000


     UNIVARIATE SAMPLE DISTRIBUTIONS FOR PATTERN 3 2

     Variable
     Y5
       Category 1        0.020
       Category 2        0.384
       Category 3        0.553
       Category 4        0.043
     Y6
       Category 1        0.024
       Category 2        0.939
       Category 3        0.030
       Category 4        0.007


     UNIVARIATE SAMPLE DISTRIBUTIONS FOR PATTERN 3 3

     Variable
     Y5
       Category 1        0.018
       Category 2        0.337
       Category 3        0.606
       Category 4        0.039
     Y6
       Category 1        0.003
       Category 2        0.364
       Category 3        0.595
       Category 4        0.038


     UNIVARIATE SAMPLE DISTRIBUTIONS FOR PATTERN 3 4

     Variable
     Y5
       Category 1        0.018
       Category 2        0.344
       Category 3        0.598
       Category 4        0.039
     Y6
       Category 1        0.000
       Category 2        0.283
       Category 3        0.058
       Category 4        0.659


     UNIVARIATE SAMPLE DISTRIBUTIONS FOR PATTERN 4 1

     Variable
     Y5
       Category 1        0.000
       Category 2        0.205
       Category 3        0.039
       Category 4        0.756
     Y6
       Category 1        0.727
       Category 2        0.272
       Category 3        0.001
       Category 4        0.000


     UNIVARIATE SAMPLE DISTRIBUTIONS FOR PATTERN 4 2

     Variable
     Y5
       Category 1        0.000
       Category 2        0.278
       Category 3        0.029
       Category 4        0.693
     Y6
       Category 1        0.016
       Category 2        0.955
       Category 3        0.023
       Category 4        0.006


     UNIVARIATE SAMPLE DISTRIBUTIONS FOR PATTERN 4 3

     Variable
     Y5
       Category 1        0.000
       Category 2        0.268
       Category 3        0.035
       Category 4        0.697
     Y6
       Category 1        0.002
       Category 2        0.380
       Category 3        0.582
       Category 4        0.036


     UNIVARIATE SAMPLE DISTRIBUTIONS FOR PATTERN 4 4

     Variable
     Y5
       Category 1        0.000
       Category 2        0.274
       Category 3        0.034
       Category 4        0.691
     Y6
       Category 1        0.000
       Category 2        0.261
       Category 3        0.060
       Category 4        0.679


TECHNICAL 15 OUTPUT


     ESTIMATED CONDITIONAL PROBABILITIES FOR THE LATENT CLASS VARIABLES

     P(T5=1)=0.298
     P(T5=2)=0.317
     P(T5=3)=0.276
     P(T5=4)=0.109


     P(T6=1|T5=1)=0.765
     P(T6=2|T5=1)=0.097
     P(T6=3|T5=1)=0.114
     P(T6=4|T5=1)=0.024


     P(T6=1|T5=2)=0.000
     P(T6=2|T5=2)=1.000
     P(T6=3|T5=2)=0.000
     P(T6=4|T5=2)=0.000


     P(T6=1|T5=3)=0.025
     P(T6=2|T5=3)=0.000
     P(T6=3|T5=3)=0.745
     P(T6=4|T5=3)=0.230


     P(T6=1|T5=4)=0.140
     P(T6=2|T5=4)=0.060
     P(T6=3|T5=4)=0.277
     P(T6=4|T5=4)=0.523


     ESTIMATED MARGINAL PROBABILITIES FOR THE LATENT CLASS VARIABLES

     P(T6=1)=0.250
     P(T6=2)=0.352
     P(T6=3)=0.270
     P(T6=4)=0.128



FINAL CLASS COUNTS AND PROPORTIONS FOR THE LATENT CLASSES
BASED ON THE ESTIMATED MODEL

  Latent Class
    Pattern

    1  1         45.59071          0.22795
    1  2          5.78902          0.02895
    1  3          6.82347          0.03412
    1  4          1.40323          0.00702
    2  1          0.00000          0.00000
    2  2         63.30224          0.31651
    2  3          0.00507          0.00003
    2  4          0.02288          0.00011
    3  1          1.36688          0.00683
    3  2          0.00000          0.00000
    3  3         41.20352          0.20602
    3  4         12.70527          0.06353
    4  1          3.04700          0.01524
    4  2          1.31383          0.00657
    4  3          6.03058          0.03015
    4  4         11.39631          0.05698


FINAL CLASS COUNTS AND PROPORTIONS FOR THE LATENT CLASSES
BASED ON ESTIMATED POSTERIOR PROBABILITIES

  Latent Class
    Pattern

    1  1         45.59229          0.22796
    1  2          5.78954          0.02895
    1  3          6.82299          0.03411
    1  4          1.40160          0.00701
    2  1          0.00000          0.00000
    2  2         63.30100          0.31651
    2  3          0.00493          0.00002
    2  4          0.02274          0.00011
    3  1          1.36710          0.00684
    3  2          0.00000          0.00000
    3  3         41.19905          0.20600
    3  4         12.70831          0.06354
    4  1          3.04721          0.01524
    4  2          1.31310          0.00657
    4  3          6.02941          0.03015
    4  4         11.40072          0.05700


FINAL CLASS COUNTS AND PROPORTIONS FOR EACH LATENT CLASS VARIABLE
BASED ON ESTIMATED POSTERIOR PROBABILITIES

  Latent Class
    Variable    Class

    T5             1        59.60642          0.29803
                   2        63.32867          0.31664
                   3        55.27446          0.27637
                   4        21.79044          0.10895
    T6             1        50.00659          0.25003
                   2        70.40364          0.35202
                   3        54.05639          0.27028
                   4        25.53337          0.12767


FINAL CLASS COUNTS AND PROPORTIONS FOR THE LATENT CLASSES
BASED ON THEIR MOST LIKELY LATENT CLASS PATTERN

Class Counts and Proportions

  Latent Class
    Pattern

    1  1               50          0.25000
    1  2                0          0.00000
    1  3                3          0.01500
    1  4                1          0.00500
    2  1                0          0.00000
    2  2               78          0.39000
    2  3                0          0.00000
    2  4                0          0.00000
    3  1                1          0.00500
    3  2                0          0.00000
    3  3               39          0.19500
    3  4               10          0.05000
    4  1                1          0.00500
    4  2                0          0.00000
    4  3                4          0.02000
    4  4               13          0.06500


FINAL CLASS COUNTS AND PROPORTIONS FOR EACH LATENT CLASS VARIABLE
BASED ON THEIR MOST LIKELY LATENT CLASS PATTERN

  Latent Class
    Variable    Class

    T5             1              54          0.27000
                   2              78          0.39000
                   3              50          0.25000
                   4              18          0.09000
    T6             1              52          0.26000
                   2              78          0.39000
                   3              46          0.23000
                   4              24          0.12000


DIAGRAM INFORMATION

  Mplus diagrams are currently not available for Mixture analysis.
  No diagram output was produced.


     Beginning Time:  10:54:12
        Ending Time:  10:54:12
       Elapsed Time:  00:00:00



MUTHEN & MUTHEN
3463 Stoner Ave.
Los Angeles, CA  90066

Tel: (310) 391-9971
Fax: (310) 391-8971
Web: www.StatModel.com
Support: Support@StatModel.com

Copyright (c) 1998-2021 Muthen & Muthen
